[ 2016-05-03T18:24:33+08:00 ] ::1 /house/
INFO: [ app_init ] --START--
INFO: Run Behavior\BuildLiteBehavior [ RunTime:0.000019s ]
INFO: [ app_init ] --END-- [ RunTime:0.005379s ]
INFO: [ app_begin ] --START--
INFO: Run Behavior\ReadHtmlCacheBehavior [ RunTime:0.001439s ]
INFO: [ app_begin ] --END-- [ RunTime:0.001616s ]

[ 2016-05-03T18:24:33+08:00 ] ::1 /house/index.php/Home/Index/login.html
INFO: [ app_init ] --START--
INFO: Run Behavior\BuildLiteBehavior [ RunTime:0.000015s ]
INFO: [ app_init ] --END-- [ RunTime:0.000308s ]
INFO: [ app_begin ] --START--
INFO: Run Behavior\ReadHtmlCacheBehavior [ RunTime:0.000393s ]
INFO: [ app_begin ] --END-- [ RunTime:0.000448s ]
INFO: [ view_parse ] --START--
INFO: [ template_filter ] --START--
INFO: Run Behavior\ContentReplaceBehavior [ RunTime:0.000060s ]
INFO: [ template_filter ] --END-- [ RunTime:0.000175s ]
INFO: Run Behavior\ParseTemplateBehavior [ RunTime:0.005942s ]
INFO: [ view_parse ] --END-- [ RunTime:0.005998s ]
INFO: [ view_filter ] --START--
INFO: Run Behavior\WriteHtmlCacheBehavior [ RunTime:0.000294s ]
INFO: [ view_filter ] --END-- [ RunTime:0.000346s ]
INFO: [ app_end ] --START--
INFO: Run Behavior\ShowPageTraceBehavior [ RunTime:0.000403s ]
INFO: [ app_end ] --END-- [ RunTime:0.000446s ]

[ 2016-05-03T18:24:33+08:00 ] ::1 /house/index.php/Home/Index/assets/js/jquery-1.8.2.min.js
INFO: [ app_init ] --START--
INFO: Run Behavior\BuildLiteBehavior [ RunTime:0.000080s ]
INFO: [ app_init ] --END-- [ RunTime:0.001081s ]
INFO: [ app_begin ] --START--
INFO: Run Behavior\ReadHtmlCacheBehavior [ RunTime:0.001364s ]
INFO: [ app_begin ] --END-- [ RunTime:0.001535s ]
ERR: 非法操作:assets

[ 2016-05-03T18:24:33+08:00 ] ::1 /house/index.php/Home/Index/assets/js/supersized.3.2.7.min.js
INFO: [ app_init ] --START--
INFO: Run Behavior\BuildLiteBehavior [ RunTime:0.000024s ]
INFO: [ app_init ] --END-- [ RunTime:0.000477s ]
INFO: [ app_begin ] --START--
INFO: Run Behavior\ReadHtmlCacheBehavior [ RunTime:0.000885s ]
INFO: [ app_begin ] --END-- [ RunTime:0.000980s ]
ERR: 非法操作:assets

[ 2016-05-03T18:24:33+08:00 ] ::1 /house/index.php/Home/Index/assets/js/supersized-init.js
INFO: [ app_init ] --START--
INFO: Run Behavior\BuildLiteBehavior [ RunTime:0.000017s ]
INFO: [ app_init ] --END-- [ RunTime:0.000414s ]
INFO: [ app_begin ] --START--
INFO: Run Behavior\ReadHtmlCacheBehavior [ RunTime:0.000594s ]
INFO: [ app_begin ] --END-- [ RunTime:0.000665s ]
ERR: 非法操作:assets

[ 2016-05-03T18:24:33+08:00 ] ::1 /house/index.php/Home/Index/assets/js/scripts.js
INFO: [ app_init ] --START--
INFO: Run Behavior\BuildLiteBehavior [ RunTime:0.000023s ]
INFO: [ app_init ] --END-- [ RunTime:0.000384s ]
INFO: [ app_begin ] --START--
INFO: Run Behavior\ReadHtmlCacheBehavior [ RunTime:0.001837s ]
INFO: [ app_begin ] --END-- [ RunTime:0.002019s ]
ERR: 非法操作:assets

[ 2016-05-03T18:24:33+08:00 ] ::1 /house/index.php/Home/Index/assets/js/supersized.3.2.7.min.js
INFO: [ app_init ] --START--
INFO: Run Behavior\BuildLiteBehavior [ RunTime:0.000016s ]
INFO: [ app_init ] --END-- [ RunTime:0.000350s ]
INFO: [ app_begin ] --START--
INFO: Run Behavior\ReadHtmlCacheBehavior [ RunTime:0.000347s ]
INFO: [ app_begin ] --END-- [ RunTime:0.000395s ]
ERR: 非法操作:assets

[ 2016-05-03T18:24:33+08:00 ] ::1 /house/index.php/Home/Index/assets/js/supersized-init.js
INFO: [ app_init ] --START--
INFO: Run Behavior\BuildLiteBehavior [ RunTime:0.000014s ]
INFO: [ app_init ] --END-- [ RunTime:0.000316s ]
INFO: [ app_begin ] --START--
INFO: Run Behavior\ReadHtmlCacheBehavior [ RunTime:0.000415s ]
INFO: [ app_begin ] --END-- [ RunTime:0.000475s ]
ERR: 非法操作:assets

[ 2016-05-03T18:24:33+08:00 ] ::1 /house/index.php/Home/Index/assets/js/scripts.js
INFO: [ app_init ] --START--
INFO: Run Behavior\BuildLiteBehavior [ RunTime:0.000016s ]
INFO: [ app_init ] --END-- [ RunTime:0.000293s ]
INFO: [ app_begin ] --START--
INFO: Run Behavior\ReadHtmlCacheBehavior [ RunTime:0.000381s ]
INFO: [ app_begin ] --END-- [ RunTime:0.000435s ]
ERR: 非法操作:assets

[ 2016-05-03T18:24:38+08:00 ] ::1 /house/index.php/Home/Login/index
INFO: [ app_init ] --START--
INFO: Run Behavior\BuildLiteBehavior [ RunTime:0.000020s ]
INFO: [ app_init ] --END-- [ RunTime:0.000468s ]
INFO: [ app_begin ] --START--
INFO: Run Behavior\ReadHtmlCacheBehavior [ RunTime:0.000492s ]
INFO: [ app_begin ] --END-- [ RunTime:0.000555s ]
SQL: SHOW COLUMNS FROM `user` [ RunTime:0.1317s ]
SQL: SELECT * FROM `user` WHERE `account` = 'admin' AND `password` = 'admin'  [ RunTime:0.0183s ]
NOTIC: [8] Use of undefined constant root - assumed 'root' H:\Demo\house\Application\Home\Controller\LoginController.class.php 第 19 行.
NOTIC: [8] Use of undefined constant name - assumed 'name' H:\Demo\house\Application\Home\Controller\LoginController.class.php 第 21 行.
SQL: SHOW COLUMNS FROM `log` [ RunTime:0.0272s ]
SQL: INSERT INTO `log` (`ip`,`name`,`operation`,`data`) VALUES ('0.0.0.0','','登陆','登陆成功') [ RunTime:0.0448s ]
INFO: [ view_parse ] --START--
INFO: [ template_filter ] --START--
INFO: Run Behavior\ContentReplaceBehavior [ RunTime:0.000046s ]
INFO: [ template_filter ] --END-- [ RunTime:0.000110s ]
INFO: Run Behavior\ParseTemplateBehavior [ RunTime:0.026909s ]
INFO: [ view_parse ] --END-- [ RunTime:0.027074s ]
INFO: [ view_filter ] --START--
INFO: Run Behavior\WriteHtmlCacheBehavior [ RunTime:0.000559s ]
INFO: [ view_filter ] --END-- [ RunTime:0.000639s ]
INFO: [ app_end ] --START--
INFO: Run Behavior\ShowPageTraceBehavior [ RunTime:0.000441s ]
INFO: [ app_end ] --END-- [ RunTime:0.000500s ]

[ 2016-05-03T18:24:40+08:00 ] ::1 /house/index.php/Home/Index/left
INFO: [ app_init ] --START--
INFO: Run Behavior\BuildLiteBehavior [ RunTime:0.000016s ]
INFO: [ app_init ] --END-- [ RunTime:0.000363s ]
INFO: [ app_begin ] --START--
INFO: Run Behavior\ReadHtmlCacheBehavior [ RunTime:0.000440s ]
INFO: [ app_begin ] --END-- [ RunTime:0.000501s ]
SQL: SHOW COLUMNS FROM `muyecun` [ RunTime:0.0440s ]
SQL: SELECT DISTINCT  `v_name` FROM `muyecun`  [ RunTime:0.0138s ]
INFO: [ view_parse ] --START--
INFO: [ template_filter ] --START--
INFO: Run Behavior\ContentReplaceBehavior [ RunTime:0.000063s ]
INFO: [ template_filter ] --END-- [ RunTime:0.000126s ]
INFO: Run Behavior\ParseTemplateBehavior [ RunTime:0.034530s ]
INFO: [ view_parse ] --END-- [ RunTime:0.034588s ]
INFO: [ view_filter ] --START--
INFO: Run Behavior\WriteHtmlCacheBehavior [ RunTime:0.000276s ]
INFO: [ view_filter ] --END-- [ RunTime:0.000318s ]
INFO: [ app_end ] --START--
INFO: Run Behavior\ShowPageTraceBehavior [ RunTime:0.000409s ]
INFO: [ app_end ] --END-- [ RunTime:0.000453s ]

[ 2016-05-03T18:24:40+08:00 ] ::1 /house/index.php/Home/Index/top
INFO: [ app_init ] --START--
INFO: Run Behavior\BuildLiteBehavior [ RunTime:0.000015s ]
INFO: [ app_init ] --END-- [ RunTime:0.000328s ]
INFO: [ app_begin ] --START--
INFO: Run Behavior\ReadHtmlCacheBehavior [ RunTime:0.000451s ]
INFO: [ app_begin ] --END-- [ RunTime:0.000516s ]
INFO: [ view_parse ] --START--
INFO: [ template_filter ] --START--
INFO: Run Behavior\ContentReplaceBehavior [ RunTime:0.000062s ]
INFO: [ template_filter ] --END-- [ RunTime:0.000176s ]
INFO: Run Behavior\ParseTemplateBehavior [ RunTime:0.007573s ]
INFO: [ view_parse ] --END-- [ RunTime:0.007821s ]
INFO: [ view_filter ] --START--
INFO: Run Behavior\WriteHtmlCacheBehavior [ RunTime:0.000755s ]
INFO: [ view_filter ] --END-- [ RunTime:0.000865s ]
INFO: [ app_end ] --START--
INFO: Run Behavior\ShowPageTraceBehavior [ RunTime:0.001031s ]
INFO: [ app_end ] --END-- [ RunTime:0.001149s ]

[ 2016-05-03T18:24:41+08:00 ] ::1 /house/index.php/Home/Index/right
INFO: [ app_init ] --START--
INFO: Run Behavior\BuildLiteBehavior [ RunTime:0.000016s ]
INFO: [ app_init ] --END-- [ RunTime:0.000333s ]
INFO: [ app_begin ] --START--
INFO: Run Behavior\ReadHtmlCacheBehavior [ RunTime:0.000438s ]
INFO: [ app_begin ] --END-- [ RunTime:0.000526s ]
SQL: SHOW COLUMNS FROM `muyecun` [ RunTime:0.0088s ]
SQL: SELECT COUNT(*) AS tp_count FROM `muyecun` LIMIT 1   [ RunTime:0.0245s ]
SQL: SELECT * FROM `muyecun` LIMIT 0,10   [ RunTime:0.0010s ]
INFO: [ view_parse ] --START--
INFO: [ template_filter ] --START--
INFO: Run Behavior\ContentReplaceBehavior [ RunTime:0.000066s ]
INFO: [ template_filter ] --END-- [ RunTime:0.000130s ]
INFO: Run Behavior\ParseTemplateBehavior [ RunTime:0.010933s ]
INFO: [ view_parse ] --END-- [ RunTime:0.010994s ]
INFO: [ view_filter ] --START--
INFO: Run Behavior\WriteHtmlCacheBehavior [ RunTime:0.000237s ]
INFO: [ view_filter ] --END-- [ RunTime:0.000285s ]
INFO: [ app_end ] --START--
INFO: Run Behavior\ShowPageTraceBehavior [ RunTime:0.000568s ]
INFO: [ app_end ] --END-- [ RunTime:0.000632s ]

[ 2016-05-03T18:24:41+08:00 ] ::1 /house/index.php/Home/Index/min/b=CoreAdmin/js&f=cookie/jquery.cookie.js,jwysiwyg/jquery.wysiwyg.js,tooltipsy.min.js,iphone-style-checkboxes.js,excanvas.js,zoombox/zoombox.js,visualize.jQuery.js,jquery.uniform.min.js,main.js
INFO: [ app_init ] --START--
INFO: Run Behavior\BuildLiteBehavior [ RunTime:0.000015s ]
INFO: [ app_init ] --END-- [ RunTime:0.000297s ]
INFO: [ app_begin ] --START--
INFO: Run Behavior\ReadHtmlCacheBehavior [ RunTime:0.000385s ]
INFO: [ app_begin ] --END-- [ RunTime:0.000445s ]
ERR: 非法操作:min

[ 2016-05-03T18:24:43+08:00 ] ::1 /house/index.php/Home/Rent/right.html
INFO: [ app_init ] --START--
INFO: Run Behavior\BuildLiteBehavior [ RunTime:0.000013s ]
INFO: [ app_init ] --END-- [ RunTime:0.000257s ]
INFO: [ app_begin ] --START--
INFO: Run Behavior\ReadHtmlCacheBehavior [ RunTime:0.000331s ]
INFO: [ app_begin ] --END-- [ RunTime:0.000379s ]
INFO: [ view_parse ] --START--
INFO: [ template_filter ] --START--
INFO: Run Behavior\ContentReplaceBehavior [ RunTime:0.000110s ]
INFO: [ template_filter ] --END-- [ RunTime:0.000299s ]
INFO: Run Behavior\ParseTemplateBehavior [ RunTime:0.005460s ]
INFO: [ view_parse ] --END-- [ RunTime:0.005531s ]
INFO: [ view_filter ] --START--
INFO: Run Behavior\WriteHtmlCacheBehavior [ RunTime:0.000378s ]
INFO: [ view_filter ] --END-- [ RunTime:0.000441s ]
INFO: [ app_end ] --START--
INFO: Run Behavior\ShowPageTraceBehavior [ RunTime:0.000827s ]
INFO: [ app_end ] --END-- [ RunTime:0.000884s ]

[ 2016-05-03T18:24:49+08:00 ] ::1 /house/index.php/Home/Rent/rentRecord.html
INFO: [ app_init ] --START--
INFO: Run Behavior\BuildLiteBehavior [ RunTime:0.000032s ]
INFO: [ app_init ] --END-- [ RunTime:0.000656s ]
INFO: [ app_begin ] --START--
INFO: Run Behavior\ReadHtmlCacheBehavior [ RunTime:0.000431s ]
INFO: [ app_begin ] --END-- [ RunTime:0.000495s ]
SQL: SHOW COLUMNS FROM `person` [ RunTime:0.0871s ]
SQL: SELECT * FROM `person` WHERE ( card_number = 135951 )  [ RunTime:0.0008s ]
SQL: SHOW COLUMNS FROM `muyecun` [ RunTime:0.0037s ]
SQL: SELECT * FROM `muyecun` WHERE ( card_number = 135951 )  [ RunTime:0.0003s ]
INFO: [ view_parse ] --START--
INFO: [ template_filter ] --START--
INFO: Run Behavior\ContentReplaceBehavior [ RunTime:0.000129s ]
INFO: [ template_filter ] --END-- [ RunTime:0.000322s ]
INFO: Run Behavior\ParseTemplateBehavior [ RunTime:0.006078s ]
INFO: [ view_parse ] --END-- [ RunTime:0.006165s ]
INFO: [ view_filter ] --START--
INFO: Run Behavior\WriteHtmlCacheBehavior [ RunTime:0.000494s ]
INFO: [ view_filter ] --END-- [ RunTime:0.000602s ]
INFO: [ app_end ] --START--
INFO: Run Behavior\ShowPageTraceBehavior [ RunTime:0.000692s ]
INFO: [ app_end ] --END-- [ RunTime:0.000776s ]

[ 2016-05-03T18:24:53+08:00 ] ::1 /house/index.php/Home/Rent/modifyPerson
INFO: [ app_init ] --START--
INFO: Run Behavior\BuildLiteBehavior [ RunTime:0.000032s ]
INFO: [ app_init ] --END-- [ RunTime:0.000405s ]
INFO: [ app_begin ] --START--
INFO: Run Behavior\ReadHtmlCacheBehavior [ RunTime:0.000475s ]
INFO: [ app_begin ] --END-- [ RunTime:0.000550s ]
INFO: [ view_parse ] --START--
INFO: [ template_filter ] --START--
INFO: Run Behavior\ContentReplaceBehavior [ RunTime:0.000035s ]
INFO: [ template_filter ] --END-- [ RunTime:0.000084s ]
INFO: Run Behavior\ParseTemplateBehavior [ RunTime:0.003220s ]
INFO: [ view_parse ] --END-- [ RunTime:0.003275s ]
INFO: [ view_filter ] --START--
INFO: Run Behavior\WriteHtmlCacheBehavior [ RunTime:0.000155s ]
INFO: [ view_filter ] --END-- [ RunTime:0.000193s ]
INFO: [ app_end ] --START--
INFO: Run Behavior\ShowPageTraceBehavior [ RunTime:0.000354s ]
INFO: [ app_end ] --END-- [ RunTime:0.000394s ]

[ 2016-05-03T18:24:58+08:00 ] ::1 /house/index.php/Home/Index/right?name=%E6%9C%A8%E5%8F%B6%E6%9D%91&&state=%E5%9C%A8%E7%94%A8
INFO: [ app_init ] --START--
INFO: Run Behavior\BuildLiteBehavior [ RunTime:0.000024s ]
INFO: [ app_init ] --END-- [ RunTime:0.000436s ]
INFO: [ app_begin ] --START--
INFO: Run Behavior\ReadHtmlCacheBehavior [ RunTime:0.000405s ]
INFO: [ app_begin ] --END-- [ RunTime:0.000466s ]
SQL: SHOW COLUMNS FROM `muyecun` [ RunTime:0.0086s ]
SQL: SELECT COUNT(*) AS tp_count FROM `muyecun` WHERE `v_name` = '木叶村' AND `state` = '在用' LIMIT 1   [ RunTime:0.0003s ]
SQL: SELECT * FROM `muyecun` WHERE `v_name` = '木叶村' AND `state` = '在用' LIMIT 0,10   [ RunTime:0.0004s ]
INFO: [ view_parse ] --START--
INFO: [ template_filter ] --START--
INFO: Run Behavior\ContentReplaceBehavior [ RunTime:0.000065s ]
INFO: [ template_filter ] --END-- [ RunTime:0.000114s ]
INFO: Run Behavior\ParseTemplateBehavior [ RunTime:0.006771s ]
INFO: [ view_parse ] --END-- [ RunTime:0.006946s ]
INFO: [ view_filter ] --START--
INFO: Run Behavior\WriteHtmlCacheBehavior [ RunTime:0.000307s ]
INFO: [ view_filter ] --END-- [ RunTime:0.000409s ]
INFO: [ app_end ] --START--
INFO: Run Behavior\ShowPageTraceBehavior [ RunTime:0.000913s ]
INFO: [ app_end ] --END-- [ RunTime:0.001038s ]

[ 2016-05-03T18:25:01+08:00 ] ::1 /house/index.php/Home/Index/right?name=%E6%B2%99%E5%BF%8D%E8%80%85%E6%9D%91&&state=%E5%9C%A8%E7%94%A8
INFO: [ app_init ] --START--
INFO: Run Behavior\BuildLiteBehavior [ RunTime:0.000012s ]
INFO: [ app_init ] --END-- [ RunTime:0.000246s ]
INFO: [ app_begin ] --START--
INFO: Run Behavior\ReadHtmlCacheBehavior [ RunTime:0.000400s ]
INFO: [ app_begin ] --END-- [ RunTime:0.000475s ]
SQL: SHOW COLUMNS FROM `muyecun` [ RunTime:0.0065s ]
SQL: SELECT COUNT(*) AS tp_count FROM `muyecun` WHERE `v_name` = '沙忍者村' AND `state` = '在用' LIMIT 1   [ RunTime:0.0003s ]
SQL: SELECT * FROM `muyecun` WHERE `v_name` = '沙忍者村' AND `state` = '在用' LIMIT 0,10   [ RunTime:0.0003s ]
INFO: [ view_parse ] --START--
INFO: [ template_filter ] --START--
INFO: Run Behavior\ContentReplaceBehavior [ RunTime:0.000069s ]
INFO: [ template_filter ] --END-- [ RunTime:0.000132s ]
INFO: Run Behavior\ParseTemplateBehavior [ RunTime:0.009808s ]
INFO: [ view_parse ] --END-- [ RunTime:0.009864s ]
INFO: [ view_filter ] --START--
INFO: Run Behavior\WriteHtmlCacheBehavior [ RunTime:0.000207s ]
INFO: [ view_filter ] --END-- [ RunTime:0.000249s ]
INFO: [ app_end ] --START--
INFO: Run Behavior\ShowPageTraceBehavior [ RunTime:0.000374s ]
INFO: [ app_end ] --END-- [ RunTime:0.000415s ]

[ 2016-05-03T18:25:03+08:00 ] ::1 /house/index.php/Home/Index/right?name=%E6%9C%A8%E5%8F%B6%E6%9D%91&&state=%E9%97%B2%E7%BD%AE
INFO: [ app_init ] --START--
INFO: Run Behavior\BuildLiteBehavior [ RunTime:0.000013s ]
INFO: [ app_init ] --END-- [ RunTime:0.000254s ]
INFO: [ app_begin ] --START--
INFO: Run Behavior\ReadHtmlCacheBehavior [ RunTime:0.000328s ]
INFO: [ app_begin ] --END-- [ RunTime:0.000377s ]
SQL: SHOW COLUMNS FROM `muyecun` [ RunTime:0.0073s ]
SQL: SELECT COUNT(*) AS tp_count FROM `muyecun` WHERE `v_name` = '木叶村' AND `state` = '闲置' LIMIT 1   [ RunTime:0.0003s ]
SQL: SELECT * FROM `muyecun` WHERE `v_name` = '木叶村' AND `state` = '闲置' LIMIT 0,10   [ RunTime:0.0003s ]
INFO: [ view_parse ] --START--
INFO: [ template_filter ] --START--
INFO: Run Behavior\ContentReplaceBehavior [ RunTime:0.000067s ]
INFO: [ template_filter ] --END-- [ RunTime:0.000123s ]
INFO: Run Behavior\ParseTemplateBehavior [ RunTime:0.008323s ]
INFO: [ view_parse ] --END-- [ RunTime:0.008386s ]
INFO: [ view_filter ] --START--
INFO: Run Behavior\WriteHtmlCacheBehavior [ RunTime:0.000184s ]
INFO: [ view_filter ] --END-- [ RunTime:0.000225s ]
INFO: [ app_end ] --START--
INFO: Run Behavior\ShowPageTraceBehavior [ RunTime:0.000405s ]
INFO: [ app_end ] --END-- [ RunTime:0.000466s ]

[ 2016-05-03T18:25:10+08:00 ] ::1 /house/index.php/Home/Rent/right.html
INFO: [ app_init ] --START--
INFO: Run Behavior\BuildLiteBehavior [ RunTime:0.000015s ]
INFO: [ app_init ] --END-- [ RunTime:0.000307s ]
INFO: [ app_begin ] --START--
INFO: Run Behavior\ReadHtmlCacheBehavior [ RunTime:0.000612s ]
INFO: [ app_begin ] --END-- [ RunTime:0.000677s ]
INFO: [ view_parse ] --START--
INFO: [ template_filter ] --START--
INFO: Run Behavior\ContentReplaceBehavior [ RunTime:0.000047s ]
INFO: [ template_filter ] --END-- [ RunTime:0.000146s ]
INFO: Run Behavior\ParseTemplateBehavior [ RunTime:0.007761s ]
INFO: [ view_parse ] --END-- [ RunTime:0.007908s ]
INFO: [ view_filter ] --START--
INFO: Run Behavior\WriteHtmlCacheBehavior [ RunTime:0.000672s ]
INFO: [ view_filter ] --END-- [ RunTime:0.000745s ]
INFO: [ app_end ] --START--
INFO: Run Behavior\ShowPageTraceBehavior [ RunTime:0.001412s ]
INFO: [ app_end ] --END-- [ RunTime:0.001657s ]

[ 2016-05-03T18:25:14+08:00 ] ::1 /house/index.php/Home/Rent/rentRecord.html
INFO: [ app_init ] --START--
INFO: Run Behavior\BuildLiteBehavior [ RunTime:0.000013s ]
INFO: [ app_init ] --END-- [ RunTime:0.000255s ]
INFO: [ app_begin ] --START--
INFO: Run Behavior\ReadHtmlCacheBehavior [ RunTime:0.000370s ]
INFO: [ app_begin ] --END-- [ RunTime:0.000423s ]
SQL: SHOW COLUMNS FROM `person` [ RunTime:0.0096s ]
SQL: SELECT * FROM `person` WHERE ( card_number = 135951 )  [ RunTime:0.0004s ]
SQL: SHOW COLUMNS FROM `muyecun` [ RunTime:0.0027s ]
SQL: SELECT * FROM `muyecun` WHERE ( card_number = 135951 )  [ RunTime:0.0003s ]
INFO: [ view_parse ] --START--
INFO: [ template_filter ] --START--
INFO: Run Behavior\ContentReplaceBehavior [ RunTime:0.000054s ]
INFO: [ template_filter ] --END-- [ RunTime:0.000114s ]
INFO: Run Behavior\ParseTemplateBehavior [ RunTime:0.005313s ]
INFO: [ view_parse ] --END-- [ RunTime:0.005381s ]
INFO: [ view_filter ] --START--
INFO: Run Behavior\WriteHtmlCacheBehavior [ RunTime:0.000163s ]
INFO: [ view_filter ] --END-- [ RunTime:0.000201s ]
INFO: [ app_end ] --START--
INFO: Run Behavior\ShowPageTraceBehavior [ RunTime:0.000371s ]
INFO: [ app_end ] --END-- [ RunTime:0.000410s ]

[ 2016-05-03T18:25:17+08:00 ] ::1 /house/index.php/Home/Rent/rentPay?card_number=135951
INFO: [ app_init ] --START--
INFO: Run Behavior\BuildLiteBehavior [ RunTime:0.000042s ]
INFO: [ app_init ] --END-- [ RunTime:0.000527s ]
INFO: [ app_begin ] --START--
INFO: Run Behavior\ReadHtmlCacheBehavior [ RunTime:0.000698s ]
INFO: [ app_begin ] --END-- [ RunTime:0.000859s ]
SQL: SHOW COLUMNS FROM `fangzujilu` [ RunTime:0.0558s ]
SQL: SHOW COLUMNS FROM `person` [ RunTime:0.0032s ]
SQL: SHOW COLUMNS FROM `muyecun` [ RunTime:0.0045s ]
SQL: SHOW COLUMNS FROM `xiaoqu` [ RunTime:0.0496s ]
SQL: SELECT * FROM `muyecun` WHERE ( card_number = 135951 )  [ RunTime:0.0004s ]
SQL: SELECT * FROM `fangzujilu` WHERE ( card_number = 135951 ) ORDER BY id  [ RunTime:0.0286s ]
NOTIC: [8] Use of undefined constant y - assumed 'y' H:\Demo\house\Application\Home\Controller\RentController.class.php 第 210 行.
NOTIC: [8] Undefined variable: firstDay H:\Demo\house\Application\Home\Controller\RentController.class.php 第 224 行.
NOTIC: [8] Undefined variable: unitPrice H:\Demo\house\Application\Home\Controller\RentController.class.php 第 226 行.
NOTIC: [8] Undefined variable: area H:\Demo\house\Application\Home\Controller\RentController.class.php 第 226 行.
SQL: SELECT * FROM `person` WHERE ( card_number=135951 )  [ RunTime:0.0003s ]
NOTIC: [8] Undefined variable: max_discount H:\Demo\house\Application\Home\Controller\RentController.class.php 第 242 行.
NOTIC: [8] Undefined variable: max_discount H:\Demo\house\Application\Home\Controller\RentController.class.php 第 243 行.
SQL: INSERT INTO `fangzujilu` (`house_id`,`card_number`,`start_time`,`end_time`,`month`,`rent`,`res_person`,`status`) VALUES ('1','135951','2016-05-01','2016-05-31','2016-05-01','0','','未交') [ RunTime:0.0178s ]
SQL: SELECT * FROM `fangzujilu` WHERE ( card_number = 135951 ) ORDER BY id desc  [ RunTime:0.0004s ]
SQL: SELECT * FROM `muyecun` WHERE ( card_number = 135951 )  [ RunTime:0.0005s ]
INFO: [ view_parse ] --START--
INFO: [ template_filter ] --START--
INFO: Run Behavior\ContentReplaceBehavior [ RunTime:0.000054s ]
INFO: [ template_filter ] --END-- [ RunTime:0.000124s ]
INFO: Run Behavior\ParseTemplateBehavior [ RunTime:0.007361s ]
INFO: [ view_parse ] --END-- [ RunTime:0.007490s ]
INFO: [ view_filter ] --START--
INFO: Run Behavior\WriteHtmlCacheBehavior [ RunTime:0.000198s ]
INFO: [ view_filter ] --END-- [ RunTime:0.000244s ]
INFO: [ app_end ] --START--
INFO: Run Behavior\ShowPageTraceBehavior [ RunTime:0.000428s ]
INFO: [ app_end ] --END-- [ RunTime:0.000480s ]

[ 2016-05-03T18:26:00+08:00 ] ::1 /house/index.php/Home/Rent/rentPay?card_number=135951
INFO: [ app_init ] --START--
INFO: Run Behavior\BuildLiteBehavior [ RunTime:0.000015s ]
INFO: [ app_init ] --END-- [ RunTime:0.000292s ]
INFO: [ app_begin ] --START--
INFO: Run Behavior\ReadHtmlCacheBehavior [ RunTime:0.000726s ]
INFO: [ app_begin ] --END-- [ RunTime:0.000854s ]
SQL: SHOW COLUMNS FROM `fangzujilu` [ RunTime:0.0074s ]
SQL: SHOW COLUMNS FROM `person` [ RunTime:0.0026s ]
SQL: SHOW COLUMNS FROM `muyecun` [ RunTime:0.0027s ]
SQL: SHOW COLUMNS FROM `xiaoqu` [ RunTime:0.0045s ]
SQL: SELECT * FROM `muyecun` WHERE ( card_number = 135951 )  [ RunTime:0.0018s ]
SQL: SELECT * FROM `fangzujilu` WHERE ( card_number = 135951 ) ORDER BY id  [ RunTime:0.0005s ]
NOTIC: [8] Use of undefined constant y - assumed 'y' H:\Demo\house\Application\Home\Controller\RentController.class.php 第 210 行.
NOTIC: [8] Undefined variable: data H:\Demo\house\Application\Home\Controller\RentController.class.php 第 269 行.
NOTIC: [2] Invalid argument supplied for foreach() H:\Demo\house\Application\Home\Controller\RentController.class.php 第 269 行.
SQL: SELECT * FROM `fangzujilu` WHERE ( card_number = 135951 ) ORDER BY id desc  [ RunTime:0.0003s ]
SQL: SELECT * FROM `muyecun` WHERE ( card_number = 135951 )  [ RunTime:0.0002s ]
INFO: [ view_parse ] --START--
INFO: [ template_filter ] --START--
INFO: Run Behavior\ContentReplaceBehavior [ RunTime:0.000052s ]
INFO: [ template_filter ] --END-- [ RunTime:0.000105s ]
INFO: Run Behavior\ParseTemplateBehavior [ RunTime:0.005033s ]
INFO: [ view_parse ] --END-- [ RunTime:0.005106s ]
INFO: [ view_filter ] --START--
INFO: Run Behavior\WriteHtmlCacheBehavior [ RunTime:0.000186s ]
INFO: [ view_filter ] --END-- [ RunTime:0.000229s ]
INFO: [ app_end ] --START--
INFO: Run Behavior\ShowPageTraceBehavior [ RunTime:0.000381s ]
INFO: [ app_end ] --END-- [ RunTime:0.000429s ]

[ 2016-05-03T18:26:22+08:00 ] ::1 /house/index.php/Home/Rent/rentPay?card_number=135951
INFO: [ app_init ] --START--
INFO: Run Behavior\BuildLiteBehavior [ RunTime:0.000014s ]
INFO: [ app_init ] --END-- [ RunTime:0.000253s ]
INFO: [ app_begin ] --START--
INFO: Run Behavior\ReadHtmlCacheBehavior [ RunTime:0.000338s ]
INFO: [ app_begin ] --END-- [ RunTime:0.000389s ]
SQL: SHOW COLUMNS FROM `fangzujilu` [ RunTime:0.0082s ]
SQL: SHOW COLUMNS FROM `person` [ RunTime:0.0026s ]
SQL: SHOW COLUMNS FROM `muyecun` [ RunTime:0.0025s ]
SQL: SHOW COLUMNS FROM `xiaoqu` [ RunTime:0.0023s ]
SQL: SELECT * FROM `muyecun` WHERE ( card_number = 135951 )  [ RunTime:0.0003s ]
SQL: SELECT * FROM `fangzujilu` WHERE ( card_number = 135951 ) ORDER BY id  [ RunTime:0.0003s ]
NOTIC: [8] Use of undefined constant y - assumed 'y' H:\Demo\house\Application\Home\Controller\RentController.class.php 第 210 行.
NOTIC: [8] Undefined variable: data H:\Demo\house\Application\Home\Controller\RentController.class.php 第 269 行.
NOTIC: [2] Invalid argument supplied for foreach() H:\Demo\house\Application\Home\Controller\RentController.class.php 第 269 行.
SQL: SELECT * FROM `fangzujilu` WHERE ( card_number = 135951 ) ORDER BY id desc  [ RunTime:0.0003s ]
SQL: SELECT * FROM `muyecun` WHERE ( card_number = 135951 )  [ RunTime:0.0003s ]
INFO: [ view_parse ] --START--
INFO: [ template_filter ] --START--
INFO: Run Behavior\ContentReplaceBehavior [ RunTime:0.000055s ]
INFO: [ template_filter ] --END-- [ RunTime:0.000123s ]
INFO: Run Behavior\ParseTemplateBehavior [ RunTime:0.009600s ]
INFO: [ view_parse ] --END-- [ RunTime:0.009707s ]
INFO: [ view_filter ] --START--
INFO: Run Behavior\WriteHtmlCacheBehavior [ RunTime:0.000198s ]
INFO: [ view_filter ] --END-- [ RunTime:0.000243s ]
INFO: [ app_end ] --START--
INFO: Run Behavior\ShowPageTraceBehavior [ RunTime:0.000393s ]
INFO: [ app_end ] --END-- [ RunTime:0.000441s ]

