[ 2016-08-31T13:52:41+08:00 ] ::1 /house/
INFO: [ app_init ] --START--
INFO: Run Behavior\BuildLiteBehavior [ RunTime:0.000025s ]
INFO: [ app_init ] --END-- [ RunTime:0.002575s ]
INFO: [ app_begin ] --START--
INFO: Run Behavior\ReadHtmlCacheBehavior [ RunTime:0.010907s ]
INFO: [ app_begin ] --END-- [ RunTime:0.011013s ]

[ 2016-08-31T13:52:41+08:00 ] ::1 /house/index.php/Home/Index/login.html
INFO: [ app_init ] --START--
INFO: Run Behavior\BuildLiteBehavior [ RunTime:0.000048s ]
INFO: [ app_init ] --END-- [ RunTime:0.001107s ]
INFO: [ app_begin ] --START--
INFO: Run Behavior\ReadHtmlCacheBehavior [ RunTime:0.000579s ]
INFO: [ app_begin ] --END-- [ RunTime:0.000661s ]
INFO: [ view_parse ] --START--
INFO: [ template_filter ] --START--
INFO: Run Behavior\ContentReplaceBehavior [ RunTime:0.000160s ]
INFO: [ template_filter ] --END-- [ RunTime:0.000354s ]
INFO: Run Behavior\ParseTemplateBehavior [ RunTime:0.039552s ]
INFO: [ view_parse ] --END-- [ RunTime:0.039773s ]
INFO: [ view_filter ] --START--
INFO: Run Behavior\WriteHtmlCacheBehavior [ RunTime:0.031033s ]
INFO: [ view_filter ] --END-- [ RunTime:0.031228s ]
INFO: [ app_end ] --START--
INFO: Run Behavior\ShowPageTraceBehavior [ RunTime:0.002167s ]
INFO: [ app_end ] --END-- [ RunTime:0.002352s ]

[ 2016-08-31T13:52:41+08:00 ] ::1 /house/index.php/Home/Index/assets/js/jquery-1.8.2.min.js
INFO: [ app_init ] --START--
INFO: Run Behavior\BuildLiteBehavior [ RunTime:0.000022s ]
INFO: [ app_init ] --END-- [ RunTime:0.000546s ]
INFO: [ app_begin ] --START--
INFO: Run Behavior\ReadHtmlCacheBehavior [ RunTime:0.000886s ]
INFO: [ app_begin ] --END-- [ RunTime:0.001055s ]
ERR: 非法操作:assets

[ 2016-08-31T13:52:41+08:00 ] ::1 /house/index.php/Home/Index/assets/js/supersized-init.js
INFO: [ app_init ] --START--
INFO: Run Behavior\BuildLiteBehavior [ RunTime:0.000027s ]
INFO: [ app_init ] --END-- [ RunTime:0.000581s ]
INFO: [ app_begin ] --START--
INFO: Run Behavior\ReadHtmlCacheBehavior [ RunTime:0.001122s ]
INFO: [ app_begin ] --END-- [ RunTime:0.001247s ]
ERR: 非法操作:assets

[ 2016-08-31T13:52:41+08:00 ] ::1 /house/index.php/Home/Index/assets/js/supersized.3.2.7.min.js
INFO: [ app_init ] --START--
INFO: Run Behavior\BuildLiteBehavior [ RunTime:0.000020s ]
INFO: [ app_init ] --END-- [ RunTime:0.000503s ]
INFO: [ app_begin ] --START--
INFO: Run Behavior\ReadHtmlCacheBehavior [ RunTime:0.001118s ]
INFO: [ app_begin ] --END-- [ RunTime:0.001236s ]
ERR: 非法操作:assets

[ 2016-08-31T13:52:41+08:00 ] ::1 /house/index.php/Home/Index/assets/js/scripts.js
INFO: [ app_init ] --START--
INFO: Run Behavior\BuildLiteBehavior [ RunTime:0.000020s ]
INFO: [ app_init ] --END-- [ RunTime:0.000427s ]
INFO: [ app_begin ] --START--
INFO: Run Behavior\ReadHtmlCacheBehavior [ RunTime:0.000570s ]
INFO: [ app_begin ] --END-- [ RunTime:0.000648s ]
ERR: 非法操作:assets

[ 2016-08-31T13:52:41+08:00 ] ::1 /house/index.php/Home/Index/assets/js/supersized-init.js
INFO: [ app_init ] --START--
INFO: Run Behavior\BuildLiteBehavior [ RunTime:0.000013s ]
INFO: [ app_init ] --END-- [ RunTime:0.000269s ]
INFO: [ app_begin ] --START--
INFO: Run Behavior\ReadHtmlCacheBehavior [ RunTime:0.000386s ]
INFO: [ app_begin ] --END-- [ RunTime:0.000436s ]
ERR: 非法操作:assets

[ 2016-08-31T13:52:41+08:00 ] ::1 /house/index.php/Home/Index/assets/js/scripts.js
INFO: [ app_init ] --START--
INFO: Run Behavior\BuildLiteBehavior [ RunTime:0.000014s ]
INFO: [ app_init ] --END-- [ RunTime:0.000286s ]
INFO: [ app_begin ] --START--
INFO: Run Behavior\ReadHtmlCacheBehavior [ RunTime:0.000598s ]
INFO: [ app_begin ] --END-- [ RunTime:0.000668s ]
ERR: 非法操作:assets

[ 2016-08-31T13:52:44+08:00 ] ::1 /house/index.php/Home/Login/index
INFO: [ app_init ] --START--
INFO: Run Behavior\BuildLiteBehavior [ RunTime:0.000017s ]
INFO: [ app_init ] --END-- [ RunTime:0.000342s ]
INFO: [ app_begin ] --START--
INFO: Run Behavior\ReadHtmlCacheBehavior [ RunTime:0.000479s ]
INFO: [ app_begin ] --END-- [ RunTime:0.000544s ]
SQL: SHOW COLUMNS FROM `user` [ RunTime:0.0671s ]
SQL: SELECT * FROM `user` WHERE `account` = 'root' AND `password` = 'root'  [ RunTime:0.0009s ]
SQL: SHOW COLUMNS FROM `log` [ RunTime:0.0246s ]
SQL: INSERT INTO `log` (`ip`,`operation`,`data`) VALUES ('0.0.0.0','登陆','登陆失败') [ RunTime:0.0974s ]
INFO: [ view_parse ] --START--
INFO: [ template_filter ] --START--
INFO: Run Behavior\ContentReplaceBehavior [ RunTime:0.000061s ]
INFO: [ template_filter ] --END-- [ RunTime:0.000124s ]
INFO: Run Behavior\ParseTemplateBehavior [ RunTime:0.005494s ]
INFO: [ view_parse ] --END-- [ RunTime:0.005563s ]
INFO: [ view_filter ] --START--
INFO: Run Behavior\WriteHtmlCacheBehavior [ RunTime:0.000315s ]
INFO: [ view_filter ] --END-- [ RunTime:0.000368s ]
INFO: [ app_end ] --START--
INFO: Run Behavior\ShowPageTraceBehavior [ RunTime:0.000551s ]
INFO: [ app_end ] --END-- [ RunTime:0.000609s ]

[ 2016-08-31T13:52:45+08:00 ] ::1 /house/index.php/Home/Login/assets/js/supersized.3.2.7.min.js
INFO: [ app_init ] --START--
INFO: Run Behavior\BuildLiteBehavior [ RunTime:0.000021s ]
INFO: [ app_init ] --END-- [ RunTime:0.000309s ]
INFO: [ app_begin ] --START--
INFO: Run Behavior\ReadHtmlCacheBehavior [ RunTime:0.000498s ]
INFO: [ app_begin ] --END-- [ RunTime:0.000588s ]
ERR: 非法操作:assets

[ 2016-08-31T13:52:45+08:00 ] ::1 /house/index.php/Home/Login/assets/js/jquery-1.8.2.min.js
INFO: [ app_init ] --START--
INFO: Run Behavior\BuildLiteBehavior [ RunTime:0.000023s ]
INFO: [ app_init ] --END-- [ RunTime:0.000732s ]
INFO: [ app_begin ] --START--
INFO: Run Behavior\ReadHtmlCacheBehavior [ RunTime:0.000579s ]
INFO: [ app_begin ] --END-- [ RunTime:0.000669s ]
ERR: 非法操作:assets

[ 2016-08-31T13:52:45+08:00 ] ::1 /house/index.php/Home/Login/assets/js/supersized-init.js
INFO: [ app_init ] --START--
INFO: Run Behavior\BuildLiteBehavior [ RunTime:0.000021s ]
INFO: [ app_init ] --END-- [ RunTime:0.000388s ]
INFO: [ app_begin ] --START--
INFO: Run Behavior\ReadHtmlCacheBehavior [ RunTime:0.000377s ]
INFO: [ app_begin ] --END-- [ RunTime:0.000432s ]
ERR: 非法操作:assets

[ 2016-08-31T13:52:45+08:00 ] ::1 /house/index.php/Home/Login/assets/js/scripts.js
INFO: [ app_init ] --START--
INFO: Run Behavior\BuildLiteBehavior [ RunTime:0.000023s ]
INFO: [ app_init ] --END-- [ RunTime:0.000431s ]
INFO: [ app_begin ] --START--
INFO: Run Behavior\ReadHtmlCacheBehavior [ RunTime:0.000506s ]
INFO: [ app_begin ] --END-- [ RunTime:0.000572s ]
ERR: 非法操作:assets

[ 2016-08-31T13:52:45+08:00 ] ::1 /house/index.php/Home/Login/assets/js/supersized.3.2.7.min.js
INFO: [ app_init ] --START--
INFO: Run Behavior\BuildLiteBehavior [ RunTime:0.000028s ]
INFO: [ app_init ] --END-- [ RunTime:0.000477s ]
INFO: [ app_begin ] --START--
INFO: Run Behavior\ReadHtmlCacheBehavior [ RunTime:0.000585s ]
INFO: [ app_begin ] --END-- [ RunTime:0.000658s ]
ERR: 非法操作:assets

[ 2016-08-31T13:52:45+08:00 ] ::1 /house/index.php/Home/Login/assets/js/supersized-init.js
INFO: [ app_init ] --START--
INFO: Run Behavior\BuildLiteBehavior [ RunTime:0.000015s ]
INFO: [ app_init ] --END-- [ RunTime:0.000402s ]
INFO: [ app_begin ] --START--
INFO: Run Behavior\ReadHtmlCacheBehavior [ RunTime:0.000514s ]
INFO: [ app_begin ] --END-- [ RunTime:0.000597s ]
ERR: 非法操作:assets

[ 2016-08-31T13:52:45+08:00 ] ::1 /house/index.php/Home/Login/assets/js/scripts.js
INFO: [ app_init ] --START--
INFO: Run Behavior\BuildLiteBehavior [ RunTime:0.000015s ]
INFO: [ app_init ] --END-- [ RunTime:0.000289s ]
INFO: [ app_begin ] --START--
INFO: Run Behavior\ReadHtmlCacheBehavior [ RunTime:0.000449s ]
INFO: [ app_begin ] --END-- [ RunTime:0.000532s ]
ERR: 非法操作:assets

[ 2016-08-31T13:52:49+08:00 ] ::1 /house/index.php/Home/Login/index
INFO: [ app_init ] --START--
INFO: Run Behavior\BuildLiteBehavior [ RunTime:0.000019s ]
INFO: [ app_init ] --END-- [ RunTime:0.000340s ]
INFO: [ app_begin ] --START--
INFO: Run Behavior\ReadHtmlCacheBehavior [ RunTime:0.000443s ]
INFO: [ app_begin ] --END-- [ RunTime:0.000507s ]
SQL: SHOW COLUMNS FROM `user` [ RunTime:0.0111s ]
SQL: SELECT * FROM `user` WHERE `account` = 'admin' AND `password` = 'root'  [ RunTime:0.0009s ]
SQL: SHOW COLUMNS FROM `log` [ RunTime:0.0089s ]
SQL: INSERT INTO `log` (`ip`,`operation`,`data`) VALUES ('0.0.0.0','登陆','登陆失败') [ RunTime:0.2894s ]
INFO: [ view_parse ] --START--
INFO: [ template_filter ] --START--
INFO: Run Behavior\ContentReplaceBehavior [ RunTime:0.000112s ]
INFO: [ template_filter ] --END-- [ RunTime:0.000237s ]
INFO: Run Behavior\ParseTemplateBehavior [ RunTime:0.009427s ]
INFO: [ view_parse ] --END-- [ RunTime:0.009551s ]
INFO: [ view_filter ] --START--
INFO: Run Behavior\WriteHtmlCacheBehavior [ RunTime:0.000441s ]
INFO: [ view_filter ] --END-- [ RunTime:0.000538s ]
INFO: [ app_end ] --START--
INFO: Run Behavior\ShowPageTraceBehavior [ RunTime:0.000900s ]
INFO: [ app_end ] --END-- [ RunTime:0.001021s ]

[ 2016-08-31T13:52:49+08:00 ] ::1 /house/index.php/Home/Login/assets/js/jquery-1.8.2.min.js
INFO: [ app_init ] --START--
INFO: Run Behavior\BuildLiteBehavior [ RunTime:0.000029s ]
INFO: [ app_init ] --END-- [ RunTime:0.000546s ]
INFO: [ app_begin ] --START--
INFO: Run Behavior\ReadHtmlCacheBehavior [ RunTime:0.000854s ]
INFO: [ app_begin ] --END-- [ RunTime:0.000991s ]
ERR: 非法操作:assets

[ 2016-08-31T13:52:49+08:00 ] ::1 /house/index.php/Home/Login/assets/js/scripts.js
INFO: [ app_init ] --START--
INFO: Run Behavior\BuildLiteBehavior [ RunTime:0.000033s ]
INFO: [ app_init ] --END-- [ RunTime:0.000586s ]
INFO: [ app_begin ] --START--
INFO: Run Behavior\ReadHtmlCacheBehavior [ RunTime:0.000750s ]
INFO: [ app_begin ] --END-- [ RunTime:0.000874s ]
ERR: 非法操作:assets

[ 2016-08-31T13:52:49+08:00 ] ::1 /house/index.php/Home/Login/assets/js/supersized.3.2.7.min.js
INFO: [ app_init ] --START--
INFO: Run Behavior\BuildLiteBehavior [ RunTime:0.000037s ]
INFO: [ app_init ] --END-- [ RunTime:0.000539s ]
INFO: [ app_begin ] --START--
INFO: Run Behavior\ReadHtmlCacheBehavior [ RunTime:0.000720s ]
INFO: [ app_begin ] --END-- [ RunTime:0.000837s ]
ERR: 非法操作:assets

[ 2016-08-31T13:52:49+08:00 ] ::1 /house/index.php/Home/Login/assets/js/supersized-init.js
INFO: [ app_init ] --START--
INFO: Run Behavior\BuildLiteBehavior [ RunTime:0.000029s ]
INFO: [ app_init ] --END-- [ RunTime:0.000828s ]
INFO: [ app_begin ] --START--
INFO: Run Behavior\ReadHtmlCacheBehavior [ RunTime:0.000893s ]
INFO: [ app_begin ] --END-- [ RunTime:0.001022s ]
ERR: 非法操作:assets

[ 2016-08-31T13:52:50+08:00 ] ::1 /house/index.php/Home/Login/assets/js/scripts.js
INFO: [ app_init ] --START--
INFO: Run Behavior\BuildLiteBehavior [ RunTime:0.000013s ]
INFO: [ app_init ] --END-- [ RunTime:0.000285s ]
INFO: [ app_begin ] --START--
INFO: Run Behavior\ReadHtmlCacheBehavior [ RunTime:0.000400s ]
INFO: [ app_begin ] --END-- [ RunTime:0.000456s ]
ERR: 非法操作:assets

[ 2016-08-31T13:52:57+08:00 ] ::1 /house/index.php/Home/Login/index
INFO: [ app_init ] --START--
INFO: Run Behavior\BuildLiteBehavior [ RunTime:0.000017s ]
INFO: [ app_init ] --END-- [ RunTime:0.000347s ]
INFO: [ app_begin ] --START--
INFO: Run Behavior\ReadHtmlCacheBehavior [ RunTime:0.000447s ]
INFO: [ app_begin ] --END-- [ RunTime:0.000513s ]
SQL: SHOW COLUMNS FROM `user` [ RunTime:0.0037s ]
SQL: SELECT * FROM `user` WHERE `account` = 'admin' AND `password` = 'admin'  [ RunTime:0.0004s ]
NOTIC: [8] Use of undefined constant root - assumed 'root' H:\Demo\house\Application\Home\Controller\LoginController.class.php 第 19 行.
NOTIC: [8] Use of undefined constant name - assumed 'name' H:\Demo\house\Application\Home\Controller\LoginController.class.php 第 21 行.
SQL: SHOW COLUMNS FROM `log` [ RunTime:0.0030s ]
SQL: INSERT INTO `log` (`ip`,`name`,`operation`,`data`) VALUES ('0.0.0.0','','登陆','登陆成功') [ RunTime:0.0691s ]
INFO: [ view_parse ] --START--
INFO: [ template_filter ] --START--
INFO: Run Behavior\ContentReplaceBehavior [ RunTime:0.000071s ]
INFO: [ template_filter ] --END-- [ RunTime:0.000157s ]
INFO: Run Behavior\ParseTemplateBehavior [ RunTime:0.070276s ]
INFO: [ view_parse ] --END-- [ RunTime:0.070372s ]
INFO: [ view_filter ] --START--
INFO: Run Behavior\WriteHtmlCacheBehavior [ RunTime:0.000375s ]
INFO: [ view_filter ] --END-- [ RunTime:0.000426s ]
INFO: [ app_end ] --START--
INFO: Run Behavior\ShowPageTraceBehavior [ RunTime:0.000528s ]
INFO: [ app_end ] --END-- [ RunTime:0.000581s ]

[ 2016-08-31T13:52:57+08:00 ] ::1 /house/index.php/Home/Index/top
INFO: [ app_init ] --START--
INFO: Run Behavior\BuildLiteBehavior [ RunTime:0.000014s ]
INFO: [ app_init ] --END-- [ RunTime:0.000349s ]
INFO: [ app_begin ] --START--
INFO: Run Behavior\ReadHtmlCacheBehavior [ RunTime:0.000399s ]
INFO: [ app_begin ] --END-- [ RunTime:0.000459s ]
INFO: [ view_parse ] --START--
INFO: [ template_filter ] --START--
INFO: Run Behavior\ContentReplaceBehavior [ RunTime:0.000044s ]
INFO: [ template_filter ] --END-- [ RunTime:0.000106s ]
INFO: Run Behavior\ParseTemplateBehavior [ RunTime:0.118344s ]
INFO: [ view_parse ] --END-- [ RunTime:0.118435s ]
INFO: [ view_filter ] --START--
INFO: Run Behavior\WriteHtmlCacheBehavior [ RunTime:0.000360s ]
INFO: [ view_filter ] --END-- [ RunTime:0.000414s ]
INFO: [ app_end ] --START--
INFO: Run Behavior\ShowPageTraceBehavior [ RunTime:0.000534s ]
INFO: [ app_end ] --END-- [ RunTime:0.000588s ]

[ 2016-08-31T13:52:58+08:00 ] ::1 /house/index.php/Home/Index/right
INFO: [ app_init ] --START--
INFO: Run Behavior\BuildLiteBehavior [ RunTime:0.000012s ]
INFO: [ app_init ] --END-- [ RunTime:0.000280s ]
INFO: [ app_begin ] --START--
INFO: Run Behavior\ReadHtmlCacheBehavior [ RunTime:0.000378s ]
INFO: [ app_begin ] --END-- [ RunTime:0.000428s ]
SQL: SHOW COLUMNS FROM `muyecun` [ RunTime:0.0481s ]
SQL: SELECT COUNT(*) AS tp_count FROM `muyecun` LIMIT 1   [ RunTime:0.0281s ]
SQL: SELECT * FROM `muyecun` LIMIT 0,10   [ RunTime:0.0013s ]
INFO: [ view_parse ] --START--
INFO: [ template_filter ] --START--
INFO: Run Behavior\ContentReplaceBehavior [ RunTime:0.000217s ]
INFO: [ template_filter ] --END-- [ RunTime:0.000422s ]
INFO: Run Behavior\ParseTemplateBehavior [ RunTime:0.069349s ]
INFO: [ view_parse ] --END-- [ RunTime:0.069597s ]
INFO: [ view_filter ] --START--
INFO: Run Behavior\WriteHtmlCacheBehavior [ RunTime:0.000592s ]
INFO: [ view_filter ] --END-- [ RunTime:0.000719s ]
INFO: [ app_end ] --START--
INFO: Run Behavior\ShowPageTraceBehavior [ RunTime:0.000921s ]
INFO: [ app_end ] --END-- [ RunTime:0.001039s ]

[ 2016-08-31T13:52:59+08:00 ] ::1 /house/index.php/Home/Index/left
INFO: [ app_init ] --START--
INFO: Run Behavior\BuildLiteBehavior [ RunTime:0.000013s ]
INFO: [ app_init ] --END-- [ RunTime:0.000283s ]
INFO: [ app_begin ] --START--
INFO: Run Behavior\ReadHtmlCacheBehavior [ RunTime:0.000360s ]
INFO: [ app_begin ] --END-- [ RunTime:0.000432s ]
SQL: SHOW COLUMNS FROM `muyecun` [ RunTime:0.0105s ]
SQL: SELECT DISTINCT  `v_name` FROM `muyecun`  [ RunTime:0.0301s ]
INFO: [ view_parse ] --START--
INFO: [ template_filter ] --START--
INFO: Run Behavior\ContentReplaceBehavior [ RunTime:0.000229s ]
INFO: [ template_filter ] --END-- [ RunTime:0.000442s ]
INFO: Run Behavior\ParseTemplateBehavior [ RunTime:0.081713s ]
INFO: [ view_parse ] --END-- [ RunTime:0.081921s ]
INFO: [ view_filter ] --START--
INFO: Run Behavior\WriteHtmlCacheBehavior [ RunTime:0.000735s ]
INFO: [ view_filter ] --END-- [ RunTime:0.000899s ]
INFO: [ app_end ] --START--
INFO: Run Behavior\ShowPageTraceBehavior [ RunTime:0.001400s ]
INFO: [ app_end ] --END-- [ RunTime:0.001571s ]

[ 2016-08-31T13:52:59+08:00 ] ::1 /house/index.php/Home/Index/min/b=CoreAdmin/js&f=cookie/jquery.cookie.js,jwysiwyg/jquery.wysiwyg.js,tooltipsy.min.js,iphone-style-checkboxes.js,excanvas.js,zoombox/zoombox.js,visualize.jQuery.js,jquery.uniform.min.js,main.js
INFO: [ app_init ] --START--
INFO: Run Behavior\BuildLiteBehavior [ RunTime:0.000012s ]
INFO: [ app_init ] --END-- [ RunTime:0.000256s ]
INFO: [ app_begin ] --START--
INFO: Run Behavior\ReadHtmlCacheBehavior [ RunTime:0.000346s ]
INFO: [ app_begin ] --END-- [ RunTime:0.000396s ]
ERR: 非法操作:min

[ 2016-08-31T14:28:08+08:00 ] ::1 /house/index.php/Home/Rent/xiaoquModify.html
INFO: [ app_init ] --START--
INFO: Run Behavior\BuildLiteBehavior [ RunTime:0.000016s ]
INFO: [ app_init ] --END-- [ RunTime:0.000364s ]
INFO: [ app_begin ] --START--
INFO: Run Behavior\ReadHtmlCacheBehavior [ RunTime:0.000540s ]
INFO: [ app_begin ] --END-- [ RunTime:0.000605s ]
SQL: SHOW COLUMNS FROM `xiaoqu` [ RunTime:0.0642s ]
SQL: SELECT * FROM `xiaoqu`  [ RunTime:0.0176s ]
INFO: [ view_parse ] --START--
INFO: [ template_filter ] --START--
INFO: Run Behavior\ContentReplaceBehavior [ RunTime:0.000109s ]
INFO: [ template_filter ] --END-- [ RunTime:0.000221s ]
INFO: Run Behavior\ParseTemplateBehavior [ RunTime:0.058413s ]
INFO: [ view_parse ] --END-- [ RunTime:0.058632s ]
INFO: [ view_filter ] --START--
INFO: Run Behavior\WriteHtmlCacheBehavior [ RunTime:0.000546s ]
INFO: [ view_filter ] --END-- [ RunTime:0.000629s ]
INFO: [ app_end ] --START--
INFO: Run Behavior\ShowPageTraceBehavior [ RunTime:0.000874s ]
INFO: [ app_end ] --END-- [ RunTime:0.000975s ]

[ 2016-08-31T14:28:22+08:00 ] ::1 /house/index.php/Home/Rent/typeModify.html
INFO: [ app_init ] --START--
INFO: Run Behavior\BuildLiteBehavior [ RunTime:0.000015s ]
INFO: [ app_init ] --END-- [ RunTime:0.000326s ]
INFO: [ app_begin ] --START--
INFO: Run Behavior\ReadHtmlCacheBehavior [ RunTime:0.000436s ]
INFO: [ app_begin ] --END-- [ RunTime:0.000499s ]
SQL: SHOW COLUMNS FROM `person_type` [ RunTime:0.0601s ]
SQL: SELECT * FROM `person_type`  [ RunTime:0.0008s ]
INFO: [ view_parse ] --START--
INFO: [ template_filter ] --START--
INFO: Run Behavior\ContentReplaceBehavior [ RunTime:0.000205s ]
INFO: [ template_filter ] --END-- [ RunTime:0.000413s ]
INFO: Run Behavior\ParseTemplateBehavior [ RunTime:0.040931s ]
INFO: [ view_parse ] --END-- [ RunTime:0.041202s ]
INFO: [ view_filter ] --START--
INFO: Run Behavior\WriteHtmlCacheBehavior [ RunTime:0.000690s ]
INFO: [ view_filter ] --END-- [ RunTime:0.000849s ]
INFO: [ app_end ] --START--
INFO: Run Behavior\ShowPageTraceBehavior [ RunTime:0.001407s ]
INFO: [ app_end ] --END-- [ RunTime:0.001573s ]

[ 2016-08-31T14:28:31+08:00 ] ::1 /house/index.php/Home/Rent/right.html
INFO: [ app_init ] --START--
INFO: Run Behavior\BuildLiteBehavior [ RunTime:0.000015s ]
INFO: [ app_init ] --END-- [ RunTime:0.000324s ]
INFO: [ app_begin ] --START--
INFO: Run Behavior\ReadHtmlCacheBehavior [ RunTime:0.000432s ]
INFO: [ app_begin ] --END-- [ RunTime:0.000494s ]
INFO: [ view_parse ] --START--
INFO: [ template_filter ] --START--
INFO: Run Behavior\ContentReplaceBehavior [ RunTime:0.000057s ]
INFO: [ template_filter ] --END-- [ RunTime:0.000130s ]
INFO: Run Behavior\ParseTemplateBehavior [ RunTime:0.042441s ]
INFO: [ view_parse ] --END-- [ RunTime:0.042521s ]
INFO: [ view_filter ] --START--
INFO: Run Behavior\WriteHtmlCacheBehavior [ RunTime:0.000243s ]
INFO: [ view_filter ] --END-- [ RunTime:0.000296s ]
INFO: [ app_end ] --START--
INFO: Run Behavior\ShowPageTraceBehavior [ RunTime:0.000455s ]
INFO: [ app_end ] --END-- [ RunTime:0.000511s ]

[ 2016-08-31T14:28:33+08:00 ] ::1 /house/index.php/Home/Rent/personInfo
INFO: [ app_init ] --START--
INFO: Run Behavior\BuildLiteBehavior [ RunTime:0.000017s ]
INFO: [ app_init ] --END-- [ RunTime:0.000342s ]
INFO: [ app_begin ] --START--
INFO: Run Behavior\ReadHtmlCacheBehavior [ RunTime:0.000577s ]
INFO: [ app_begin ] --END-- [ RunTime:0.000655s ]
SQL: SHOW COLUMNS FROM `person_type` [ RunTime:0.0092s ]
SQL: SELECT `name` FROM `person_type`  [ RunTime:0.0008s ]
INFO: [ view_parse ] --START--
INFO: [ template_filter ] --START--
INFO: Run Behavior\ContentReplaceBehavior [ RunTime:0.000189s ]
INFO: [ template_filter ] --END-- [ RunTime:0.000395s ]
INFO: Run Behavior\ParseTemplateBehavior [ RunTime:0.049192s ]
INFO: [ view_parse ] --END-- [ RunTime:0.049439s ]
INFO: [ view_filter ] --START--
INFO: Run Behavior\WriteHtmlCacheBehavior [ RunTime:0.000728s ]
INFO: [ view_filter ] --END-- [ RunTime:0.000890s ]
INFO: [ app_end ] --START--
INFO: Run Behavior\ShowPageTraceBehavior [ RunTime:0.001389s ]
INFO: [ app_end ] --END-- [ RunTime:0.001561s ]

[ 2016-08-31T14:28:48+08:00 ] ::1 /house/index.php/Home/Rent/typeModify.html
INFO: [ app_init ] --START--
INFO: Run Behavior\BuildLiteBehavior [ RunTime:0.000016s ]
INFO: [ app_init ] --END-- [ RunTime:0.000324s ]
INFO: [ app_begin ] --START--
INFO: Run Behavior\ReadHtmlCacheBehavior [ RunTime:0.000431s ]
INFO: [ app_begin ] --END-- [ RunTime:0.000494s ]
SQL: SHOW COLUMNS FROM `person_type` [ RunTime:0.0043s ]
SQL: SELECT * FROM `person_type`  [ RunTime:0.0003s ]
INFO: [ view_parse ] --START--
INFO: [ template_filter ] --START--
INFO: Run Behavior\ContentReplaceBehavior [ RunTime:0.000079s ]
INFO: [ template_filter ] --END-- [ RunTime:0.000152s ]
INFO: Run Behavior\ParseTemplateBehavior [ RunTime:0.008089s ]
INFO: [ view_parse ] --END-- [ RunTime:0.008171s ]
INFO: [ view_filter ] --START--
INFO: Run Behavior\WriteHtmlCacheBehavior [ RunTime:0.000259s ]
INFO: [ view_filter ] --END-- [ RunTime:0.000319s ]
INFO: [ app_end ] --START--
INFO: Run Behavior\ShowPageTraceBehavior [ RunTime:0.000542s ]
INFO: [ app_end ] --END-- [ RunTime:0.000605s ]

[ 2016-08-31T14:29:01+08:00 ] ::1 /house/index.php/Home/Rent/statistics.html
INFO: [ app_init ] --START--
INFO: Run Behavior\BuildLiteBehavior [ RunTime:0.000016s ]
INFO: [ app_init ] --END-- [ RunTime:0.000329s ]
INFO: [ app_begin ] --START--
INFO: Run Behavior\ReadHtmlCacheBehavior [ RunTime:0.000436s ]
INFO: [ app_begin ] --END-- [ RunTime:0.000499s ]
INFO: [ view_parse ] --START--
INFO: [ template_filter ] --START--
INFO: Run Behavior\ContentReplaceBehavior [ RunTime:0.000048s ]
INFO: [ template_filter ] --END-- [ RunTime:0.000098s ]
INFO: Run Behavior\ParseTemplateBehavior [ RunTime:0.011617s ]
INFO: [ view_parse ] --END-- [ RunTime:0.011714s ]
INFO: [ view_filter ] --START--
INFO: Run Behavior\WriteHtmlCacheBehavior [ RunTime:0.000244s ]
INFO: [ view_filter ] --END-- [ RunTime:0.000297s ]
INFO: [ app_end ] --START--
INFO: Run Behavior\ShowPageTraceBehavior [ RunTime:0.000381s ]
INFO: [ app_end ] --END-- [ RunTime:0.000428s ]

[ 2016-08-31T14:29:26+08:00 ] ::1 /house/index.php/Home/Rent/form1.html
INFO: [ app_init ] --START--
INFO: Run Behavior\BuildLiteBehavior [ RunTime:0.000014s ]
INFO: [ app_init ] --END-- [ RunTime:0.000322s ]
INFO: [ app_begin ] --START--
INFO: Run Behavior\ReadHtmlCacheBehavior [ RunTime:0.000445s ]
INFO: [ app_begin ] --END-- [ RunTime:0.000517s ]
SQL: SHOW COLUMNS FROM `muyecun` [ RunTime:0.0030s ]
SQL: SHOW COLUMNS FROM `fangzujilu` [ RunTime:0.0676s ]
SQL: SHOW COLUMNS FROM `xiaoqu` [ RunTime:0.0026s ]
SQL: SHOW COLUMNS FROM `form1_temp` [ RunTime:0.0370s ]
SQL: SELECT `time` FROM `form1_temp`  [ RunTime:0.0048s ]
SQL: SELECT * FROM `xiaoqu`  [ RunTime:0.0003s ]
NOTIC: [8] Use of undefined constant name - assumed 'name' H:\Demo\house\Application\Home\Controller\RentController.class.php 第 619 行.
SQL: SELECT * FROM `muyecun` WHERE `v_name` LIKE '木叶村'  [ RunTime:0.0005s ]
SQL: SELECT * FROM `fangzujilu` WHERE ( house_id = 1 )  [ RunTime:0.0232s ]
SQL: SELECT * FROM `form1_temp`  [ RunTime:0.0003s ]
SQL: DELETE FROM `form1_temp` WHERE ( id = 81 ) [ RunTime:0.0242s ]
SQL: INSERT INTO `form1_temp` (`time`,`name`,`rent`,`expense`,`manage`,`others`) VALUES ('2016-07-01','木叶村','18000','21432','0','0') [ RunTime:0.0005s ]
NOTIC: [8] Use of undefined constant name - assumed 'name' H:\Demo\house\Application\Home\Controller\RentController.class.php 第 619 行.
SQL: SELECT * FROM `muyecun` WHERE `v_name` LIKE '雾忍者村'  [ RunTime:0.0003s ]
SQL: SELECT * FROM `fangzujilu` WHERE ( house_id = 4 )  [ RunTime:0.0002s ]
SQL: SELECT * FROM `fangzujilu` WHERE ( house_id = 8 )  [ RunTime:0.0002s ]
SQL: SELECT * FROM `form1_temp`  [ RunTime:0.0002s ]
SQL: DELETE FROM `form1_temp` WHERE ( id = 82 ) [ RunTime:0.0002s ]
SQL: INSERT INTO `form1_temp` (`time`,`name`,`rent`,`expense`,`manage`,`others`) VALUES ('2016-07-01','雾忍者村','3201','0','0','0') [ RunTime:0.0004s ]
INFO: [ view_parse ] --START--
INFO: [ template_filter ] --START--
INFO: Run Behavior\ContentReplaceBehavior [ RunTime:0.000168s ]
INFO: [ template_filter ] --END-- [ RunTime:0.000370s ]
INFO: Run Behavior\ParseTemplateBehavior [ RunTime:0.036494s ]
INFO: [ view_parse ] --END-- [ RunTime:0.036688s ]
INFO: [ view_filter ] --START--
INFO: Run Behavior\WriteHtmlCacheBehavior [ RunTime:0.000711s ]
INFO: [ view_filter ] --END-- [ RunTime:0.000881s ]
INFO: [ app_end ] --START--
INFO: Run Behavior\ShowPageTraceBehavior [ RunTime:0.001419s ]
INFO: [ app_end ] --END-- [ RunTime:0.001597s ]

[ 2016-08-31T14:30:38+08:00 ] ::1 /house/index.php/Home/Rent/statistics.html
INFO: [ app_init ] --START--
INFO: Run Behavior\BuildLiteBehavior [ RunTime:0.000015s ]
INFO: [ app_init ] --END-- [ RunTime:0.000360s ]
INFO: [ app_begin ] --START--
INFO: Run Behavior\ReadHtmlCacheBehavior [ RunTime:0.000567s ]
INFO: [ app_begin ] --END-- [ RunTime:0.000632s ]
INFO: [ view_parse ] --START--
INFO: [ template_filter ] --START--
INFO: Run Behavior\ContentReplaceBehavior [ RunTime:0.000060s ]
INFO: [ template_filter ] --END-- [ RunTime:0.000139s ]
INFO: Run Behavior\ParseTemplateBehavior [ RunTime:0.005341s ]
INFO: [ view_parse ] --END-- [ RunTime:0.005409s ]
INFO: [ view_filter ] --START--
INFO: Run Behavior\WriteHtmlCacheBehavior [ RunTime:0.000320s ]
INFO: [ view_filter ] --END-- [ RunTime:0.000372s ]
INFO: [ app_end ] --START--
INFO: Run Behavior\ShowPageTraceBehavior [ RunTime:0.000541s ]
INFO: [ app_end ] --END-- [ RunTime:0.000599s ]

[ 2016-08-31T14:30:43+08:00 ] ::1 /house/index.php/Home/Rent/form2.html
INFO: [ app_init ] --START--
INFO: Run Behavior\BuildLiteBehavior [ RunTime:0.000016s ]
INFO: [ app_init ] --END-- [ RunTime:0.000324s ]
INFO: [ app_begin ] --START--
INFO: Run Behavior\ReadHtmlCacheBehavior [ RunTime:0.000425s ]
INFO: [ app_begin ] --END-- [ RunTime:0.000488s ]
SQL: SHOW COLUMNS FROM `muyecun` [ RunTime:0.0102s ]
SQL: SHOW COLUMNS FROM `fangzujilu` [ RunTime:0.0085s ]
SQL: SHOW COLUMNS FROM `xiaoqu` [ RunTime:0.0086s ]
SQL: SELECT * FROM `xiaoqu`  [ RunTime:0.0008s ]
SQL: SELECT * FROM `fangzujilu`  [ RunTime:0.0012s ]
SQL: SELECT * FROM `muyecun` WHERE ( id = 1 )  [ RunTime:0.0010s ]
SQL: SELECT * FROM `muyecun` WHERE ( id = 4 )  [ RunTime:0.0009s ]
SQL: SELECT * FROM `muyecun` WHERE ( id = 4 )  [ RunTime:0.0009s ]
SQL: SELECT * FROM `muyecun` WHERE ( id = 4 )  [ RunTime:0.0009s ]
SQL: SELECT * FROM `muyecun` WHERE ( id = 4 )  [ RunTime:0.0009s ]
SQL: SELECT * FROM `muyecun` WHERE ( id = 4 )  [ RunTime:0.0009s ]
SQL: SELECT * FROM `muyecun` WHERE ( id = 4 )  [ RunTime:0.0009s ]
SQL: SELECT * FROM `muyecun` WHERE ( id = 4 )  [ RunTime:0.0009s ]
SQL: SELECT * FROM `muyecun` WHERE ( id = 1 )  [ RunTime:0.0009s ]
SQL: SELECT * FROM `muyecun` WHERE ( id = 1 )  [ RunTime:0.0009s ]
SQL: SELECT * FROM `muyecun` WHERE ( id = 1 )  [ RunTime:0.0009s ]
SQL: SELECT * FROM `muyecun` WHERE ( id = 1 )  [ RunTime:0.0009s ]
SQL: SELECT * FROM `muyecun` WHERE ( id = 1 )  [ RunTime:0.0009s ]
SQL: SELECT * FROM `muyecun` WHERE ( id = 1 )  [ RunTime:0.0009s ]
SQL: SELECT * FROM `muyecun` WHERE ( id = 1 )  [ RunTime:0.0010s ]
SQL: SELECT * FROM `muyecun` WHERE ( id = 4 )  [ RunTime:0.0009s ]
SQL: SELECT * FROM `muyecun` WHERE ( id = 1 )  [ RunTime:0.0009s ]
SQL: SELECT * FROM `muyecun` WHERE ( id = 1 )  [ RunTime:0.0009s ]
SQL: SELECT * FROM `muyecun` WHERE ( id = 4 )  [ RunTime:0.0009s ]
SQL: SELECT * FROM `muyecun` WHERE ( id = 4 )  [ RunTime:0.0009s ]
SQL: SELECT * FROM `muyecun` WHERE ( id = 4 )  [ RunTime:0.0009s ]
SQL: SELECT * FROM `muyecun` WHERE ( id = 4 )  [ RunTime:0.0009s ]
SQL: SELECT * FROM `muyecun` WHERE ( id = 4 )  [ RunTime:0.0006s ]
SQL: SELECT * FROM `muyecun` WHERE ( id = 4 )  [ RunTime:0.0005s ]
SQL: SELECT * FROM `muyecun` WHERE ( id = 4 )  [ RunTime:0.0006s ]
SQL: SELECT * FROM `muyecun` WHERE ( id = 1 )  [ RunTime:0.0005s ]
SQL: SELECT * FROM `muyecun` WHERE ( id = 1 )  [ RunTime:0.0005s ]
SQL: SELECT * FROM `muyecun` WHERE ( id = 1 )  [ RunTime:0.0005s ]
SQL: SELECT * FROM `muyecun` WHERE ( id = 1 )  [ RunTime:0.0005s ]
SQL: SELECT * FROM `muyecun` WHERE ( id = 1 )  [ RunTime:0.0006s ]
SQL: SELECT * FROM `muyecun` WHERE ( id = 1 )  [ RunTime:0.0005s ]
SQL: SELECT * FROM `muyecun` WHERE ( id = 1 )  [ RunTime:0.0005s ]
SQL: SELECT * FROM `muyecun` WHERE ( id = 4 )  [ RunTime:0.0005s ]
SQL: SELECT * FROM `muyecun` WHERE ( id = 1 )  [ RunTime:0.0005s ]
INFO: [ view_parse ] --START--
INFO: [ template_filter ] --START--
INFO: Run Behavior\ContentReplaceBehavior [ RunTime:0.000168s ]
INFO: [ template_filter ] --END-- [ RunTime:0.000369s ]
NOTIC: [8] Undefined index: v_name H:\Demo\house\Application\Runtime\Cache\Home\fd28eafc5477a0db37d1a07e955b0bb0.php 第 41 行.
NOTIC: [8] Undefined index: house_number H:\Demo\house\Application\Runtime\Cache\Home\fd28eafc5477a0db37d1a07e955b0bb0.php 第 42 行.
NOTIC: [8] Undefined index: area H:\Demo\house\Application\Runtime\Cache\Home\fd28eafc5477a0db37d1a07e955b0bb0.php 第 43 行.
NOTIC: [8] Undefined index: card_number H:\Demo\house\Application\Runtime\Cache\Home\fd28eafc5477a0db37d1a07e955b0bb0.php 第 44 行.
NOTIC: [8] Undefined index: time H:\Demo\house\Application\Runtime\Cache\Home\fd28eafc5477a0db37d1a07e955b0bb0.php 第 47 行.
NOTIC: [8] Undefined index: v_name H:\Demo\house\Application\Runtime\Cache\Home\fd28eafc5477a0db37d1a07e955b0bb0.php 第 41 行.
NOTIC: [8] Undefined index: house_number H:\Demo\house\Application\Runtime\Cache\Home\fd28eafc5477a0db37d1a07e955b0bb0.php 第 42 行.
NOTIC: [8] Undefined index: area H:\Demo\house\Application\Runtime\Cache\Home\fd28eafc5477a0db37d1a07e955b0bb0.php 第 43 行.
NOTIC: [8] Undefined index: card_number H:\Demo\house\Application\Runtime\Cache\Home\fd28eafc5477a0db37d1a07e955b0bb0.php 第 44 行.
NOTIC: [8] Undefined index: time H:\Demo\house\Application\Runtime\Cache\Home\fd28eafc5477a0db37d1a07e955b0bb0.php 第 47 行.
INFO: Run Behavior\ParseTemplateBehavior [ RunTime:0.044778s ]
INFO: [ view_parse ] --END-- [ RunTime:0.045049s ]
INFO: [ view_filter ] --START--
INFO: Run Behavior\WriteHtmlCacheBehavior [ RunTime:0.000751s ]
INFO: [ view_filter ] --END-- [ RunTime:0.000909s ]
INFO: [ app_end ] --START--
INFO: Run Behavior\ShowPageTraceBehavior [ RunTime:0.001416s ]
INFO: [ app_end ] --END-- [ RunTime:0.001600s ]

[ 2016-08-31T14:31:07+08:00 ] ::1 /house/index.php/Home/Rent/form2Excel?y=2016&w=07
INFO: [ app_init ] --START--
INFO: Run Behavior\BuildLiteBehavior [ RunTime:0.000016s ]
INFO: [ app_init ] --END-- [ RunTime:0.000333s ]
INFO: [ app_begin ] --START--
INFO: Run Behavior\ReadHtmlCacheBehavior [ RunTime:0.000435s ]
INFO: [ app_begin ] --END-- [ RunTime:0.000500s ]
SQL: SHOW COLUMNS FROM `muyecun` [ RunTime:0.0051s ]
SQL: SHOW COLUMNS FROM `fangzujilu` [ RunTime:0.0038s ]
SQL: SHOW COLUMNS FROM `xiaoqu` [ RunTime:0.0038s ]
SQL: SELECT * FROM `xiaoqu`  [ RunTime:0.0004s ]
SQL: SELECT * FROM `fangzujilu`  [ RunTime:0.0005s ]
SQL: SELECT * FROM `muyecun` WHERE ( id = 1 )  [ RunTime:0.0005s ]
SQL: SELECT * FROM `muyecun` WHERE ( id = 4 )  [ RunTime:0.0004s ]
SQL: SELECT * FROM `muyecun` WHERE ( id = 4 )  [ RunTime:0.0004s ]
SQL: SELECT * FROM `muyecun` WHERE ( id = 4 )  [ RunTime:0.0004s ]
SQL: SELECT * FROM `muyecun` WHERE ( id = 4 )  [ RunTime:0.0004s ]
SQL: SELECT * FROM `muyecun` WHERE ( id = 4 )  [ RunTime:0.0004s ]
SQL: SELECT * FROM `muyecun` WHERE ( id = 4 )  [ RunTime:0.0004s ]
SQL: SELECT * FROM `muyecun` WHERE ( id = 4 )  [ RunTime:0.0004s ]
SQL: SELECT * FROM `muyecun` WHERE ( id = 1 )  [ RunTime:0.0004s ]
SQL: SELECT * FROM `muyecun` WHERE ( id = 1 )  [ RunTime:0.0004s ]
SQL: SELECT * FROM `muyecun` WHERE ( id = 1 )  [ RunTime:0.0004s ]
SQL: SELECT * FROM `muyecun` WHERE ( id = 1 )  [ RunTime:0.0004s ]
SQL: SELECT * FROM `muyecun` WHERE ( id = 1 )  [ RunTime:0.0004s ]
SQL: SELECT * FROM `muyecun` WHERE ( id = 1 )  [ RunTime:0.0004s ]
SQL: SELECT * FROM `muyecun` WHERE ( id = 1 )  [ RunTime:0.0004s ]
SQL: SELECT * FROM `muyecun` WHERE ( id = 4 )  [ RunTime:0.0004s ]
SQL: SELECT * FROM `muyecun` WHERE ( id = 1 )  [ RunTime:0.0004s ]
SQL: SELECT * FROM `muyecun` WHERE ( id = 1 )  [ RunTime:0.0004s ]
SQL: SELECT * FROM `muyecun` WHERE ( id = 4 )  [ RunTime:0.0004s ]
SQL: SELECT * FROM `muyecun` WHERE ( id = 4 )  [ RunTime:0.0004s ]
SQL: SELECT * FROM `muyecun` WHERE ( id = 4 )  [ RunTime:0.0004s ]
SQL: SELECT * FROM `muyecun` WHERE ( id = 4 )  [ RunTime:0.0004s ]
SQL: SELECT * FROM `muyecun` WHERE ( id = 4 )  [ RunTime:0.0004s ]
SQL: SELECT * FROM `muyecun` WHERE ( id = 4 )  [ RunTime:0.0004s ]
SQL: SELECT * FROM `muyecun` WHERE ( id = 4 )  [ RunTime:0.0003s ]
SQL: SELECT * FROM `muyecun` WHERE ( id = 1 )  [ RunTime:0.0003s ]
SQL: SELECT * FROM `muyecun` WHERE ( id = 1 )  [ RunTime:0.0003s ]
SQL: SELECT * FROM `muyecun` WHERE ( id = 1 )  [ RunTime:0.0003s ]
SQL: SELECT * FROM `muyecun` WHERE ( id = 1 )  [ RunTime:0.0003s ]
SQL: SELECT * FROM `muyecun` WHERE ( id = 1 )  [ RunTime:0.0003s ]
SQL: SELECT * FROM `muyecun` WHERE ( id = 1 )  [ RunTime:0.0003s ]
SQL: SELECT * FROM `muyecun` WHERE ( id = 1 )  [ RunTime:0.0003s ]
SQL: SELECT * FROM `muyecun` WHERE ( id = 4 )  [ RunTime:0.0003s ]
SQL: SELECT * FROM `muyecun` WHERE ( id = 1 )  [ RunTime:0.0003s ]
NOTIC: [8] Undefined variable: fileName H:\Demo\house\Application\Home\Controller\RentController.class.php 第 896 行.
NOTIC: [8] Undefined index: v_name H:\Demo\house\Application\Home\Controller\RentController.class.php 第 918 行.
NOTIC: [8] Undefined index: house_number H:\Demo\house\Application\Home\Controller\RentController.class.php 第 919 行.
NOTIC: [8] Undefined index: area H:\Demo\house\Application\Home\Controller\RentController.class.php 第 920 行.
NOTIC: [8] Undefined index: card_number H:\Demo\house\Application\Home\Controller\RentController.class.php 第 921 行.
NOTIC: [8] Undefined index: time H:\Demo\house\Application\Home\Controller\RentController.class.php 第 924 行.
NOTIC: [8] Undefined index: v_name H:\Demo\house\Application\Home\Controller\RentController.class.php 第 918 行.
NOTIC: [8] Undefined index: house_number H:\Demo\house\Application\Home\Controller\RentController.class.php 第 919 行.
NOTIC: [8] Undefined index: area H:\Demo\house\Application\Home\Controller\RentController.class.php 第 920 行.
NOTIC: [8] Undefined index: card_number H:\Demo\house\Application\Home\Controller\RentController.class.php 第 921 行.
NOTIC: [8] Undefined index: time H:\Demo\house\Application\Home\Controller\RentController.class.php 第 924 行.

[ 2016-08-31T14:31:50+08:00 ] ::1 /house/index.php/Home/Rent/right.html
INFO: [ app_init ] --START--
INFO: Run Behavior\BuildLiteBehavior [ RunTime:0.000016s ]
INFO: [ app_init ] --END-- [ RunTime:0.000400s ]
INFO: [ app_begin ] --START--
INFO: Run Behavior\ReadHtmlCacheBehavior [ RunTime:0.000678s ]
INFO: [ app_begin ] --END-- [ RunTime:0.000744s ]
INFO: [ view_parse ] --START--
INFO: [ template_filter ] --START--
INFO: Run Behavior\ContentReplaceBehavior [ RunTime:0.000052s ]
INFO: [ template_filter ] --END-- [ RunTime:0.000112s ]
INFO: Run Behavior\ParseTemplateBehavior [ RunTime:0.006038s ]
INFO: [ view_parse ] --END-- [ RunTime:0.006099s ]
INFO: [ view_filter ] --START--
INFO: Run Behavior\WriteHtmlCacheBehavior [ RunTime:0.000466s ]
INFO: [ view_filter ] --END-- [ RunTime:0.000522s ]
INFO: [ app_end ] --START--
INFO: Run Behavior\ShowPageTraceBehavior [ RunTime:0.000688s ]
INFO: [ app_end ] --END-- [ RunTime:0.000746s ]

[ 2016-08-31T14:31:52+08:00 ] ::1 /house/index.php/Home/Rent/personInfo
INFO: [ app_init ] --START--
INFO: Run Behavior\BuildLiteBehavior [ RunTime:0.000015s ]
INFO: [ app_init ] --END-- [ RunTime:0.000394s ]
INFO: [ app_begin ] --START--
INFO: Run Behavior\ReadHtmlCacheBehavior [ RunTime:0.000675s ]
INFO: [ app_begin ] --END-- [ RunTime:0.000740s ]
SQL: SHOW COLUMNS FROM `person_type` [ RunTime:0.0088s ]
SQL: SELECT `name` FROM `person_type`  [ RunTime:0.0007s ]
INFO: [ view_parse ] --START--
INFO: [ template_filter ] --START--
INFO: Run Behavior\ContentReplaceBehavior [ RunTime:0.000096s ]
INFO: [ template_filter ] --END-- [ RunTime:0.000226s ]
INFO: Run Behavior\ParseTemplateBehavior [ RunTime:0.021761s ]
INFO: [ view_parse ] --END-- [ RunTime:0.021945s ]
INFO: [ view_filter ] --START--
INFO: Run Behavior\WriteHtmlCacheBehavior [ RunTime:0.001212s ]
INFO: [ view_filter ] --END-- [ RunTime:0.001349s ]
INFO: [ app_end ] --START--
INFO: Run Behavior\ShowPageTraceBehavior [ RunTime:0.001628s ]
INFO: [ app_end ] --END-- [ RunTime:0.001762s ]

[ 2016-08-31T14:32:12+08:00 ] ::1 /house/index.php/Home/Rent/xiaoquModify.html
INFO: [ app_init ] --START--
INFO: Run Behavior\BuildLiteBehavior [ RunTime:0.000015s ]
INFO: [ app_init ] --END-- [ RunTime:0.000396s ]
INFO: [ app_begin ] --START--
INFO: Run Behavior\ReadHtmlCacheBehavior [ RunTime:0.000689s ]
INFO: [ app_begin ] --END-- [ RunTime:0.000756s ]
SQL: SHOW COLUMNS FROM `xiaoqu` [ RunTime:0.0037s ]
SQL: SELECT * FROM `xiaoqu`  [ RunTime:0.0003s ]
INFO: [ view_parse ] --START--
INFO: [ template_filter ] --START--
INFO: Run Behavior\ContentReplaceBehavior [ RunTime:0.000069s ]
INFO: [ template_filter ] --END-- [ RunTime:0.000142s ]
INFO: Run Behavior\ParseTemplateBehavior [ RunTime:0.008989s ]
INFO: [ view_parse ] --END-- [ RunTime:0.009071s ]
INFO: [ view_filter ] --START--
INFO: Run Behavior\WriteHtmlCacheBehavior [ RunTime:0.000489s ]
INFO: [ view_filter ] --END-- [ RunTime:0.000544s ]
INFO: [ app_end ] --START--
INFO: Run Behavior\ShowPageTraceBehavior [ RunTime:0.000737s ]
INFO: [ app_end ] --END-- [ RunTime:0.000794s ]

[ 2016-08-31T14:32:29+08:00 ] ::1 /house/index.php/Home/Rent/right.html
INFO: [ app_init ] --START--
INFO: Run Behavior\BuildLiteBehavior [ RunTime:0.000017s ]
INFO: [ app_init ] --END-- [ RunTime:0.000400s ]
INFO: [ app_begin ] --START--
INFO: Run Behavior\ReadHtmlCacheBehavior [ RunTime:0.000697s ]
INFO: [ app_begin ] --END-- [ RunTime:0.000766s ]
INFO: [ view_parse ] --START--
INFO: [ template_filter ] --START--
INFO: Run Behavior\ContentReplaceBehavior [ RunTime:0.000053s ]
INFO: [ template_filter ] --END-- [ RunTime:0.000114s ]
INFO: Run Behavior\ParseTemplateBehavior [ RunTime:0.005894s ]
INFO: [ view_parse ] --END-- [ RunTime:0.005959s ]
INFO: [ view_filter ] --START--
INFO: Run Behavior\WriteHtmlCacheBehavior [ RunTime:0.000471s ]
INFO: [ view_filter ] --END-- [ RunTime:0.000524s ]
INFO: [ app_end ] --START--
INFO: Run Behavior\ShowPageTraceBehavior [ RunTime:0.000690s ]
INFO: [ app_end ] --END-- [ RunTime:0.000747s ]

[ 2016-08-31T14:32:32+08:00 ] ::1 /house/index.php/Home/Rent/personInfo
INFO: [ app_init ] --START--
INFO: Run Behavior\BuildLiteBehavior [ RunTime:0.000015s ]
INFO: [ app_init ] --END-- [ RunTime:0.000399s ]
INFO: [ app_begin ] --START--
INFO: Run Behavior\ReadHtmlCacheBehavior [ RunTime:0.000682s ]
INFO: [ app_begin ] --END-- [ RunTime:0.000747s ]
SQL: SHOW COLUMNS FROM `person_type` [ RunTime:0.0037s ]
SQL: SELECT `name` FROM `person_type`  [ RunTime:0.0002s ]
INFO: [ view_parse ] --START--
INFO: [ template_filter ] --START--
INFO: Run Behavior\ContentReplaceBehavior [ RunTime:0.000059s ]
INFO: [ template_filter ] --END-- [ RunTime:0.000121s ]
INFO: Run Behavior\ParseTemplateBehavior [ RunTime:0.007281s ]
INFO: [ view_parse ] --END-- [ RunTime:0.007349s ]
INFO: [ view_filter ] --START--
INFO: Run Behavior\WriteHtmlCacheBehavior [ RunTime:0.000478s ]
INFO: [ view_filter ] --END-- [ RunTime:0.000531s ]
INFO: [ app_end ] --START--
INFO: Run Behavior\ShowPageTraceBehavior [ RunTime:0.000691s ]
INFO: [ app_end ] --END-- [ RunTime:0.000748s ]

[ 2016-08-31T14:33:39+08:00 ] ::1 /house/index.php/Home/Rent/right.html
INFO: [ app_init ] --START--
INFO: Run Behavior\BuildLiteBehavior [ RunTime:0.000012s ]
INFO: [ app_init ] --END-- [ RunTime:0.000281s ]
INFO: [ app_begin ] --START--
INFO: Run Behavior\ReadHtmlCacheBehavior [ RunTime:0.000464s ]
INFO: [ app_begin ] --END-- [ RunTime:0.000512s ]
INFO: [ view_parse ] --START--
INFO: [ template_filter ] --START--
INFO: Run Behavior\ContentReplaceBehavior [ RunTime:0.000044s ]
INFO: [ template_filter ] --END-- [ RunTime:0.000097s ]
INFO: Run Behavior\ParseTemplateBehavior [ RunTime:0.004560s ]
INFO: [ view_parse ] --END-- [ RunTime:0.004607s ]
INFO: [ view_filter ] --START--
INFO: Run Behavior\WriteHtmlCacheBehavior [ RunTime:0.000345s ]
INFO: [ view_filter ] --END-- [ RunTime:0.000388s ]
INFO: [ app_end ] --START--
INFO: Run Behavior\ShowPageTraceBehavior [ RunTime:0.000501s ]
INFO: [ app_end ] --END-- [ RunTime:0.000543s ]

[ 2016-08-31T14:33:47+08:00 ] ::1 /house/index.php/Home/Rent/rentRecord.html
INFO: [ app_init ] --START--
INFO: Run Behavior\BuildLiteBehavior [ RunTime:0.000016s ]
INFO: [ app_init ] --END-- [ RunTime:0.000372s ]
INFO: [ app_begin ] --START--
INFO: Run Behavior\ReadHtmlCacheBehavior [ RunTime:0.000858s ]
INFO: [ app_begin ] --END-- [ RunTime:0.000956s ]
SQL: SHOW COLUMNS FROM `person` [ RunTime:0.0425s ]
SQL: SHOW COLUMNS FROM `person_type` [ RunTime:0.0064s ]
SQL: SELECT * FROM `person` WHERE ( card_number = 135951 )  [ RunTime:0.0003s ]
SQL: SELECT * FROM `person_type` WHERE `name` LIKE '校长'  [ RunTime:0.0002s ]
SQL: SHOW COLUMNS FROM `muyecun` [ RunTime:0.0031s ]
SQL: SELECT * FROM `muyecun` WHERE ( card_number = 135951 )  [ RunTime:0.0003s ]
NOTIC: [8] Undefined offset: 0 H:\Demo\house\Application\Home\Controller\RentController.class.php 第 30 行.
INFO: [ view_parse ] --START--
INFO: [ template_filter ] --START--
INFO: Run Behavior\ContentReplaceBehavior [ RunTime:0.000055s ]
INFO: [ template_filter ] --END-- [ RunTime:0.000117s ]
INFO: Run Behavior\ParseTemplateBehavior [ RunTime:0.036475s ]
INFO: [ view_parse ] --END-- [ RunTime:0.036640s ]
INFO: [ view_filter ] --START--
INFO: Run Behavior\WriteHtmlCacheBehavior [ RunTime:0.000455s ]
INFO: [ view_filter ] --END-- [ RunTime:0.000518s ]
INFO: [ app_end ] --START--
INFO: Run Behavior\ShowPageTraceBehavior [ RunTime:0.000514s ]
INFO: [ app_end ] --END-- [ RunTime:0.000561s ]

[ 2016-08-31T14:33:54+08:00 ] ::1 /house/index.php/Home/Rent/rentPay?card_number=135951
INFO: [ app_init ] --START--
INFO: Run Behavior\BuildLiteBehavior [ RunTime:0.000016s ]
INFO: [ app_init ] --END-- [ RunTime:0.000364s ]
INFO: [ app_begin ] --START--
INFO: Run Behavior\ReadHtmlCacheBehavior [ RunTime:0.000537s ]
INFO: [ app_begin ] --END-- [ RunTime:0.000614s ]
SQL: SHOW COLUMNS FROM `fangzujilu` [ RunTime:0.0098s ]
SQL: SHOW COLUMNS FROM `person` [ RunTime:0.0094s ]
SQL: SHOW COLUMNS FROM `muyecun` [ RunTime:0.0087s ]
SQL: SHOW COLUMNS FROM `xiaoqu` [ RunTime:0.0068s ]
SQL: SHOW COLUMNS FROM `person_type` [ RunTime:0.0046s ]
SQL: SELECT * FROM `muyecun` WHERE ( card_number = 135951 )  [ RunTime:0.0006s ]
SQL: SELECT * FROM `fangzujilu` WHERE ( card_number = 135951 ) ORDER BY id  [ RunTime:0.0006s ]
NOTIC: [8] Use of undefined constant y - assumed 'y' H:\Demo\house\Application\Home\Controller\RentController.class.php 第 315 行.
NOTIC: [8] Undefined variable: data H:\Demo\house\Application\Home\Controller\RentController.class.php 第 396 行.
NOTIC: [2] Invalid argument supplied for foreach() H:\Demo\house\Application\Home\Controller\RentController.class.php 第 396 行.
SQL: SELECT * FROM `fangzujilu` WHERE ( card_number = 135951 ) ORDER BY id desc  [ RunTime:0.0005s ]
SQL: SELECT * FROM `muyecun` WHERE ( card_number = 135951 )  [ RunTime:0.0005s ]
INFO: [ view_parse ] --START--
INFO: [ template_filter ] --START--
INFO: Run Behavior\ContentReplaceBehavior [ RunTime:0.000133s ]
INFO: [ template_filter ] --END-- [ RunTime:0.000262s ]
INFO: Run Behavior\ParseTemplateBehavior [ RunTime:0.045201s ]
INFO: [ view_parse ] --END-- [ RunTime:0.045357s ]
INFO: [ view_filter ] --START--
INFO: Run Behavior\WriteHtmlCacheBehavior [ RunTime:0.000539s ]
INFO: [ view_filter ] --END-- [ RunTime:0.000628s ]
INFO: [ app_end ] --START--
INFO: Run Behavior\ShowPageTraceBehavior [ RunTime:0.001653s ]
INFO: [ app_end ] --END-- [ RunTime:0.001807s ]

[ 2016-08-31T14:34:11+08:00 ] ::1 /house/index.php/Home/Rent/rentPayHandle
INFO: [ app_init ] --START--
INFO: Run Behavior\BuildLiteBehavior [ RunTime:0.000018s ]
INFO: [ app_init ] --END-- [ RunTime:0.000401s ]
INFO: [ app_begin ] --START--
INFO: Run Behavior\ReadHtmlCacheBehavior [ RunTime:0.000576s ]
INFO: [ app_begin ] --END-- [ RunTime:0.000642s ]
SQL: SHOW COLUMNS FROM `fangzujilu` [ RunTime:0.0090s ]
SQL: UPDATE `fangzujilu` SET `res_person`='1',`status`='已交' WHERE `id` = 72 [ RunTime:0.0010s ]
INFO: [ view_parse ] --START--
INFO: [ template_filter ] --START--
INFO: Run Behavior\ContentReplaceBehavior [ RunTime:0.000151s ]
INFO: [ template_filter ] --END-- [ RunTime:0.000353s ]
INFO: Run Behavior\ParseTemplateBehavior [ RunTime:0.031360s ]
INFO: [ view_parse ] --END-- [ RunTime:0.031577s ]
INFO: [ view_filter ] --START--
INFO: Run Behavior\WriteHtmlCacheBehavior [ RunTime:0.001139s ]
INFO: [ view_filter ] --END-- [ RunTime:0.001306s ]
INFO: [ app_end ] --START--
INFO: Run Behavior\ShowPageTraceBehavior [ RunTime:0.001830s ]
INFO: [ app_end ] --END-- [ RunTime:0.002009s ]

[ 2016-08-31T14:34:13+08:00 ] ::1 /house/index.php/Home/Rent/rentPay?card_number=135951
INFO: [ app_init ] --START--
INFO: Run Behavior\BuildLiteBehavior [ RunTime:0.000029s ]
INFO: [ app_init ] --END-- [ RunTime:0.000701s ]
INFO: [ app_begin ] --START--
INFO: Run Behavior\ReadHtmlCacheBehavior [ RunTime:0.001106s ]
INFO: [ app_begin ] --END-- [ RunTime:0.001234s ]
SQL: SHOW COLUMNS FROM `fangzujilu` [ RunTime:0.0074s ]
SQL: SHOW COLUMNS FROM `person` [ RunTime:0.0091s ]
SQL: SHOW COLUMNS FROM `muyecun` [ RunTime:0.0093s ]
SQL: SHOW COLUMNS FROM `xiaoqu` [ RunTime:0.0079s ]
SQL: SHOW COLUMNS FROM `person_type` [ RunTime:0.0037s ]
SQL: SELECT * FROM `muyecun` WHERE ( card_number = 135951 )  [ RunTime:0.0005s ]
SQL: SELECT * FROM `fangzujilu` WHERE ( card_number = 135951 ) ORDER BY id  [ RunTime:0.0004s ]
NOTIC: [8] Use of undefined constant y - assumed 'y' H:\Demo\house\Application\Home\Controller\RentController.class.php 第 315 行.
NOTIC: [8] Undefined variable: data H:\Demo\house\Application\Home\Controller\RentController.class.php 第 396 行.
NOTIC: [2] Invalid argument supplied for foreach() H:\Demo\house\Application\Home\Controller\RentController.class.php 第 396 行.
SQL: SELECT * FROM `fangzujilu` WHERE ( card_number = 135951 ) ORDER BY id desc  [ RunTime:0.0004s ]
SQL: SELECT * FROM `muyecun` WHERE ( card_number = 135951 )  [ RunTime:0.0004s ]
INFO: [ view_parse ] --START--
INFO: [ template_filter ] --START--
INFO: Run Behavior\ContentReplaceBehavior [ RunTime:0.000111s ]
INFO: [ template_filter ] --END-- [ RunTime:0.000223s ]
INFO: Run Behavior\ParseTemplateBehavior [ RunTime:0.014579s ]
INFO: [ view_parse ] --END-- [ RunTime:0.014674s ]
INFO: [ view_filter ] --START--
INFO: Run Behavior\WriteHtmlCacheBehavior [ RunTime:0.000493s ]
INFO: [ view_filter ] --END-- [ RunTime:0.000566s ]
INFO: [ app_end ] --START--
INFO: Run Behavior\ShowPageTraceBehavior [ RunTime:0.000848s ]
INFO: [ app_end ] --END-- [ RunTime:0.000932s ]

[ 2016-08-31T14:34:26+08:00 ] ::1 /house/index.php/Home/Rent/rentPayModify
INFO: [ app_init ] --START--
INFO: Run Behavior\BuildLiteBehavior [ RunTime:0.000016s ]
INFO: [ app_init ] --END-- [ RunTime:0.000332s ]
INFO: [ app_begin ] --START--
INFO: Run Behavior\ReadHtmlCacheBehavior [ RunTime:0.000436s ]
INFO: [ app_begin ] --END-- [ RunTime:0.000499s ]
SQL: SHOW COLUMNS FROM `fangzujilu` [ RunTime:0.0094s ]
SQL: SHOW COLUMNS FROM `person` [ RunTime:0.0087s ]
SQL: SHOW COLUMNS FROM `muyecun` [ RunTime:0.0091s ]
SQL: SHOW COLUMNS FROM `xiaoqu` [ RunTime:0.0052s ]
SQL: SELECT * FROM `fangzujilu` WHERE ( id = 72 )  [ RunTime:0.0005s ]
SQL: UPDATE `fangzujilu` SET `end_time`='2016-08-15' WHERE ( id = 72 ) [ RunTime:0.0004s ]
SQL: SELECT `area` FROM `muyecun` WHERE ( card_number = 135951 )  [ RunTime:0.0004s ]
SQL: SELECT `v_name` FROM `muyecun` WHERE ( card_number=135951 )  [ RunTime:0.0004s ]
SQL: SELECT `rent` FROM `xiaoqu` WHERE `name` LIKE '木叶村'  [ RunTime:0.0004s ]
NOTIC: [8] Use of undefined constant rent - assumed 'rent' H:\Demo\house\Application\Home\Controller\RentController.class.php 第 477 行.
SQL: SELECT * FROM `person` WHERE ( card_number=135951 )  [ RunTime:0.0005s ]
NOTIC: [8] Undefined index: max_discount H:\Demo\house\Application\Home\Controller\RentController.class.php 第 483 行.
NOTIC: [8] Undefined index: start_discount H:\Demo\house\Application\Home\Controller\RentController.class.php 第 484 行.
NOTIC: [8] Undefined index: increase_discount H:\Demo\house\Application\Home\Controller\RentController.class.php 第 485 行.
SQL: UPDATE `fangzujilu` SET `end_time`='2016-08-15',`rent`='0' WHERE ( id = 72 ) [ RunTime:0.0004s ]
INFO: [ view_parse ] --START--
INFO: [ template_filter ] --START--
INFO: Run Behavior\ContentReplaceBehavior [ RunTime:0.000073s ]
INFO: [ template_filter ] --END-- [ RunTime:0.000166s ]
INFO: Run Behavior\ParseTemplateBehavior [ RunTime:0.007367s ]
INFO: [ view_parse ] --END-- [ RunTime:0.007469s ]
INFO: [ view_filter ] --START--
INFO: Run Behavior\WriteHtmlCacheBehavior [ RunTime:0.000338s ]
INFO: [ view_filter ] --END-- [ RunTime:0.000417s ]
INFO: [ app_end ] --START--
INFO: Run Behavior\ShowPageTraceBehavior [ RunTime:0.000712s ]
INFO: [ app_end ] --END-- [ RunTime:0.000795s ]

[ 2016-08-31T14:34:28+08:00 ] ::1 /house/index.php/Home/Rent/rentPay?card_number=135951
INFO: [ app_init ] --START--
INFO: Run Behavior\BuildLiteBehavior [ RunTime:0.000011s ]
INFO: [ app_init ] --END-- [ RunTime:0.000241s ]
INFO: [ app_begin ] --START--
INFO: Run Behavior\ReadHtmlCacheBehavior [ RunTime:0.000574s ]
INFO: [ app_begin ] --END-- [ RunTime:0.000660s ]
SQL: SHOW COLUMNS FROM `fangzujilu` [ RunTime:0.0044s ]
SQL: SHOW COLUMNS FROM `person` [ RunTime:0.0038s ]
SQL: SHOW COLUMNS FROM `muyecun` [ RunTime:0.0041s ]
SQL: SHOW COLUMNS FROM `xiaoqu` [ RunTime:0.0040s ]
SQL: SHOW COLUMNS FROM `person_type` [ RunTime:0.0038s ]
SQL: SELECT * FROM `muyecun` WHERE ( card_number = 135951 )  [ RunTime:0.0006s ]
SQL: SELECT * FROM `fangzujilu` WHERE ( card_number = 135951 ) ORDER BY id  [ RunTime:0.0005s ]
NOTIC: [8] Use of undefined constant y - assumed 'y' H:\Demo\house\Application\Home\Controller\RentController.class.php 第 315 行.
NOTIC: [8] Undefined variable: data H:\Demo\house\Application\Home\Controller\RentController.class.php 第 396 行.
NOTIC: [2] Invalid argument supplied for foreach() H:\Demo\house\Application\Home\Controller\RentController.class.php 第 396 行.
SQL: SELECT * FROM `fangzujilu` WHERE ( card_number = 135951 ) ORDER BY id desc  [ RunTime:0.0004s ]
SQL: SELECT * FROM `muyecun` WHERE ( card_number = 135951 )  [ RunTime:0.0004s ]
INFO: [ view_parse ] --START--
INFO: [ template_filter ] --START--
INFO: Run Behavior\ContentReplaceBehavior [ RunTime:0.000110s ]
INFO: [ template_filter ] --END-- [ RunTime:0.000213s ]
INFO: Run Behavior\ParseTemplateBehavior [ RunTime:0.012682s ]
INFO: [ view_parse ] --END-- [ RunTime:0.012772s ]
INFO: [ view_filter ] --START--
INFO: Run Behavior\WriteHtmlCacheBehavior [ RunTime:0.000308s ]
INFO: [ view_filter ] --END-- [ RunTime:0.000379s ]
INFO: [ app_end ] --START--
INFO: Run Behavior\ShowPageTraceBehavior [ RunTime:0.000629s ]
INFO: [ app_end ] --END-- [ RunTime:0.000711s ]

[ 2016-08-31T14:34:34+08:00 ] ::1 /house/index.php/Home/Rent/rentPayBackout
INFO: [ app_init ] --START--
INFO: Run Behavior\BuildLiteBehavior [ RunTime:0.000012s ]
INFO: [ app_init ] --END-- [ RunTime:0.000279s ]
INFO: [ app_begin ] --START--
INFO: Run Behavior\ReadHtmlCacheBehavior [ RunTime:0.000431s ]
INFO: [ app_begin ] --END-- [ RunTime:0.000481s ]
SQL: SHOW COLUMNS FROM `fangzujilu` [ RunTime:0.0042s ]
SQL: UPDATE `fangzujilu` SET `res_person`='',`status`='未交' WHERE `id` = 72 [ RunTime:0.0004s ]
INFO: [ view_parse ] --START--
INFO: [ template_filter ] --START--
INFO: Run Behavior\ContentReplaceBehavior [ RunTime:0.000067s ]
INFO: [ template_filter ] --END-- [ RunTime:0.000160s ]
INFO: Run Behavior\ParseTemplateBehavior [ RunTime:0.007488s ]
INFO: [ view_parse ] --END-- [ RunTime:0.007576s ]
INFO: [ view_filter ] --START--
INFO: Run Behavior\WriteHtmlCacheBehavior [ RunTime:0.000442s ]
INFO: [ view_filter ] --END-- [ RunTime:0.000509s ]
INFO: [ app_end ] --START--
INFO: Run Behavior\ShowPageTraceBehavior [ RunTime:0.000742s ]
INFO: [ app_end ] --END-- [ RunTime:0.000814s ]

[ 2016-08-31T14:34:36+08:00 ] ::1 /house/index.php/Home/Rent/rentPay?card_number=135951
INFO: [ app_init ] --START--
INFO: Run Behavior\BuildLiteBehavior [ RunTime:0.000020s ]
INFO: [ app_init ] --END-- [ RunTime:0.000468s ]
INFO: [ app_begin ] --START--
INFO: Run Behavior\ReadHtmlCacheBehavior [ RunTime:0.000728s ]
INFO: [ app_begin ] --END-- [ RunTime:0.000812s ]
SQL: SHOW COLUMNS FROM `fangzujilu` [ RunTime:0.0064s ]
SQL: SHOW COLUMNS FROM `person` [ RunTime:0.0083s ]
SQL: SHOW COLUMNS FROM `muyecun` [ RunTime:0.0091s ]
SQL: SHOW COLUMNS FROM `xiaoqu` [ RunTime:0.0082s ]
SQL: SHOW COLUMNS FROM `person_type` [ RunTime:0.0061s ]
SQL: SELECT * FROM `muyecun` WHERE ( card_number = 135951 )  [ RunTime:0.0005s ]
SQL: SELECT * FROM `fangzujilu` WHERE ( card_number = 135951 ) ORDER BY id  [ RunTime:0.0004s ]
NOTIC: [8] Use of undefined constant y - assumed 'y' H:\Demo\house\Application\Home\Controller\RentController.class.php 第 315 行.
NOTIC: [8] Undefined variable: data H:\Demo\house\Application\Home\Controller\RentController.class.php 第 396 行.
NOTIC: [2] Invalid argument supplied for foreach() H:\Demo\house\Application\Home\Controller\RentController.class.php 第 396 行.
SQL: SELECT * FROM `fangzujilu` WHERE ( card_number = 135951 ) ORDER BY id desc  [ RunTime:0.0004s ]
SQL: SELECT * FROM `muyecun` WHERE ( card_number = 135951 )  [ RunTime:0.0004s ]
INFO: [ view_parse ] --START--
INFO: [ template_filter ] --START--
INFO: Run Behavior\ContentReplaceBehavior [ RunTime:0.000108s ]
INFO: [ template_filter ] --END-- [ RunTime:0.000206s ]
INFO: Run Behavior\ParseTemplateBehavior [ RunTime:0.013814s ]
INFO: [ view_parse ] --END-- [ RunTime:0.013910s ]
INFO: [ view_filter ] --START--
INFO: Run Behavior\WriteHtmlCacheBehavior [ RunTime:0.000474s ]
INFO: [ view_filter ] --END-- [ RunTime:0.000547s ]
INFO: [ app_end ] --START--
INFO: Run Behavior\ShowPageTraceBehavior [ RunTime:0.000922s ]
INFO: [ app_end ] --END-- [ RunTime:0.001010s ]

[ 2016-08-31T14:34:45+08:00 ] ::1 /house/index.php/Home/Rent/rentPayModify
INFO: [ app_init ] --START--
INFO: Run Behavior\BuildLiteBehavior [ RunTime:0.000015s ]
INFO: [ app_init ] --END-- [ RunTime:0.000364s ]
INFO: [ app_begin ] --START--
INFO: Run Behavior\ReadHtmlCacheBehavior [ RunTime:0.000576s ]
INFO: [ app_begin ] --END-- [ RunTime:0.000641s ]
SQL: SHOW COLUMNS FROM `fangzujilu` [ RunTime:0.0094s ]
SQL: SHOW COLUMNS FROM `person` [ RunTime:0.0086s ]
SQL: SHOW COLUMNS FROM `muyecun` [ RunTime:0.0089s ]
SQL: SHOW COLUMNS FROM `xiaoqu` [ RunTime:0.0096s ]
SQL: SELECT * FROM `fangzujilu` WHERE ( id = 72 )  [ RunTime:0.0010s ]
SQL: UPDATE `fangzujilu` SET `end_time`='2016-08-15' WHERE ( id = 72 ) [ RunTime:0.0007s ]
SQL: SELECT `area` FROM `muyecun` WHERE ( card_number = 135951 )  [ RunTime:0.0008s ]
SQL: SELECT `v_name` FROM `muyecun` WHERE ( card_number=135951 )  [ RunTime:0.0008s ]
SQL: SELECT `rent` FROM `xiaoqu` WHERE `name` LIKE '木叶村'  [ RunTime:0.0007s ]
NOTIC: [8] Use of undefined constant rent - assumed 'rent' H:\Demo\house\Application\Home\Controller\RentController.class.php 第 477 行.
SQL: SELECT * FROM `person` WHERE ( card_number=135951 )  [ RunTime:0.0006s ]
NOTIC: [8] Undefined index: max_discount H:\Demo\house\Application\Home\Controller\RentController.class.php 第 483 行.
NOTIC: [8] Undefined index: start_discount H:\Demo\house\Application\Home\Controller\RentController.class.php 第 484 行.
NOTIC: [8] Undefined index: increase_discount H:\Demo\house\Application\Home\Controller\RentController.class.php 第 485 行.
SQL: UPDATE `fangzujilu` SET `end_time`='2016-08-15',`rent`='0' WHERE ( id = 72 ) [ RunTime:0.0005s ]
INFO: [ view_parse ] --START--
INFO: [ template_filter ] --START--
INFO: Run Behavior\ContentReplaceBehavior [ RunTime:0.000096s ]
INFO: [ template_filter ] --END-- [ RunTime:0.000210s ]
INFO: Run Behavior\ParseTemplateBehavior [ RunTime:0.010720s ]
INFO: [ view_parse ] --END-- [ RunTime:0.010849s ]
INFO: [ view_filter ] --START--
INFO: Run Behavior\WriteHtmlCacheBehavior [ RunTime:0.000655s ]
INFO: [ view_filter ] --END-- [ RunTime:0.000755s ]

[ 2016-08-31T14:34:55+08:00 ] ::1 /house/index.php/Home/Rent/rentPayModify
INFO: [ app_init ] --START--
INFO: Run Behavior\BuildLiteBehavior [ RunTime:0.000024s ]
INFO: [ app_init ] --END-- [ RunTime:0.000398s ]
INFO: [ app_begin ] --START--
INFO: Run Behavior\ReadHtmlCacheBehavior [ RunTime:0.000444s ]
INFO: [ app_begin ] --END-- [ RunTime:0.000510s ]
SQL: SHOW COLUMNS FROM `fangzujilu` [ RunTime:0.0029s ]
SQL: SHOW COLUMNS FROM `person` [ RunTime:0.0034s ]
SQL: SHOW COLUMNS FROM `muyecun` [ RunTime:0.0029s ]
SQL: SHOW COLUMNS FROM `xiaoqu` [ RunTime:0.0029s ]
SQL: SELECT * FROM `fangzujilu` WHERE ( id = 72 )  [ RunTime:0.0003s ]
SQL: UPDATE `fangzujilu` SET `end_time`='2016-08-16' WHERE ( id = 72 ) [ RunTime:0.0002s ]
SQL: SELECT `area` FROM `muyecun` WHERE ( card_number = 135951 )  [ RunTime:0.0003s ]
SQL: SELECT `v_name` FROM `muyecun` WHERE ( card_number=135951 )  [ RunTime:0.0002s ]
SQL: SELECT `rent` FROM `xiaoqu` WHERE `name` LIKE '木叶村'  [ RunTime:0.0003s ]
NOTIC: [8] Use of undefined constant rent - assumed 'rent' H:\Demo\house\Application\Home\Controller\RentController.class.php 第 477 行.
SQL: SELECT * FROM `person` WHERE ( card_number=135951 )  [ RunTime:0.0003s ]
NOTIC: [8] Undefined index: max_discount H:\Demo\house\Application\Home\Controller\RentController.class.php 第 483 行.
NOTIC: [8] Undefined index: start_discount H:\Demo\house\Application\Home\Controller\RentController.class.php 第 484 行.
NOTIC: [8] Undefined index: increase_discount H:\Demo\house\Application\Home\Controller\RentController.class.php 第 485 行.
SQL: UPDATE `fangzujilu` SET `end_time`='2016-08-16',`rent`='0' WHERE ( id = 72 ) [ RunTime:0.0002s ]
INFO: [ view_parse ] --START--
INFO: [ template_filter ] --START--
INFO: Run Behavior\ContentReplaceBehavior [ RunTime:0.000042s ]
INFO: [ template_filter ] --END-- [ RunTime:0.000109s ]
INFO: Run Behavior\ParseTemplateBehavior [ RunTime:0.004363s ]
INFO: [ view_parse ] --END-- [ RunTime:0.004429s ]
INFO: [ view_filter ] --START--
INFO: Run Behavior\WriteHtmlCacheBehavior [ RunTime:0.000244s ]
INFO: [ view_filter ] --END-- [ RunTime:0.000282s ]

[ 2016-08-31T14:35:20+08:00 ] ::1 /house/index.php/Home/Rent/right.html
INFO: [ app_init ] --START--
INFO: Run Behavior\BuildLiteBehavior [ RunTime:0.000017s ]
INFO: [ app_init ] --END-- [ RunTime:0.000372s ]
INFO: [ app_begin ] --START--
INFO: Run Behavior\ReadHtmlCacheBehavior [ RunTime:0.000584s ]
INFO: [ app_begin ] --END-- [ RunTime:0.000643s ]
INFO: [ view_parse ] --START--
INFO: [ template_filter ] --START--
INFO: Run Behavior\ContentReplaceBehavior [ RunTime:0.000040s ]
INFO: [ template_filter ] --END-- [ RunTime:0.000085s ]
INFO: Run Behavior\ParseTemplateBehavior [ RunTime:0.004483s ]
INFO: [ view_parse ] --END-- [ RunTime:0.004549s ]
INFO: [ view_filter ] --START--
INFO: Run Behavior\WriteHtmlCacheBehavior [ RunTime:0.000248s ]
INFO: [ view_filter ] --END-- [ RunTime:0.000286s ]
INFO: [ app_end ] --START--
INFO: Run Behavior\ShowPageTraceBehavior [ RunTime:0.000433s ]
INFO: [ app_end ] --END-- [ RunTime:0.000476s ]

[ 2016-08-31T14:35:23+08:00 ] ::1 /house/index.php/Home/Rent/rentRecord.html
INFO: [ app_init ] --START--
INFO: Run Behavior\BuildLiteBehavior [ RunTime:0.000017s ]
INFO: [ app_init ] --END-- [ RunTime:0.000379s ]
INFO: [ app_begin ] --START--
INFO: Run Behavior\ReadHtmlCacheBehavior [ RunTime:0.000588s ]
INFO: [ app_begin ] --END-- [ RunTime:0.000698s ]
SQL: SHOW COLUMNS FROM `person` [ RunTime:0.0059s ]
SQL: SHOW COLUMNS FROM `person_type` [ RunTime:0.0046s ]
SQL: SELECT * FROM `person` WHERE ( card_number = 135951 )  [ RunTime:0.0006s ]
SQL: SELECT * FROM `person_type` WHERE `name` LIKE '校长'  [ RunTime:0.0004s ]
SQL: SHOW COLUMNS FROM `muyecun` [ RunTime:0.0051s ]
SQL: SELECT * FROM `muyecun` WHERE ( card_number = 135951 )  [ RunTime:0.0006s ]
NOTIC: [8] Undefined offset: 0 H:\Demo\house\Application\Home\Controller\RentController.class.php 第 30 行.
INFO: [ view_parse ] --START--
INFO: [ template_filter ] --START--
INFO: Run Behavior\ContentReplaceBehavior [ RunTime:0.000121s ]
INFO: [ template_filter ] --END-- [ RunTime:0.000244s ]
INFO: Run Behavior\ParseTemplateBehavior [ RunTime:0.012361s ]
INFO: [ view_parse ] --END-- [ RunTime:0.012486s ]
INFO: [ view_filter ] --START--
INFO: Run Behavior\WriteHtmlCacheBehavior [ RunTime:0.000617s ]
INFO: [ view_filter ] --END-- [ RunTime:0.000714s ]
INFO: [ app_end ] --START--
INFO: Run Behavior\ShowPageTraceBehavior [ RunTime:0.001084s ]
INFO: [ app_end ] --END-- [ RunTime:0.001184s ]

[ 2016-08-31T14:35:34+08:00 ] ::1 /house/index.php/Home/Rent/rentPay?card_number=135951&time=2016-09-01
INFO: [ app_init ] --START--
INFO: Run Behavior\BuildLiteBehavior [ RunTime:0.000017s ]
INFO: [ app_init ] --END-- [ RunTime:0.000366s ]
INFO: [ app_begin ] --START--
INFO: Run Behavior\ReadHtmlCacheBehavior [ RunTime:0.000532s ]
INFO: [ app_begin ] --END-- [ RunTime:0.000600s ]
SQL: SHOW COLUMNS FROM `fangzujilu` [ RunTime:0.0093s ]
SQL: SHOW COLUMNS FROM `person` [ RunTime:0.0093s ]
SQL: SHOW COLUMNS FROM `muyecun` [ RunTime:0.0066s ]
SQL: SHOW COLUMNS FROM `xiaoqu` [ RunTime:0.0064s ]
SQL: SHOW COLUMNS FROM `person_type` [ RunTime:0.0053s ]
SQL: SELECT * FROM `muyecun` WHERE ( card_number = 135951 )  [ RunTime:0.0007s ]
SQL: SELECT * FROM `fangzujilu` WHERE ( card_number = 135951 ) ORDER BY id  [ RunTime:0.0006s ]
NOTIC: [8] Use of undefined constant y - assumed 'y' H:\Demo\house\Application\Home\Controller\RentController.class.php 第 315 行.
SQL: SELECT `area` FROM `muyecun` WHERE ( card_number = 135951 )  [ RunTime:0.0005s ]
SQL: SELECT `v_name` FROM `muyecun` WHERE ( card_number=135951 )  [ RunTime:0.0005s ]
SQL: SELECT `rent` FROM `xiaoqu` WHERE `name` LIKE '木叶村'  [ RunTime:0.0005s ]
NOTIC: [8] Use of undefined constant rent - assumed 'rent' H:\Demo\house\Application\Home\Controller\RentController.class.php 第 343 行.
SQL: SELECT * FROM `person` WHERE ( card_number=135951 )  [ RunTime:0.0006s ]
SQL: SELECT * FROM `person_type` WHERE `name` LIKE '校长'  [ RunTime:0.0005s ]
NOTIC: [8] Undefined offset: 0 H:\Demo\house\Application\Home\Controller\RentController.class.php 第 352 行.
NOTIC: [8] Undefined offset: 0 H:\Demo\house\Application\Home\Controller\RentController.class.php 第 353 行.
NOTIC: [8] Undefined offset: 0 H:\Demo\house\Application\Home\Controller\RentController.class.php 第 354 行.
SQL: INSERT INTO `fangzujilu` (`house_id`,`card_number`,`start_time`,`end_time`,`month`,`rent`,`res_person`,`status`) VALUES ('1','135951','2016-09-01','2016-09-30','2016-09-01','0','','未交') [ RunTime:0.0005s ]
SQL: SELECT * FROM `fangzujilu` WHERE ( card_number = 135951 ) ORDER BY id desc  [ RunTime:0.0003s ]
SQL: SELECT * FROM `muyecun` WHERE ( card_number = 135951 )  [ RunTime:0.0003s ]
INFO: [ view_parse ] --START--
INFO: [ template_filter ] --START--
INFO: Run Behavior\ContentReplaceBehavior [ RunTime:0.000087s ]
INFO: [ template_filter ] --END-- [ RunTime:0.000163s ]
INFO: Run Behavior\ParseTemplateBehavior [ RunTime:0.010389s ]
INFO: [ view_parse ] --END-- [ RunTime:0.010462s ]
INFO: [ view_filter ] --START--
INFO: Run Behavior\WriteHtmlCacheBehavior [ RunTime:0.000326s ]
INFO: [ view_filter ] --END-- [ RunTime:0.000380s ]
INFO: [ app_end ] --START--
INFO: Run Behavior\ShowPageTraceBehavior [ RunTime:0.000555s ]
INFO: [ app_end ] --END-- [ RunTime:0.000616s ]

[ 2016-08-31T14:36:39+08:00 ] ::1 /house/index.php/Home/Rent/modifyPerson?card_number=135951
INFO: [ app_init ] --START--
INFO: Run Behavior\BuildLiteBehavior [ RunTime:0.000016s ]
INFO: [ app_init ] --END-- [ RunTime:0.000377s ]
INFO: [ app_begin ] --START--
INFO: Run Behavior\ReadHtmlCacheBehavior [ RunTime:0.000553s ]
INFO: [ app_begin ] --END-- [ RunTime:0.000623s ]
SQL: SHOW COLUMNS FROM `person` [ RunTime:0.0086s ]
SQL: SHOW COLUMNS FROM `person_type` [ RunTime:0.0066s ]
SQL: SELECT * FROM `person` WHERE ( card_number = 135951 )  [ RunTime:0.0008s ]
SQL: SELECT * FROM `person_type` WHERE `name` LIKE '校长'  [ RunTime:0.0006s ]
INFO: [ view_parse ] --START--
INFO: [ template_filter ] --START--
INFO: Run Behavior\ContentReplaceBehavior [ RunTime:0.000093s ]
INFO: [ template_filter ] --END-- [ RunTime:0.000195s ]
INFO: Run Behavior\ParseTemplateBehavior [ RunTime:0.337204s ]
INFO: [ view_parse ] --END-- [ RunTime:0.337366s ]
INFO: [ view_filter ] --START--
INFO: Run Behavior\WriteHtmlCacheBehavior [ RunTime:0.000460s ]
INFO: [ view_filter ] --END-- [ RunTime:0.000534s ]
INFO: [ app_end ] --START--
INFO: Run Behavior\ShowPageTraceBehavior [ RunTime:0.000766s ]
INFO: [ app_end ] --END-- [ RunTime:0.000845s ]

[ 2016-08-31T14:39:01+08:00 ] ::1 /house/index.php/Home/Rent/xiaoquModify.html
INFO: [ app_init ] --START--
INFO: Run Behavior\BuildLiteBehavior [ RunTime:0.000016s ]
INFO: [ app_init ] --END-- [ RunTime:0.000372s ]
INFO: [ app_begin ] --START--
INFO: Run Behavior\ReadHtmlCacheBehavior [ RunTime:0.000531s ]
INFO: [ app_begin ] --END-- [ RunTime:0.000597s ]
SQL: SHOW COLUMNS FROM `xiaoqu` [ RunTime:0.0035s ]
SQL: SELECT * FROM `xiaoqu`  [ RunTime:0.0003s ]
INFO: [ view_parse ] --START--
INFO: [ template_filter ] --START--
INFO: Run Behavior\ContentReplaceBehavior [ RunTime:0.000055s ]
INFO: [ template_filter ] --END-- [ RunTime:0.000101s ]
INFO: Run Behavior\ParseTemplateBehavior [ RunTime:0.006137s ]
INFO: [ view_parse ] --END-- [ RunTime:0.006203s ]
INFO: [ view_filter ] --START--
INFO: Run Behavior\WriteHtmlCacheBehavior [ RunTime:0.000237s ]
INFO: [ view_filter ] --END-- [ RunTime:0.000276s ]
INFO: [ app_end ] --START--
INFO: Run Behavior\ShowPageTraceBehavior [ RunTime:0.000406s ]
INFO: [ app_end ] --END-- [ RunTime:0.000448s ]

[ 2016-08-31T14:39:08+08:00 ] ::1 /house/index.php/Home/House/addone
INFO: [ app_init ] --START--
INFO: Run Behavior\BuildLiteBehavior [ RunTime:0.000015s ]
INFO: [ app_init ] --END-- [ RunTime:0.000334s ]
INFO: [ app_begin ] --START--
INFO: Run Behavior\ReadHtmlCacheBehavior [ RunTime:0.000437s ]
INFO: [ app_begin ] --END-- [ RunTime:0.000500s ]
SQL: SHOW COLUMNS FROM `xiaoqu` [ RunTime:0.0084s ]
SQL: SELECT `name` FROM `xiaoqu`  [ RunTime:0.0005s ]
INFO: [ view_parse ] --START--
INFO: [ template_filter ] --START--
INFO: Run Behavior\ContentReplaceBehavior [ RunTime:0.000052s ]
INFO: [ template_filter ] --END-- [ RunTime:0.000109s ]
INFO: Run Behavior\ParseTemplateBehavior [ RunTime:0.016811s ]
INFO: [ view_parse ] --END-- [ RunTime:0.016887s ]
INFO: [ view_filter ] --START--
INFO: Run Behavior\WriteHtmlCacheBehavior [ RunTime:0.000170s ]
INFO: [ view_filter ] --END-- [ RunTime:0.000211s ]
INFO: [ app_end ] --START--
INFO: Run Behavior\ShowPageTraceBehavior [ RunTime:0.000354s ]
INFO: [ app_end ] --END-- [ RunTime:0.000397s ]

[ 2016-08-31T14:39:23+08:00 ] ::1 /house/index.php/Home/House/add.html
INFO: [ app_init ] --START--
INFO: Run Behavior\BuildLiteBehavior [ RunTime:0.000016s ]
INFO: [ app_init ] --END-- [ RunTime:0.000363s ]
INFO: [ app_begin ] --START--
INFO: Run Behavior\ReadHtmlCacheBehavior [ RunTime:0.000533s ]
INFO: [ app_begin ] --END-- [ RunTime:0.000598s ]
INFO: [ view_parse ] --START--
INFO: [ template_filter ] --START--
INFO: Run Behavior\ContentReplaceBehavior [ RunTime:0.000043s ]
INFO: [ template_filter ] --END-- [ RunTime:0.000100s ]
INFO: Run Behavior\ParseTemplateBehavior [ RunTime:0.036341s ]
INFO: [ view_parse ] --END-- [ RunTime:0.036424s ]
INFO: [ view_filter ] --START--
INFO: Run Behavior\WriteHtmlCacheBehavior [ RunTime:0.000308s ]
INFO: [ view_filter ] --END-- [ RunTime:0.000348s ]
INFO: [ app_end ] --START--
INFO: Run Behavior\ShowPageTraceBehavior [ RunTime:0.000397s ]
INFO: [ app_end ] --END-- [ RunTime:0.000440s ]

[ 2016-08-31T14:39:42+08:00 ] ::1 /house/index.php/Home/Rent/xiaoquModify.html
INFO: [ app_init ] --START--
INFO: Run Behavior\BuildLiteBehavior [ RunTime:0.000017s ]
INFO: [ app_init ] --END-- [ RunTime:0.000334s ]
INFO: [ app_begin ] --START--
INFO: Run Behavior\ReadHtmlCacheBehavior [ RunTime:0.000438s ]
INFO: [ app_begin ] --END-- [ RunTime:0.000501s ]
SQL: SHOW COLUMNS FROM `xiaoqu` [ RunTime:0.0105s ]
SQL: SELECT * FROM `xiaoqu`  [ RunTime:0.0009s ]
INFO: [ view_parse ] --START--
INFO: [ template_filter ] --START--
INFO: Run Behavior\ContentReplaceBehavior [ RunTime:0.000151s ]
INFO: [ template_filter ] --END-- [ RunTime:0.000339s ]
INFO: Run Behavior\ParseTemplateBehavior [ RunTime:0.019594s ]
INFO: [ view_parse ] --END-- [ RunTime:0.019801s ]
INFO: [ view_filter ] --START--
INFO: Run Behavior\WriteHtmlCacheBehavior [ RunTime:0.000445s ]
INFO: [ view_filter ] --END-- [ RunTime:0.000543s ]
INFO: [ app_end ] --START--
INFO: Run Behavior\ShowPageTraceBehavior [ RunTime:0.000877s ]
INFO: [ app_end ] --END-- [ RunTime:0.000986s ]

[ 2016-08-31T14:41:28+08:00 ] ::1 /house/index.php/Home/Index/right?name=%E6%9C%A8%E5%8F%B6%E6%9D%91&&state=%E5%9C%A8%E7%94%A8
INFO: [ app_init ] --START--
INFO: Run Behavior\BuildLiteBehavior [ RunTime:0.000016s ]
INFO: [ app_init ] --END-- [ RunTime:0.000371s ]
INFO: [ app_begin ] --START--
INFO: Run Behavior\ReadHtmlCacheBehavior [ RunTime:0.000541s ]
INFO: [ app_begin ] --END-- [ RunTime:0.000607s ]
SQL: SHOW COLUMNS FROM `muyecun` [ RunTime:0.0068s ]
SQL: SELECT COUNT(*) AS tp_count FROM `muyecun` WHERE `v_name` = '木叶村' AND `state` = '在用' LIMIT 1   [ RunTime:0.0005s ]
SQL: SELECT * FROM `muyecun` WHERE `v_name` = '木叶村' AND `state` = '在用' LIMIT 0,10   [ RunTime:0.0005s ]
INFO: [ view_parse ] --START--
INFO: [ template_filter ] --START--
INFO: Run Behavior\ContentReplaceBehavior [ RunTime:0.000114s ]
INFO: [ template_filter ] --END-- [ RunTime:0.000208s ]
INFO: Run Behavior\ParseTemplateBehavior [ RunTime:0.013153s ]
INFO: [ view_parse ] --END-- [ RunTime:0.013261s ]
INFO: [ view_filter ] --START--
INFO: Run Behavior\WriteHtmlCacheBehavior [ RunTime:0.000472s ]
INFO: [ view_filter ] --END-- [ RunTime:0.000558s ]
INFO: [ app_end ] --START--
INFO: Run Behavior\ShowPageTraceBehavior [ RunTime:0.000839s ]
INFO: [ app_end ] --END-- [ RunTime:0.000925s ]

[ 2016-08-31T14:41:36+08:00 ] ::1 /house/index.php/Home/Rent/right.html
INFO: [ app_init ] --START--
INFO: Run Behavior\BuildLiteBehavior [ RunTime:0.000015s ]
INFO: [ app_init ] --END-- [ RunTime:0.000326s ]
INFO: [ app_begin ] --START--
INFO: Run Behavior\ReadHtmlCacheBehavior [ RunTime:0.000432s ]
INFO: [ app_begin ] --END-- [ RunTime:0.000496s ]
INFO: [ view_parse ] --START--
INFO: [ template_filter ] --START--
INFO: Run Behavior\ContentReplaceBehavior [ RunTime:0.000052s ]
INFO: [ template_filter ] --END-- [ RunTime:0.000113s ]
INFO: Run Behavior\ParseTemplateBehavior [ RunTime:0.004664s ]
INFO: [ view_parse ] --END-- [ RunTime:0.004725s ]
INFO: [ view_filter ] --START--
INFO: Run Behavior\WriteHtmlCacheBehavior [ RunTime:0.000213s ]
INFO: [ view_filter ] --END-- [ RunTime:0.000270s ]
INFO: [ app_end ] --START--
INFO: Run Behavior\ShowPageTraceBehavior [ RunTime:0.000436s ]
INFO: [ app_end ] --END-- [ RunTime:0.000492s ]

[ 2016-08-31T14:41:40+08:00 ] ::1 /house/index.php/Home/Rent/rentRecord.html
INFO: [ app_init ] --START--
INFO: Run Behavior\BuildLiteBehavior [ RunTime:0.000015s ]
INFO: [ app_init ] --END-- [ RunTime:0.000335s ]
INFO: [ app_begin ] --START--
INFO: Run Behavior\ReadHtmlCacheBehavior [ RunTime:0.000452s ]
INFO: [ app_begin ] --END-- [ RunTime:0.000518s ]
SQL: SHOW COLUMNS FROM `person` [ RunTime:0.0100s ]
SQL: SHOW COLUMNS FROM `person_type` [ RunTime:0.0081s ]
SQL: SELECT * FROM `person` WHERE ( card_number = 135951 )  [ RunTime:0.0009s ]
SQL: SELECT * FROM `person_type` WHERE `name` LIKE '校长'  [ RunTime:0.0008s ]
SQL: SHOW COLUMNS FROM `muyecun` [ RunTime:0.0087s ]
SQL: SELECT * FROM `muyecun` WHERE ( card_number = 135951 )  [ RunTime:0.0010s ]
NOTIC: [8] Undefined offset: 0 H:\Demo\house\Application\Home\Controller\RentController.class.php 第 30 行.
INFO: [ view_parse ] --START--
INFO: [ template_filter ] --START--
INFO: Run Behavior\ContentReplaceBehavior [ RunTime:0.000121s ]
INFO: [ template_filter ] --END-- [ RunTime:0.000248s ]
INFO: Run Behavior\ParseTemplateBehavior [ RunTime:0.017036s ]
INFO: [ view_parse ] --END-- [ RunTime:0.017198s ]
INFO: [ view_filter ] --START--
INFO: Run Behavior\WriteHtmlCacheBehavior [ RunTime:0.000415s ]
INFO: [ view_filter ] --END-- [ RunTime:0.000513s ]
INFO: [ app_end ] --START--
INFO: Run Behavior\ShowPageTraceBehavior [ RunTime:0.000867s ]
INFO: [ app_end ] --END-- [ RunTime:0.000971s ]

[ 2016-08-31T14:41:49+08:00 ] ::1 /house/index.php/Home/Rent/statistics.html
INFO: [ app_init ] --START--
INFO: Run Behavior\BuildLiteBehavior [ RunTime:0.000012s ]
INFO: [ app_init ] --END-- [ RunTime:0.000277s ]
INFO: [ app_begin ] --START--
INFO: Run Behavior\ReadHtmlCacheBehavior [ RunTime:0.000414s ]
INFO: [ app_begin ] --END-- [ RunTime:0.000464s ]
INFO: [ view_parse ] --START--
INFO: [ template_filter ] --START--
INFO: Run Behavior\ContentReplaceBehavior [ RunTime:0.000042s ]
INFO: [ template_filter ] --END-- [ RunTime:0.000090s ]
INFO: Run Behavior\ParseTemplateBehavior [ RunTime:0.004305s ]
INFO: [ view_parse ] --END-- [ RunTime:0.004352s ]
INFO: [ view_filter ] --START--
INFO: Run Behavior\WriteHtmlCacheBehavior [ RunTime:0.000228s ]
INFO: [ view_filter ] --END-- [ RunTime:0.000267s ]
INFO: [ app_end ] --START--
INFO: Run Behavior\ShowPageTraceBehavior [ RunTime:0.000466s ]
INFO: [ app_end ] --END-- [ RunTime:0.000510s ]

[ 2016-08-31T14:41:56+08:00 ] ::1 /house/index.php/Home/Rent/form2.html
INFO: [ app_init ] --START--
INFO: Run Behavior\BuildLiteBehavior [ RunTime:0.000016s ]
INFO: [ app_init ] --END-- [ RunTime:0.000329s ]
INFO: [ app_begin ] --START--
INFO: Run Behavior\ReadHtmlCacheBehavior [ RunTime:0.000447s ]
INFO: [ app_begin ] --END-- [ RunTime:0.000513s ]
SQL: SHOW COLUMNS FROM `muyecun` [ RunTime:0.0040s ]
SQL: SHOW COLUMNS FROM `fangzujilu` [ RunTime:0.0030s ]
SQL: SHOW COLUMNS FROM `xiaoqu` [ RunTime:0.0028s ]
SQL: SELECT * FROM `xiaoqu`  [ RunTime:0.0003s ]
SQL: SELECT * FROM `fangzujilu`  [ RunTime:0.0004s ]
SQL: SELECT * FROM `muyecun` WHERE ( id = 1 )  [ RunTime:0.0004s ]
SQL: SELECT * FROM `muyecun` WHERE ( id = 4 )  [ RunTime:0.0003s ]
SQL: SELECT * FROM `muyecun` WHERE ( id = 4 )  [ RunTime:0.0003s ]
SQL: SELECT * FROM `muyecun` WHERE ( id = 4 )  [ RunTime:0.0003s ]
SQL: SELECT * FROM `muyecun` WHERE ( id = 4 )  [ RunTime:0.0003s ]
SQL: SELECT * FROM `muyecun` WHERE ( id = 4 )  [ RunTime:0.0003s ]
SQL: SELECT * FROM `muyecun` WHERE ( id = 4 )  [ RunTime:0.0003s ]
SQL: SELECT * FROM `muyecun` WHERE ( id = 4 )  [ RunTime:0.0003s ]
SQL: SELECT * FROM `muyecun` WHERE ( id = 1 )  [ RunTime:0.0003s ]
SQL: SELECT * FROM `muyecun` WHERE ( id = 1 )  [ RunTime:0.0003s ]
SQL: SELECT * FROM `muyecun` WHERE ( id = 1 )  [ RunTime:0.0003s ]
SQL: SELECT * FROM `muyecun` WHERE ( id = 1 )  [ RunTime:0.0003s ]
SQL: SELECT * FROM `muyecun` WHERE ( id = 1 )  [ RunTime:0.0003s ]
SQL: SELECT * FROM `muyecun` WHERE ( id = 1 )  [ RunTime:0.0003s ]
SQL: SELECT * FROM `muyecun` WHERE ( id = 1 )  [ RunTime:0.0003s ]
SQL: SELECT * FROM `muyecun` WHERE ( id = 4 )  [ RunTime:0.0003s ]
SQL: SELECT * FROM `muyecun` WHERE ( id = 1 )  [ RunTime:0.0003s ]
SQL: SELECT * FROM `muyecun` WHERE ( id = 1 )  [ RunTime:0.0003s ]
SQL: SELECT * FROM `muyecun` WHERE ( id = 1 )  [ RunTime:0.0003s ]
SQL: SELECT * FROM `muyecun` WHERE ( id = 4 )  [ RunTime:0.0003s ]
SQL: SELECT * FROM `muyecun` WHERE ( id = 4 )  [ RunTime:0.0003s ]
SQL: SELECT * FROM `muyecun` WHERE ( id = 4 )  [ RunTime:0.0003s ]
SQL: SELECT * FROM `muyecun` WHERE ( id = 4 )  [ RunTime:0.0003s ]
SQL: SELECT * FROM `muyecun` WHERE ( id = 4 )  [ RunTime:0.0003s ]
SQL: SELECT * FROM `muyecun` WHERE ( id = 4 )  [ RunTime:0.0003s ]
SQL: SELECT * FROM `muyecun` WHERE ( id = 4 )  [ RunTime:0.0003s ]
SQL: SELECT * FROM `muyecun` WHERE ( id = 1 )  [ RunTime:0.0003s ]
SQL: SELECT * FROM `muyecun` WHERE ( id = 1 )  [ RunTime:0.0003s ]
SQL: SELECT * FROM `muyecun` WHERE ( id = 1 )  [ RunTime:0.0003s ]
SQL: SELECT * FROM `muyecun` WHERE ( id = 1 )  [ RunTime:0.0003s ]
SQL: SELECT * FROM `muyecun` WHERE ( id = 1 )  [ RunTime:0.0003s ]
SQL: SELECT * FROM `muyecun` WHERE ( id = 1 )  [ RunTime:0.0003s ]
SQL: SELECT * FROM `muyecun` WHERE ( id = 1 )  [ RunTime:0.0003s ]
SQL: SELECT * FROM `muyecun` WHERE ( id = 4 )  [ RunTime:0.0003s ]
SQL: SELECT * FROM `muyecun` WHERE ( id = 1 )  [ RunTime:0.0003s ]
SQL: SELECT * FROM `muyecun` WHERE ( id = 1 )  [ RunTime:0.0003s ]
INFO: [ view_parse ] --START--
INFO: [ template_filter ] --START--
INFO: Run Behavior\ContentReplaceBehavior [ RunTime:0.000044s ]
INFO: [ template_filter ] --END-- [ RunTime:0.000094s ]
NOTIC: [8] Undefined index: v_name H:\Demo\house\Application\Runtime\Cache\Home\fd28eafc5477a0db37d1a07e955b0bb0.php 第 41 行.
NOTIC: [8] Undefined index: house_number H:\Demo\house\Application\Runtime\Cache\Home\fd28eafc5477a0db37d1a07e955b0bb0.php 第 42 行.
NOTIC: [8] Undefined index: area H:\Demo\house\Application\Runtime\Cache\Home\fd28eafc5477a0db37d1a07e955b0bb0.php 第 43 行.
NOTIC: [8] Undefined index: card_number H:\Demo\house\Application\Runtime\Cache\Home\fd28eafc5477a0db37d1a07e955b0bb0.php 第 44 行.
NOTIC: [8] Undefined index: time H:\Demo\house\Application\Runtime\Cache\Home\fd28eafc5477a0db37d1a07e955b0bb0.php 第 47 行.
NOTIC: [8] Undefined index: v_name H:\Demo\house\Application\Runtime\Cache\Home\fd28eafc5477a0db37d1a07e955b0bb0.php 第 41 行.
NOTIC: [8] Undefined index: house_number H:\Demo\house\Application\Runtime\Cache\Home\fd28eafc5477a0db37d1a07e955b0bb0.php 第 42 行.
NOTIC: [8] Undefined index: area H:\Demo\house\Application\Runtime\Cache\Home\fd28eafc5477a0db37d1a07e955b0bb0.php 第 43 行.
NOTIC: [8] Undefined index: card_number H:\Demo\house\Application\Runtime\Cache\Home\fd28eafc5477a0db37d1a07e955b0bb0.php 第 44 行.
NOTIC: [8] Undefined index: time H:\Demo\house\Application\Runtime\Cache\Home\fd28eafc5477a0db37d1a07e955b0bb0.php 第 47 行.
INFO: Run Behavior\ParseTemplateBehavior [ RunTime:0.006429s ]
INFO: [ view_parse ] --END-- [ RunTime:0.006557s ]
INFO: [ view_filter ] --START--
INFO: Run Behavior\WriteHtmlCacheBehavior [ RunTime:0.000186s ]
INFO: [ view_filter ] --END-- [ RunTime:0.000228s ]
INFO: [ app_end ] --START--
INFO: Run Behavior\ShowPageTraceBehavior [ RunTime:0.000352s ]
INFO: [ app_end ] --END-- [ RunTime:0.000404s ]

[ 2016-08-31T14:45:42+08:00 ] ::1 /house/index.php/Home/Rent/right.html
INFO: [ app_init ] --START--
INFO: Run Behavior\BuildLiteBehavior [ RunTime:0.000012s ]
INFO: [ app_init ] --END-- [ RunTime:0.000276s ]
INFO: [ app_begin ] --START--
INFO: Run Behavior\ReadHtmlCacheBehavior [ RunTime:0.000404s ]
INFO: [ app_begin ] --END-- [ RunTime:0.000453s ]
INFO: [ view_parse ] --START--
INFO: [ template_filter ] --START--
INFO: Run Behavior\ContentReplaceBehavior [ RunTime:0.000044s ]
INFO: [ template_filter ] --END-- [ RunTime:0.000094s ]
INFO: Run Behavior\ParseTemplateBehavior [ RunTime:0.004265s ]
INFO: [ view_parse ] --END-- [ RunTime:0.004312s ]
INFO: [ view_filter ] --START--
INFO: Run Behavior\WriteHtmlCacheBehavior [ RunTime:0.000227s ]
INFO: [ view_filter ] --END-- [ RunTime:0.000266s ]
INFO: [ app_end ] --START--
INFO: Run Behavior\ShowPageTraceBehavior [ RunTime:0.000398s ]
INFO: [ app_end ] --END-- [ RunTime:0.000440s ]

[ 2016-08-31T14:45:43+08:00 ] ::1 /house/index.php/Home/Rent/statistics.html
INFO: [ app_init ] --START--
INFO: Run Behavior\BuildLiteBehavior [ RunTime:0.000015s ]
INFO: [ app_init ] --END-- [ RunTime:0.000321s ]
INFO: [ app_begin ] --START--
INFO: Run Behavior\ReadHtmlCacheBehavior [ RunTime:0.000431s ]
INFO: [ app_begin ] --END-- [ RunTime:0.000496s ]
INFO: [ view_parse ] --START--
INFO: [ template_filter ] --START--
INFO: Run Behavior\ContentReplaceBehavior [ RunTime:0.000053s ]
INFO: [ template_filter ] --END-- [ RunTime:0.000119s ]
INFO: Run Behavior\ParseTemplateBehavior [ RunTime:0.004691s ]
INFO: [ view_parse ] --END-- [ RunTime:0.004755s ]
INFO: [ view_filter ] --START--
INFO: Run Behavior\WriteHtmlCacheBehavior [ RunTime:0.000217s ]
INFO: [ view_filter ] --END-- [ RunTime:0.000268s ]
INFO: [ app_end ] --START--
INFO: Run Behavior\ShowPageTraceBehavior [ RunTime:0.000443s ]
INFO: [ app_end ] --END-- [ RunTime:0.000499s ]

[ 2016-08-31T14:45:49+08:00 ] ::1 /house/index.php/Home/Rent/form1.html
INFO: [ app_init ] --START--
INFO: Run Behavior\BuildLiteBehavior [ RunTime:0.000015s ]
INFO: [ app_init ] --END-- [ RunTime:0.000321s ]
INFO: [ app_begin ] --START--
INFO: Run Behavior\ReadHtmlCacheBehavior [ RunTime:0.000432s ]
INFO: [ app_begin ] --END-- [ RunTime:0.000495s ]
SQL: SHOW COLUMNS FROM `muyecun` [ RunTime:0.0035s ]
SQL: SHOW COLUMNS FROM `fangzujilu` [ RunTime:0.0035s ]
SQL: SHOW COLUMNS FROM `xiaoqu` [ RunTime:0.0035s ]
SQL: SHOW COLUMNS FROM `form1_temp` [ RunTime:0.0025s ]
SQL: SELECT `time` FROM `form1_temp`  [ RunTime:0.0003s ]
SQL: SELECT * FROM `xiaoqu`  [ RunTime:0.0003s ]
NOTIC: [8] Use of undefined constant name - assumed 'name' H:\Demo\house\Application\Home\Controller\RentController.class.php 第 619 行.
SQL: SELECT * FROM `muyecun` WHERE `v_name` LIKE '木叶村'  [ RunTime:0.0004s ]
SQL: SELECT * FROM `fangzujilu` WHERE ( house_id = 1 )  [ RunTime:0.0003s ]
SQL: SELECT * FROM `form1_temp`  [ RunTime:0.0003s ]
SQL: DELETE FROM `form1_temp` WHERE ( id = 89 ) [ RunTime:0.0002s ]
SQL: INSERT INTO `form1_temp` (`time`,`name`,`rent`,`expense`,`manage`,`others`) VALUES ('2016-07-01','木叶村','18000','21432','0','0') [ RunTime:0.0002s ]
NOTIC: [8] Use of undefined constant name - assumed 'name' H:\Demo\house\Application\Home\Controller\RentController.class.php 第 619 行.
SQL: SELECT * FROM `muyecun` WHERE `v_name` LIKE '雾忍者村'  [ RunTime:0.0003s ]
SQL: SELECT * FROM `fangzujilu` WHERE ( house_id = 4 )  [ RunTime:0.0003s ]
SQL: SELECT * FROM `fangzujilu` WHERE ( house_id = 8 )  [ RunTime:0.0002s ]
SQL: SELECT * FROM `form1_temp`  [ RunTime:0.0002s ]
SQL: DELETE FROM `form1_temp` WHERE ( id = 90 ) [ RunTime:0.0002s ]
SQL: INSERT INTO `form1_temp` (`time`,`name`,`rent`,`expense`,`manage`,`others`) VALUES ('2016-07-01','雾忍者村','3201','0','0','0') [ RunTime:0.0002s ]
INFO: [ view_parse ] --START--
INFO: [ template_filter ] --START--
INFO: Run Behavior\ContentReplaceBehavior [ RunTime:0.000044s ]
INFO: [ template_filter ] --END-- [ RunTime:0.000094s ]
INFO: Run Behavior\ParseTemplateBehavior [ RunTime:0.005080s ]
INFO: [ view_parse ] --END-- [ RunTime:0.005151s ]
INFO: [ view_filter ] --START--
INFO: Run Behavior\WriteHtmlCacheBehavior [ RunTime:0.000171s ]
INFO: [ view_filter ] --END-- [ RunTime:0.000211s ]
INFO: [ app_end ] --START--
INFO: Run Behavior\ShowPageTraceBehavior [ RunTime:0.000342s ]
INFO: [ app_end ] --END-- [ RunTime:0.000384s ]

[ 2016-08-31T14:55:39+08:00 ] ::1 /house/index.php/Home/Rent/right.html
INFO: [ app_init ] --START--
INFO: Run Behavior\BuildLiteBehavior [ RunTime:0.000016s ]
INFO: [ app_init ] --END-- [ RunTime:0.000419s ]
INFO: [ app_begin ] --START--
INFO: Run Behavior\ReadHtmlCacheBehavior [ RunTime:0.000612s ]
INFO: [ app_begin ] --END-- [ RunTime:0.000678s ]
INFO: [ view_parse ] --START--
INFO: [ template_filter ] --START--
INFO: Run Behavior\ContentReplaceBehavior [ RunTime:0.000094s ]
INFO: [ template_filter ] --END-- [ RunTime:0.000176s ]
INFO: Run Behavior\ParseTemplateBehavior [ RunTime:0.005780s ]
INFO: [ view_parse ] --END-- [ RunTime:0.005843s ]
INFO: [ view_filter ] --START--
INFO: Run Behavior\WriteHtmlCacheBehavior [ RunTime:0.000385s ]
INFO: [ view_filter ] --END-- [ RunTime:0.000440s ]
INFO: [ app_end ] --START--
INFO: Run Behavior\ShowPageTraceBehavior [ RunTime:0.000600s ]
INFO: [ app_end ] --END-- [ RunTime:0.000658s ]

[ 2016-08-31T14:55:42+08:00 ] ::1 /house/index.php/Home/Rent/rentRecord.html
INFO: [ app_init ] --START--
INFO: Run Behavior\BuildLiteBehavior [ RunTime:0.000018s ]
INFO: [ app_init ] --END-- [ RunTime:0.000392s ]
INFO: [ app_begin ] --START--
INFO: Run Behavior\ReadHtmlCacheBehavior [ RunTime:0.000599s ]
INFO: [ app_begin ] --END-- [ RunTime:0.000671s ]
SQL: SHOW COLUMNS FROM `person` [ RunTime:0.0108s ]
SQL: SHOW COLUMNS FROM `person_type` [ RunTime:0.0090s ]
SQL: SELECT * FROM `person` WHERE ( card_number = 135951 )  [ RunTime:0.0011s ]
SQL: SELECT * FROM `person_type` WHERE `name` LIKE '校长'  [ RunTime:0.0008s ]
SQL: SHOW COLUMNS FROM `muyecun` [ RunTime:0.0092s ]
SQL: SELECT * FROM `muyecun` WHERE ( card_number = 135951 )  [ RunTime:0.0011s ]
NOTIC: [8] Undefined offset: 0 H:\Demo\house\Application\Home\Controller\RentController.class.php 第 30 行.
INFO: [ view_parse ] --START--
INFO: [ template_filter ] --START--
INFO: Run Behavior\ContentReplaceBehavior [ RunTime:0.000111s ]
INFO: [ template_filter ] --END-- [ RunTime:0.000217s ]
INFO: Run Behavior\ParseTemplateBehavior [ RunTime:0.011825s ]
INFO: [ view_parse ] --END-- [ RunTime:0.011952s ]
INFO: [ view_filter ] --START--
INFO: Run Behavior\WriteHtmlCacheBehavior [ RunTime:0.000603s ]
INFO: [ view_filter ] --END-- [ RunTime:0.000698s ]
INFO: [ app_end ] --START--
INFO: Run Behavior\ShowPageTraceBehavior [ RunTime:0.001086s ]
INFO: [ app_end ] --END-- [ RunTime:0.001185s ]

