[ 2016-10-31T12:53:50+08:00 ] ::1 /jgzf/index.php/Home/Rent/autoRent.html
INFO: [ app_init ] --START--
INFO: Run Behavior\BuildLiteBehavior [ RunTime:0.000016s ]
INFO: [ app_init ] --END-- [ RunTime:0.000386s ]
INFO: [ app_begin ] --START--
INFO: Run Behavior\ReadHtmlCacheBehavior [ RunTime:0.000625s ]
INFO: [ app_begin ] --END-- [ RunTime:0.000691s ]

[ 2016-10-31T12:54:02+08:00 ] ::1 /jgzf/index.php/Home/Rent/autoRent.html
INFO: [ app_init ] --START--
INFO: Run Behavior\BuildLiteBehavior [ RunTime:0.000014s ]
INFO: [ app_init ] --END-- [ RunTime:0.000289s ]
INFO: [ app_begin ] --START--
INFO: Run Behavior\ReadHtmlCacheBehavior [ RunTime:0.000442s ]
INFO: [ app_begin ] --END-- [ RunTime:0.000494s ]

[ 2016-10-31T12:54:29+08:00 ] ::1 /jgzf/index.php/Home/Rent/autoRent.html
INFO: [ app_init ] --START--
INFO: Run Behavior\BuildLiteBehavior [ RunTime:0.000013s ]
INFO: [ app_init ] --END-- [ RunTime:0.000285s ]
INFO: [ app_begin ] --START--
INFO: Run Behavior\ReadHtmlCacheBehavior [ RunTime:0.000457s ]
INFO: [ app_begin ] --END-- [ RunTime:0.000504s ]
INFO: [ view_parse ] --START--
INFO: [ template_filter ] --START--
INFO: Run Behavior\ContentReplaceBehavior [ RunTime:0.000047s ]
INFO: [ template_filter ] --END-- [ RunTime:0.000096s ]
INFO: Run Behavior\ParseTemplateBehavior [ RunTime:0.004435s ]
INFO: [ view_parse ] --END-- [ RunTime:0.004489s ]
INFO: [ view_filter ] --START--
INFO: Run Behavior\WriteHtmlCacheBehavior [ RunTime:0.000481s ]
INFO: [ view_filter ] --END-- [ RunTime:0.000522s ]
INFO: [ app_end ] --START--
INFO: Run Behavior\ShowPageTraceBehavior [ RunTime:0.000507s ]
INFO: [ app_end ] --END-- [ RunTime:0.000564s ]

[ 2016-10-31T12:54:37+08:00 ] ::1 /jgzf/index.php/Home/Rent/autoRentHandle
INFO: [ app_init ] --START--
INFO: Run Behavior\BuildLiteBehavior [ RunTime:0.000016s ]
INFO: [ app_init ] --END-- [ RunTime:0.000364s ]
INFO: [ app_begin ] --START--
INFO: Run Behavior\ReadHtmlCacheBehavior [ RunTime:0.000569s ]
INFO: [ app_begin ] --END-- [ RunTime:0.000635s ]
SQL: SHOW COLUMNS FROM `fangzujilu` [ RunTime:0.0081s ]
SQL: SHOW COLUMNS FROM `person` [ RunTime:0.0042s ]
SQL: SHOW COLUMNS FROM `muyecun` [ RunTime:0.0040s ]
SQL: SHOW COLUMNS FROM `xiaoqu` [ RunTime:0.0041s ]
SQL: SHOW COLUMNS FROM `person_type` [ RunTime:0.0042s ]
SQL: SELECT * FROM `person`  [ RunTime:0.0004s ]
SQL: SELECT * FROM `fangzujilu` WHERE ( card_number = 135952 )  [ RunTime:0.0004s ]
SQL: SELECT * FROM `muyecun` WHERE ( card_number = 135952 )  [ RunTime:0.0004s ]
SQL: SELECT * FROM `fangzujilu` WHERE ( card_number = 135952 ) ORDER BY id  [ RunTime:0.0004s ]
NOTIC: [8] Use of undefined constant y - assumed 'y' H:\Demo\jgzf\Application\Home\Controller\RentController.class.php 第 2041 行.
NOTIC: [8] Undefined variable: data H:\Demo\jgzf\Application\Home\Controller\RentController.class.php 第 2122 行.
NOTIC: [2] Invalid argument supplied for foreach() H:\Demo\jgzf\Application\Home\Controller\RentController.class.php 第 2122 行.
SQL: SELECT * FROM `fangzujilu` WHERE ( card_number = 123456 )  [ RunTime:0.0004s ]
SQL: SELECT * FROM `muyecun` WHERE ( card_number = 123456 )  [ RunTime:0.0003s ]
SQL: SELECT * FROM `fangzujilu` WHERE ( card_number = 123456 ) ORDER BY id  [ RunTime:0.0004s ]
NOTIC: [8] Use of undefined constant y - assumed 'y' H:\Demo\jgzf\Application\Home\Controller\RentController.class.php 第 2041 行.
NOTIC: [8] Undefined offset: 0 H:\Demo\jgzf\Application\Home\Controller\RentController.class.php 第 2044 行.
NOTIC: [8] Undefined variable: data H:\Demo\jgzf\Application\Home\Controller\RentController.class.php 第 2122 行.
NOTIC: [2] Invalid argument supplied for foreach() H:\Demo\jgzf\Application\Home\Controller\RentController.class.php 第 2122 行.
INFO: [ view_parse ] --START--
INFO: [ template_filter ] --START--
INFO: Run Behavior\ContentReplaceBehavior [ RunTime:0.000055s ]
INFO: [ template_filter ] --END-- [ RunTime:0.000123s ]
INFO: Run Behavior\ParseTemplateBehavior [ RunTime:0.006211s ]
INFO: [ view_parse ] --END-- [ RunTime:0.006285s ]
INFO: [ view_filter ] --START--
INFO: Run Behavior\WriteHtmlCacheBehavior [ RunTime:0.000400s ]
INFO: [ view_filter ] --END-- [ RunTime:0.000459s ]
INFO: [ app_end ] --START--
INFO: Run Behavior\ShowPageTraceBehavior [ RunTime:0.000636s ]
INFO: [ app_end ] --END-- [ RunTime:0.000698s ]

[ 2016-10-31T12:54:38+08:00 ] ::1 /jgzf/index.php/Home/Rent/autoRent.html
INFO: [ app_init ] --START--
INFO: Run Behavior\BuildLiteBehavior [ RunTime:0.000047s ]
INFO: [ app_init ] --END-- [ RunTime:0.001086s ]
INFO: [ app_begin ] --START--
INFO: Run Behavior\ReadHtmlCacheBehavior [ RunTime:0.000966s ]
INFO: [ app_begin ] --END-- [ RunTime:0.001079s ]
INFO: [ view_parse ] --START--
INFO: [ template_filter ] --START--
INFO: Run Behavior\ContentReplaceBehavior [ RunTime:0.000085s ]
INFO: [ template_filter ] --END-- [ RunTime:0.000190s ]
INFO: Run Behavior\ParseTemplateBehavior [ RunTime:0.011151s ]
INFO: [ view_parse ] --END-- [ RunTime:0.011262s ]
INFO: [ view_filter ] --START--
INFO: Run Behavior\WriteHtmlCacheBehavior [ RunTime:0.000665s ]
INFO: [ view_filter ] --END-- [ RunTime:0.000748s ]
INFO: [ app_end ] --START--
INFO: Run Behavior\ShowPageTraceBehavior [ RunTime:0.000915s ]
INFO: [ app_end ] --END-- [ RunTime:0.000994s ]

[ 2016-10-31T12:54:39+08:00 ] ::1 /jgzf/index.php/Home/Rent/right.html
INFO: [ app_init ] --START--
INFO: Run Behavior\BuildLiteBehavior [ RunTime:0.000028s ]
INFO: [ app_init ] --END-- [ RunTime:0.000653s ]
INFO: [ app_begin ] --START--
INFO: Run Behavior\ReadHtmlCacheBehavior [ RunTime:0.001010s ]
INFO: [ app_begin ] --END-- [ RunTime:0.001125s ]
INFO: [ view_parse ] --START--
INFO: [ template_filter ] --START--
INFO: Run Behavior\ContentReplaceBehavior [ RunTime:0.000093s ]
INFO: [ template_filter ] --END-- [ RunTime:0.000210s ]
INFO: Run Behavior\ParseTemplateBehavior [ RunTime:0.009925s ]
INFO: [ view_parse ] --END-- [ RunTime:0.010078s ]
INFO: [ view_filter ] --START--
INFO: Run Behavior\WriteHtmlCacheBehavior [ RunTime:0.000665s ]
INFO: [ view_filter ] --END-- [ RunTime:0.000759s ]
INFO: [ app_end ] --START--
INFO: Run Behavior\ShowPageTraceBehavior [ RunTime:0.001032s ]
INFO: [ app_end ] --END-- [ RunTime:0.001133s ]

[ 2016-10-31T12:54:42+08:00 ] ::1 /jgzf/index.php/Home/Rent/rentRecord.html
INFO: [ app_init ] --START--
INFO: Run Behavior\BuildLiteBehavior [ RunTime:0.000016s ]
INFO: [ app_init ] --END-- [ RunTime:0.000392s ]
INFO: [ app_begin ] --START--
INFO: Run Behavior\ReadHtmlCacheBehavior [ RunTime:0.000586s ]
INFO: [ app_begin ] --END-- [ RunTime:0.000655s ]
SQL: SHOW COLUMNS FROM `person` [ RunTime:0.0122s ]
SQL: SHOW COLUMNS FROM `person_type` [ RunTime:0.0083s ]
SQL: SELECT * FROM `person` WHERE ( card_number = 135951 )  [ RunTime:0.0010s ]
SQL: SELECT * FROM `person_type` WHERE `name` LIKE '校长'  [ RunTime:0.0011s ]
SQL: SHOW COLUMNS FROM `muyecun` [ RunTime:0.0090s ]
SQL: SELECT * FROM `muyecun` WHERE ( card_number = 135951 )  [ RunTime:0.0011s ]
INFO: [ view_parse ] --START--
INFO: [ template_filter ] --START--
INFO: Run Behavior\ContentReplaceBehavior [ RunTime:0.000104s ]
INFO: [ template_filter ] --END-- [ RunTime:0.000241s ]
INFO: Run Behavior\ParseTemplateBehavior [ RunTime:0.013705s ]
INFO: [ view_parse ] --END-- [ RunTime:0.013870s ]
INFO: [ view_filter ] --START--
INFO: Run Behavior\WriteHtmlCacheBehavior [ RunTime:0.000644s ]
INFO: [ view_filter ] --END-- [ RunTime:0.000733s ]
INFO: [ app_end ] --START--
INFO: Run Behavior\ShowPageTraceBehavior [ RunTime:0.001003s ]
INFO: [ app_end ] --END-- [ RunTime:0.001102s ]

[ 2016-10-31T12:54:45+08:00 ] ::1 /jgzf/index.php/Home/Rent/rentPay?card_number=135951
INFO: [ app_init ] --START--
INFO: Run Behavior\BuildLiteBehavior [ RunTime:0.000013s ]
INFO: [ app_init ] --END-- [ RunTime:0.000294s ]
INFO: [ app_begin ] --START--
INFO: Run Behavior\ReadHtmlCacheBehavior [ RunTime:0.000474s ]
INFO: [ app_begin ] --END-- [ RunTime:0.000525s ]
SQL: SHOW COLUMNS FROM `fangzujilu` [ RunTime:0.0129s ]
SQL: SHOW COLUMNS FROM `person` [ RunTime:0.0084s ]
SQL: SHOW COLUMNS FROM `muyecun` [ RunTime:0.0089s ]
SQL: SHOW COLUMNS FROM `xiaoqu` [ RunTime:0.0086s ]
SQL: SHOW COLUMNS FROM `person_type` [ RunTime:0.0037s ]
SQL: SELECT * FROM `muyecun` WHERE ( card_number = 135951 )  [ RunTime:0.0005s ]
SQL: SELECT * FROM `fangzujilu` WHERE ( card_number = 135951 ) ORDER BY id  [ RunTime:0.0006s ]
NOTIC: [8] Use of undefined constant y - assumed 'y' H:\Demo\jgzf\Application\Home\Controller\RentController.class.php 第 370 行.
NOTIC: [8] Undefined variable: data H:\Demo\jgzf\Application\Home\Controller\RentController.class.php 第 451 行.
NOTIC: [2] Invalid argument supplied for foreach() H:\Demo\jgzf\Application\Home\Controller\RentController.class.php 第 451 行.
SQL: SELECT * FROM `fangzujilu` WHERE ( card_number = 135951 ) ORDER BY id desc  [ RunTime:0.0006s ]
SQL: SELECT * FROM `muyecun` WHERE ( card_number = 135951 )  [ RunTime:0.0004s ]
INFO: [ view_parse ] --START--
INFO: [ template_filter ] --START--
INFO: Run Behavior\ContentReplaceBehavior [ RunTime:0.000113s ]
INFO: [ template_filter ] --END-- [ RunTime:0.000210s ]
INFO: Run Behavior\ParseTemplateBehavior [ RunTime:0.014353s ]
INFO: [ view_parse ] --END-- [ RunTime:0.014454s ]
INFO: [ view_filter ] --START--
INFO: Run Behavior\WriteHtmlCacheBehavior [ RunTime:0.000530s ]
INFO: [ view_filter ] --END-- [ RunTime:0.000605s ]
INFO: [ app_end ] --START--
INFO: Run Behavior\ShowPageTraceBehavior [ RunTime:0.000848s ]
INFO: [ app_end ] --END-- [ RunTime:0.000937s ]

[ 2016-10-31T12:55:33+08:00 ] ::1 /jgzf/index.php/Home/Rent/right.html
INFO: [ app_init ] --START--
INFO: Run Behavior\BuildLiteBehavior [ RunTime:0.000016s ]
INFO: [ app_init ] --END-- [ RunTime:0.000396s ]
INFO: [ app_begin ] --START--
INFO: Run Behavior\ReadHtmlCacheBehavior [ RunTime:0.000597s ]
INFO: [ app_begin ] --END-- [ RunTime:0.000663s ]
INFO: [ view_parse ] --START--
INFO: [ template_filter ] --START--
INFO: Run Behavior\ContentReplaceBehavior [ RunTime:0.000053s ]
INFO: [ template_filter ] --END-- [ RunTime:0.000117s ]
INFO: Run Behavior\ParseTemplateBehavior [ RunTime:0.005731s ]
INFO: [ view_parse ] --END-- [ RunTime:0.005796s ]
INFO: [ view_filter ] --START--
INFO: Run Behavior\WriteHtmlCacheBehavior [ RunTime:0.000363s ]
INFO: [ view_filter ] --END-- [ RunTime:0.000415s ]
INFO: [ app_end ] --START--
INFO: Run Behavior\ShowPageTraceBehavior [ RunTime:0.000579s ]
INFO: [ app_end ] --END-- [ RunTime:0.000634s ]

[ 2016-10-31T12:55:36+08:00 ] ::1 /jgzf/index.php/Home/Rent/rentRecord.html
INFO: [ app_init ] --START--
INFO: Run Behavior\BuildLiteBehavior [ RunTime:0.000016s ]
INFO: [ app_init ] --END-- [ RunTime:0.000368s ]
INFO: [ app_begin ] --START--
INFO: Run Behavior\ReadHtmlCacheBehavior [ RunTime:0.000563s ]
INFO: [ app_begin ] --END-- [ RunTime:0.000630s ]
SQL: SHOW COLUMNS FROM `person` [ RunTime:0.0078s ]
SQL: SHOW COLUMNS FROM `person_type` [ RunTime:0.0037s ]
SQL: SELECT * FROM `person` WHERE ( card_number = 135951 )  [ RunTime:0.0004s ]
SQL: SELECT * FROM `person_type` WHERE `name` LIKE '校长'  [ RunTime:0.0004s ]
SQL: SHOW COLUMNS FROM `muyecun` [ RunTime:0.0039s ]
SQL: SELECT * FROM `muyecun` WHERE ( card_number = 135951 )  [ RunTime:0.0005s ]
INFO: [ view_parse ] --START--
INFO: [ template_filter ] --START--
INFO: Run Behavior\ContentReplaceBehavior [ RunTime:0.000192s ]
INFO: [ template_filter ] --END-- [ RunTime:0.000413s ]
INFO: Run Behavior\ParseTemplateBehavior [ RunTime:0.015120s ]
INFO: [ view_parse ] --END-- [ RunTime:0.015295s ]
INFO: [ view_filter ] --START--
INFO: Run Behavior\WriteHtmlCacheBehavior [ RunTime:0.001301s ]
INFO: [ view_filter ] --END-- [ RunTime:0.001561s ]
INFO: [ app_end ] --START--
INFO: Run Behavior\ShowPageTraceBehavior [ RunTime:0.002207s ]
INFO: [ app_end ] --END-- [ RunTime:0.002462s ]

[ 2016-10-31T12:55:38+08:00 ] ::1 /jgzf/index.php/Home/Rent/modifyPerson?id=7
INFO: [ app_init ] --START--
INFO: Run Behavior\BuildLiteBehavior [ RunTime:0.000016s ]
INFO: [ app_init ] --END-- [ RunTime:0.000320s ]
INFO: [ app_begin ] --START--
INFO: Run Behavior\ReadHtmlCacheBehavior [ RunTime:0.000493s ]
INFO: [ app_begin ] --END-- [ RunTime:0.000551s ]
SQL: SHOW COLUMNS FROM `person` [ RunTime:0.0065s ]
SQL: SHOW COLUMNS FROM `person_type` [ RunTime:0.0026s ]
SQL: SELECT * FROM `person` WHERE ( id = 7 )  [ RunTime:0.0003s ]
SQL: SELECT `name` FROM `person_type`  [ RunTime:0.0002s ]
INFO: [ view_parse ] --START--
INFO: [ template_filter ] --START--
INFO: Run Behavior\ContentReplaceBehavior [ RunTime:0.000052s ]
INFO: [ template_filter ] --END-- [ RunTime:0.000100s ]
INFO: Run Behavior\ParseTemplateBehavior [ RunTime:0.007678s ]
INFO: [ view_parse ] --END-- [ RunTime:0.007738s ]
INFO: [ view_filter ] --START--
INFO: Run Behavior\WriteHtmlCacheBehavior [ RunTime:0.000308s ]
INFO: [ view_filter ] --END-- [ RunTime:0.000348s ]
INFO: [ app_end ] --START--
INFO: Run Behavior\ShowPageTraceBehavior [ RunTime:0.000436s ]
INFO: [ app_end ] --END-- [ RunTime:0.000478s ]

[ 2016-10-31T12:55:44+08:00 ] ::1 /jgzf/index.php/Home/Rent/modifyPersonHandle.html
INFO: [ app_init ] --START--
INFO: Run Behavior\BuildLiteBehavior [ RunTime:0.000017s ]
INFO: [ app_init ] --END-- [ RunTime:0.000371s ]
INFO: [ app_begin ] --START--
INFO: Run Behavior\ReadHtmlCacheBehavior [ RunTime:0.000568s ]
INFO: [ app_begin ] --END-- [ RunTime:0.000635s ]
SQL: SHOW COLUMNS FROM `person` [ RunTime:0.0127s ]
SQL: UPDATE `person` SET `card_number`='135951',`name`='黄河',`sex`='男',`type`='校长',`department`='物业管理中心',`ruzhan_time`='0000-00-00',`chuzhan_time`='0000-00-00',`phone_number`='18019547190',`daikoufang`='附中代扣',`discount_time`='2016-04-12' WHERE ( id = 7 ) [ RunTime:0.0011s ]
INFO: [ view_parse ] --START--
INFO: [ template_filter ] --START--
INFO: Run Behavior\ContentReplaceBehavior [ RunTime:0.000152s ]
INFO: [ template_filter ] --END-- [ RunTime:0.000352s ]
INFO: Run Behavior\ParseTemplateBehavior [ RunTime:0.017558s ]
INFO: [ view_parse ] --END-- [ RunTime:0.017805s ]
INFO: [ view_filter ] --START--
INFO: Run Behavior\WriteHtmlCacheBehavior [ RunTime:0.001131s ]
INFO: [ view_filter ] --END-- [ RunTime:0.001296s ]
INFO: [ app_end ] --START--
INFO: Run Behavior\ShowPageTraceBehavior [ RunTime:0.001876s ]
INFO: [ app_end ] --END-- [ RunTime:0.002054s ]

[ 2016-10-31T12:55:46+08:00 ] ::1 /jgzf/index.php/Home/Rent/modifyPerson?id=7
INFO: [ app_init ] --START--
INFO: Run Behavior\BuildLiteBehavior [ RunTime:0.000020s ]
INFO: [ app_init ] --END-- [ RunTime:0.000458s ]
INFO: [ app_begin ] --START--
INFO: Run Behavior\ReadHtmlCacheBehavior [ RunTime:0.000718s ]
INFO: [ app_begin ] --END-- [ RunTime:0.000803s ]
SQL: SHOW COLUMNS FROM `person` [ RunTime:0.0123s ]
SQL: SHOW COLUMNS FROM `person_type` [ RunTime:0.0086s ]
SQL: SELECT * FROM `person` WHERE ( id = 7 )  [ RunTime:0.0010s ]
SQL: SELECT `name` FROM `person_type`  [ RunTime:0.0007s ]
INFO: [ view_parse ] --START--
INFO: [ template_filter ] --START--
INFO: Run Behavior\ContentReplaceBehavior [ RunTime:0.000112s ]
INFO: [ template_filter ] --END-- [ RunTime:0.000226s ]
INFO: Run Behavior\ParseTemplateBehavior [ RunTime:0.016692s ]
INFO: [ view_parse ] --END-- [ RunTime:0.016809s ]
INFO: [ view_filter ] --START--
INFO: Run Behavior\WriteHtmlCacheBehavior [ RunTime:0.000723s ]
INFO: [ view_filter ] --END-- [ RunTime:0.000816s ]
INFO: [ app_end ] --START--
INFO: Run Behavior\ShowPageTraceBehavior [ RunTime:0.001340s ]
INFO: [ app_end ] --END-- [ RunTime:0.001443s ]

[ 2016-10-31T12:55:47+08:00 ] ::1 /jgzf/index.php/Home/Rent/autoRent.html
INFO: [ app_init ] --START--
INFO: Run Behavior\BuildLiteBehavior [ RunTime:0.000017s ]
INFO: [ app_init ] --END-- [ RunTime:0.000363s ]
INFO: [ app_begin ] --START--
INFO: Run Behavior\ReadHtmlCacheBehavior [ RunTime:0.000590s ]
INFO: [ app_begin ] --END-- [ RunTime:0.000654s ]
INFO: [ view_parse ] --START--
INFO: [ template_filter ] --START--
INFO: Run Behavior\ContentReplaceBehavior [ RunTime:0.000062s ]
INFO: [ template_filter ] --END-- [ RunTime:0.000131s ]
INFO: Run Behavior\ParseTemplateBehavior [ RunTime:0.005433s ]
INFO: [ view_parse ] --END-- [ RunTime:0.005497s ]
INFO: [ view_filter ] --START--
INFO: Run Behavior\WriteHtmlCacheBehavior [ RunTime:0.000287s ]
INFO: [ view_filter ] --END-- [ RunTime:0.000330s ]
INFO: [ app_end ] --START--
INFO: Run Behavior\ShowPageTraceBehavior [ RunTime:0.000495s ]
INFO: [ app_end ] --END-- [ RunTime:0.000537s ]

[ 2016-10-31T12:55:49+08:00 ] ::1 /jgzf/index.php/Home/Rent/autoRentHandle
INFO: [ app_init ] --START--
INFO: Run Behavior\BuildLiteBehavior [ RunTime:0.000034s ]
INFO: [ app_init ] --END-- [ RunTime:0.000535s ]
INFO: [ app_begin ] --START--
INFO: Run Behavior\ReadHtmlCacheBehavior [ RunTime:0.000442s ]
INFO: [ app_begin ] --END-- [ RunTime:0.000494s ]
SQL: SHOW COLUMNS FROM `fangzujilu` [ RunTime:0.0122s ]
SQL: SHOW COLUMNS FROM `person` [ RunTime:0.0083s ]
SQL: SHOW COLUMNS FROM `muyecun` [ RunTime:0.0093s ]
SQL: SHOW COLUMNS FROM `xiaoqu` [ RunTime:0.0081s ]
SQL: SHOW COLUMNS FROM `person_type` [ RunTime:0.0065s ]
SQL: SELECT * FROM `person`  [ RunTime:0.0004s ]
SQL: SELECT * FROM `fangzujilu` WHERE ( card_number = 135952 )  [ RunTime:0.0005s ]
SQL: SELECT * FROM `muyecun` WHERE ( card_number = 135952 )  [ RunTime:0.0005s ]
SQL: SELECT * FROM `fangzujilu` WHERE ( card_number = 135952 ) ORDER BY id  [ RunTime:0.0005s ]
NOTIC: [8] Use of undefined constant y - assumed 'y' H:\Demo\jgzf\Application\Home\Controller\RentController.class.php 第 2041 行.
NOTIC: [8] Undefined variable: data H:\Demo\jgzf\Application\Home\Controller\RentController.class.php 第 2122 行.
NOTIC: [2] Invalid argument supplied for foreach() H:\Demo\jgzf\Application\Home\Controller\RentController.class.php 第 2122 行.
SQL: SELECT * FROM `fangzujilu` WHERE ( card_number = 123456 )  [ RunTime:0.0005s ]
SQL: SELECT * FROM `muyecun` WHERE ( card_number = 123456 )  [ RunTime:0.0004s ]
SQL: SELECT * FROM `fangzujilu` WHERE ( card_number = 123456 ) ORDER BY id  [ RunTime:0.0005s ]
NOTIC: [8] Use of undefined constant y - assumed 'y' H:\Demo\jgzf\Application\Home\Controller\RentController.class.php 第 2041 行.
NOTIC: [8] Undefined offset: 0 H:\Demo\jgzf\Application\Home\Controller\RentController.class.php 第 2044 行.
NOTIC: [8] Undefined variable: data H:\Demo\jgzf\Application\Home\Controller\RentController.class.php 第 2122 行.
NOTIC: [2] Invalid argument supplied for foreach() H:\Demo\jgzf\Application\Home\Controller\RentController.class.php 第 2122 行.
SQL: SELECT * FROM `fangzujilu` WHERE ( card_number = 135951 )  [ RunTime:0.0005s ]
SQL: SELECT * FROM `muyecun` WHERE ( card_number = 135951 )  [ RunTime:0.0004s ]
SQL: SELECT * FROM `fangzujilu` WHERE ( card_number = 135951 ) ORDER BY id  [ RunTime:0.0006s ]
NOTIC: [8] Use of undefined constant y - assumed 'y' H:\Demo\jgzf\Application\Home\Controller\RentController.class.php 第 2041 行.
NOTIC: [8] Undefined variable: data H:\Demo\jgzf\Application\Home\Controller\RentController.class.php 第 2122 行.
NOTIC: [2] Invalid argument supplied for foreach() H:\Demo\jgzf\Application\Home\Controller\RentController.class.php 第 2122 行.
INFO: [ view_parse ] --START--
INFO: [ template_filter ] --START--
INFO: Run Behavior\ContentReplaceBehavior [ RunTime:0.000069s ]
INFO: [ template_filter ] --END-- [ RunTime:0.000222s ]
INFO: Run Behavior\ParseTemplateBehavior [ RunTime:0.008395s ]
INFO: [ view_parse ] --END-- [ RunTime:0.008485s ]
INFO: [ view_filter ] --START--
INFO: Run Behavior\WriteHtmlCacheBehavior [ RunTime:0.000523s ]
INFO: [ view_filter ] --END-- [ RunTime:0.000596s ]
INFO: [ app_end ] --START--
INFO: Run Behavior\ShowPageTraceBehavior [ RunTime:0.000800s ]
INFO: [ app_end ] --END-- [ RunTime:0.000880s ]

[ 2016-10-31T12:55:51+08:00 ] ::1 /jgzf/index.php/Home/Rent/autoRent.html
INFO: [ app_init ] --START--
INFO: Run Behavior\BuildLiteBehavior [ RunTime:0.000021s ]
INFO: [ app_init ] --END-- [ RunTime:0.000485s ]
INFO: [ app_begin ] --START--
INFO: Run Behavior\ReadHtmlCacheBehavior [ RunTime:0.000762s ]
INFO: [ app_begin ] --END-- [ RunTime:0.000848s ]
INFO: [ view_parse ] --START--
INFO: [ template_filter ] --START--
INFO: Run Behavior\ContentReplaceBehavior [ RunTime:0.000094s ]
INFO: [ template_filter ] --END-- [ RunTime:0.000228s ]
INFO: Run Behavior\ParseTemplateBehavior [ RunTime:0.007355s ]
INFO: [ view_parse ] --END-- [ RunTime:0.007448s ]
INFO: [ view_filter ] --START--
INFO: Run Behavior\WriteHtmlCacheBehavior [ RunTime:0.000458s ]
INFO: [ view_filter ] --END-- [ RunTime:0.000525s ]
INFO: [ app_end ] --START--
INFO: Run Behavior\ShowPageTraceBehavior [ RunTime:0.000779s ]
INFO: [ app_end ] --END-- [ RunTime:0.000851s ]

[ 2016-10-31T12:55:51+08:00 ] ::1 /jgzf/index.php/Home/Rent/right.html
INFO: [ app_init ] --START--
INFO: Run Behavior\BuildLiteBehavior [ RunTime:0.000015s ]
INFO: [ app_init ] --END-- [ RunTime:0.000368s ]
INFO: [ app_begin ] --START--
INFO: Run Behavior\ReadHtmlCacheBehavior [ RunTime:0.000577s ]
INFO: [ app_begin ] --END-- [ RunTime:0.000644s ]
INFO: [ view_parse ] --START--
INFO: [ template_filter ] --START--
INFO: Run Behavior\ContentReplaceBehavior [ RunTime:0.000053s ]
INFO: [ template_filter ] --END-- [ RunTime:0.000118s ]
INFO: Run Behavior\ParseTemplateBehavior [ RunTime:0.005545s ]
INFO: [ view_parse ] --END-- [ RunTime:0.005608s ]
INFO: [ view_filter ] --START--
INFO: Run Behavior\WriteHtmlCacheBehavior [ RunTime:0.000357s ]
INFO: [ view_filter ] --END-- [ RunTime:0.000407s ]
INFO: [ app_end ] --START--
INFO: Run Behavior\ShowPageTraceBehavior [ RunTime:0.000583s ]
INFO: [ app_end ] --END-- [ RunTime:0.000639s ]

[ 2016-10-31T12:55:55+08:00 ] ::1 /jgzf/index.php/Home/Rent/rentRecord.html
INFO: [ app_init ] --START--
INFO: Run Behavior\BuildLiteBehavior [ RunTime:0.000016s ]
INFO: [ app_init ] --END-- [ RunTime:0.000365s ]
INFO: [ app_begin ] --START--
INFO: Run Behavior\ReadHtmlCacheBehavior [ RunTime:0.000562s ]
INFO: [ app_begin ] --END-- [ RunTime:0.000627s ]
SQL: SHOW COLUMNS FROM `person` [ RunTime:0.0125s ]
SQL: SHOW COLUMNS FROM `person_type` [ RunTime:0.0079s ]
SQL: SELECT * FROM `person` WHERE ( card_number = 135951 )  [ RunTime:0.0010s ]
SQL: SELECT * FROM `person_type` WHERE `name` LIKE '校长'  [ RunTime:0.0008s ]
SQL: SHOW COLUMNS FROM `muyecun` [ RunTime:0.0090s ]
SQL: SELECT * FROM `muyecun` WHERE ( card_number = 135951 )  [ RunTime:0.0011s ]
INFO: [ view_parse ] --START--
INFO: [ template_filter ] --START--
INFO: Run Behavior\ContentReplaceBehavior [ RunTime:0.000095s ]
INFO: [ template_filter ] --END-- [ RunTime:0.000216s ]
INFO: Run Behavior\ParseTemplateBehavior [ RunTime:0.017425s ]
INFO: [ view_parse ] --END-- [ RunTime:0.017582s ]
INFO: [ view_filter ] --START--
INFO: Run Behavior\WriteHtmlCacheBehavior [ RunTime:0.000594s ]
INFO: [ view_filter ] --END-- [ RunTime:0.000676s ]
INFO: [ app_end ] --START--
INFO: Run Behavior\ShowPageTraceBehavior [ RunTime:0.000926s ]
INFO: [ app_end ] --END-- [ RunTime:0.001015s ]

[ 2016-10-31T12:55:57+08:00 ] ::1 /jgzf/index.php/Home/Rent/rentPay?card_number=135951
INFO: [ app_init ] --START--
INFO: Run Behavior\BuildLiteBehavior [ RunTime:0.000013s ]
INFO: [ app_init ] --END-- [ RunTime:0.000289s ]
INFO: [ app_begin ] --START--
INFO: Run Behavior\ReadHtmlCacheBehavior [ RunTime:0.000480s ]
INFO: [ app_begin ] --END-- [ RunTime:0.000532s ]
SQL: SHOW COLUMNS FROM `fangzujilu` [ RunTime:0.0083s ]
SQL: SHOW COLUMNS FROM `person` [ RunTime:0.0043s ]
SQL: SHOW COLUMNS FROM `muyecun` [ RunTime:0.0045s ]
SQL: SHOW COLUMNS FROM `xiaoqu` [ RunTime:0.0058s ]
SQL: SHOW COLUMNS FROM `person_type` [ RunTime:0.0079s ]
SQL: SELECT * FROM `muyecun` WHERE ( card_number = 135951 )  [ RunTime:0.0011s ]
SQL: SELECT * FROM `fangzujilu` WHERE ( card_number = 135951 ) ORDER BY id  [ RunTime:0.0013s ]
NOTIC: [8] Use of undefined constant y - assumed 'y' H:\Demo\jgzf\Application\Home\Controller\RentController.class.php 第 370 行.
NOTIC: [8] Undefined variable: data H:\Demo\jgzf\Application\Home\Controller\RentController.class.php 第 451 行.
NOTIC: [2] Invalid argument supplied for foreach() H:\Demo\jgzf\Application\Home\Controller\RentController.class.php 第 451 行.
SQL: SELECT * FROM `fangzujilu` WHERE ( card_number = 135951 ) ORDER BY id desc  [ RunTime:0.0013s ]
SQL: SELECT * FROM `muyecun` WHERE ( card_number = 135951 )  [ RunTime:0.0011s ]
INFO: [ view_parse ] --START--
INFO: [ template_filter ] --START--
INFO: Run Behavior\ContentReplaceBehavior [ RunTime:0.000245s ]
INFO: [ template_filter ] --END-- [ RunTime:0.000447s ]
INFO: Run Behavior\ParseTemplateBehavior [ RunTime:0.031881s ]
INFO: [ view_parse ] --END-- [ RunTime:0.032104s ]
INFO: [ view_filter ] --START--
INFO: Run Behavior\WriteHtmlCacheBehavior [ RunTime:0.001196s ]
INFO: [ view_filter ] --END-- [ RunTime:0.001368s ]
INFO: [ app_end ] --START--
INFO: Run Behavior\ShowPageTraceBehavior [ RunTime:0.002343s ]
INFO: [ app_end ] --END-- [ RunTime:0.002586s ]

[ 2016-10-31T12:57:55+08:00 ] ::1 /jgzf/index.php/Home/Rent/autoRent.html
INFO: [ app_init ] --START--
INFO: Run Behavior\BuildLiteBehavior [ RunTime:0.000017s ]
INFO: [ app_init ] --END-- [ RunTime:0.000389s ]
INFO: [ app_begin ] --START--
INFO: Run Behavior\ReadHtmlCacheBehavior [ RunTime:0.000619s ]
INFO: [ app_begin ] --END-- [ RunTime:0.000686s ]
INFO: [ view_parse ] --START--
INFO: [ template_filter ] --START--
INFO: Run Behavior\ContentReplaceBehavior [ RunTime:0.000058s ]
INFO: [ template_filter ] --END-- [ RunTime:0.000126s ]
INFO: Run Behavior\ParseTemplateBehavior [ RunTime:0.005528s ]
INFO: [ view_parse ] --END-- [ RunTime:0.005596s ]
INFO: [ view_filter ] --START--
INFO: Run Behavior\WriteHtmlCacheBehavior [ RunTime:0.000361s ]
INFO: [ view_filter ] --END-- [ RunTime:0.000413s ]
INFO: [ app_end ] --START--
INFO: Run Behavior\ShowPageTraceBehavior [ RunTime:0.000586s ]
INFO: [ app_end ] --END-- [ RunTime:0.000643s ]

[ 2016-10-31T12:57:58+08:00 ] ::1 /jgzf/index.php/Home/Rent/autoRentHandle
INFO: [ app_init ] --START--
INFO: Run Behavior\BuildLiteBehavior [ RunTime:0.000017s ]
INFO: [ app_init ] --END-- [ RunTime:0.000377s ]
INFO: [ app_begin ] --START--
INFO: Run Behavior\ReadHtmlCacheBehavior [ RunTime:0.000567s ]
INFO: [ app_begin ] --END-- [ RunTime:0.000634s ]
SQL: SHOW COLUMNS FROM `fangzujilu` [ RunTime:0.0111s ]
SQL: SHOW COLUMNS FROM `person` [ RunTime:0.0069s ]
SQL: SHOW COLUMNS FROM `muyecun` [ RunTime:0.0070s ]
SQL: SHOW COLUMNS FROM `xiaoqu` [ RunTime:0.0064s ]
SQL: SHOW COLUMNS FROM `person_type` [ RunTime:0.0035s ]
SQL: SELECT * FROM `person`  [ RunTime:0.0005s ]
SQL: SELECT * FROM `fangzujilu` WHERE ( card_number = 135952 )  [ RunTime:0.0004s ]
SQL: UPDATE `fangzujilu` SET `house_id`='2',`card_number`='135952',`start_time`='2016-10-07',`end_time`='2016-10-31',`month`='2016-10-07',`rent`='290.88',`res_person`='',`status`='已交' WHERE `id` = 201 [ RunTime:0.0003s ]
SQL: UPDATE `fangzujilu` SET `house_id`='2',`card_number`='135952',`start_time`='2016-11-01',`end_time`='2016-11-30',`month`='2016-11-01',`rent`='363.6',`res_person`='',`status`='已交' WHERE `id` = 202 [ RunTime:0.0003s ]
SQL: UPDATE `fangzujilu` SET `house_id`='2',`card_number`='135952',`start_time`='2016-12-01',`end_time`='2016-12-31',`month`='2016-12-01',`rent`='363.6',`res_person`='',`status`='已交' WHERE `id` = 203 [ RunTime:0.0004s ]
SQL: UPDATE `fangzujilu` SET `house_id`='2',`card_number`='135952',`start_time`='2016-11-01',`end_time`='2016-11-30',`month`='2016-11-01',`rent`='363.6',`res_person`='',`status`='已交' WHERE `id` = 204 [ RunTime:0.0003s ]
SQL: UPDATE `fangzujilu` SET `house_id`='2',`card_number`='135952',`start_time`='2016-12-01',`end_time`='2016-12-31',`month`='2016-12-01',`rent`='363.6',`res_person`='',`status`='已交' WHERE `id` = 205 [ RunTime:0.0003s ]
SQL: UPDATE `fangzujilu` SET `house_id`='2',`card_number`='135952',`start_time`='2017-01-01',`end_time`='2017-01-31',`month`='2017-01-01',`rent`='363.6',`res_person`='',`status`='已交' WHERE `id` = 206 [ RunTime:0.0003s ]
SQL: UPDATE `fangzujilu` SET `house_id`='2',`card_number`='135952',`start_time`='2017-02-01',`end_time`='2017-02-28',`month`='2017-02-01',`rent`='363.6',`res_person`='',`status`='已交' WHERE `id` = 207 [ RunTime:0.0003s ]
SQL: UPDATE `fangzujilu` SET `house_id`='2',`card_number`='135952',`start_time`='2017-03-01',`end_time`='2017-03-31',`month`='2017-03-01',`rent`='363.6',`res_person`='',`status`='已交' WHERE `id` = 208 [ RunTime:0.0003s ]
SQL: UPDATE `fangzujilu` SET `house_id`='2',`card_number`='135952',`start_time`='2017-04-01',`end_time`='2017-04-30',`month`='2017-04-01',`rent`='363.6',`res_person`='',`status`='已交' WHERE `id` = 209 [ RunTime:0.0003s ]
SQL: UPDATE `fangzujilu` SET `house_id`='2',`card_number`='135952',`start_time`='2017-05-01',`end_time`='2017-05-31',`month`='2017-05-01',`rent`='424.2',`res_person`='',`status`='已交' WHERE `id` = 214 [ RunTime:0.0003s ]
SQL: UPDATE `fangzujilu` SET `house_id`='2',`card_number`='135952',`start_time`='2017-06-01',`end_time`='2017-06-30',`month`='2017-06-01',`rent`='424.2',`res_person`='',`status`='已交' WHERE `id` = 215 [ RunTime:0.0003s ]
SQL: UPDATE `fangzujilu` SET `house_id`='2',`card_number`='135952',`start_time`='2017-07-01',`end_time`='2017-07-31',`month`='2017-07-01',`rent`='424.2',`res_person`='',`status`='已交' WHERE `id` = 216 [ RunTime:0.0003s ]
SQL: SELECT * FROM `muyecun` WHERE ( card_number = 135952 )  [ RunTime:0.0005s ]
SQL: SELECT * FROM `fangzujilu` WHERE ( card_number = 135952 ) ORDER BY id  [ RunTime:0.0005s ]
NOTIC: [8] Use of undefined constant y - assumed 'y' H:\Demo\jgzf\Application\Home\Controller\RentController.class.php 第 2041 行.
NOTIC: [8] Undefined variable: data H:\Demo\jgzf\Application\Home\Controller\RentController.class.php 第 2122 行.
NOTIC: [2] Invalid argument supplied for foreach() H:\Demo\jgzf\Application\Home\Controller\RentController.class.php 第 2122 行.
SQL: SELECT * FROM `fangzujilu` WHERE ( card_number = 123456 )  [ RunTime:0.0005s ]
SQL: UPDATE `fangzujilu` SET `house_id`='295',`card_number`='123456',`start_time`='2015-05-13',`end_time`='2015-05-31',`month`='2015-05-13',`rent`='1893.6',`res_person`='',`status`='已交' WHERE `id` = 222 [ RunTime:0.0003s ]
SQL: UPDATE `fangzujilu` SET `house_id`='295',`card_number`='123456',`start_time`='2015-06-01',`end_time`='2015-06-30',`month`='2015-06-01',`rent`='3156',`res_person`='',`status`='已交' WHERE `id` = 223 [ RunTime:0.0004s ]
SQL: UPDATE `fangzujilu` SET `house_id`='295',`card_number`='123456',`start_time`='2015-07-01',`end_time`='2015-07-31',`month`='2015-07-01',`rent`='3156',`res_person`='',`status`='已交' WHERE `id` = 224 [ RunTime:0.0004s ]
SQL: UPDATE `fangzujilu` SET `house_id`='295',`card_number`='123456',`start_time`='2015-08-01',`end_time`='2015-08-31',`month`='2015-08-01',`rent`='3156',`res_person`='',`status`='已交' WHERE `id` = 225 [ RunTime:0.0005s ]
SQL: UPDATE `fangzujilu` SET `house_id`='295',`card_number`='123456',`start_time`='2015-09-01',`end_time`='2015-09-30',`month`='2015-09-01',`rent`='3156',`res_person`='',`status`='已交' WHERE `id` = 226 [ RunTime:0.0005s ]
SQL: UPDATE `fangzujilu` SET `house_id`='295',`card_number`='123456',`start_time`='2015-10-01',`end_time`='2015-10-31',`month`='2015-10-01',`rent`='3156',`res_person`='',`status`='已交' WHERE `id` = 227 [ RunTime:0.0004s ]
SQL: UPDATE `fangzujilu` SET `house_id`='295',`card_number`='123456',`start_time`='2015-11-01',`end_time`='2015-11-30',`month`='2015-11-01',`rent`='3156',`res_person`='',`status`='已交' WHERE `id` = 228 [ RunTime:0.0003s ]
SQL: UPDATE `fangzujilu` SET `house_id`='295',`card_number`='123456',`start_time`='2015-12-01',`end_time`='2015-12-31',`month`='2015-12-01',`rent`='3156',`res_person`='',`status`='已交' WHERE `id` = 229 [ RunTime:0.0004s ]
SQL: UPDATE `fangzujilu` SET `house_id`='295',`card_number`='123456',`start_time`='2016-01-01',`end_time`='2016-01-31',`month`='2016-01-01',`rent`='3156',`res_person`='',`status`='已交' WHERE `id` = 230 [ RunTime:0.0004s ]
SQL: UPDATE `fangzujilu` SET `house_id`='295',`card_number`='123456',`start_time`='2016-02-01',`end_time`='2016-02-29',`month`='2016-02-01',`rent`='3156',`res_person`='',`status`='已交' WHERE `id` = 231 [ RunTime:0.0004s ]
SQL: UPDATE `fangzujilu` SET `house_id`='295',`card_number`='123456',`start_time`='2016-03-01',`end_time`='2016-03-31',`month`='2016-03-01',`rent`='3156',`res_person`='',`status`='已交' WHERE `id` = 232 [ RunTime:0.0004s ]
SQL: UPDATE `fangzujilu` SET `house_id`='295',`card_number`='123456',`start_time`='2016-04-01',`end_time`='2016-04-30',`month`='2016-04-01',`rent`='3156',`res_person`='',`status`='已交' WHERE `id` = 233 [ RunTime:0.0004s ]
SQL: UPDATE `fangzujilu` SET `house_id`='295',`card_number`='123456',`start_time`='2016-05-01',`end_time`='2016-05-31',`month`='2016-05-01',`rent`='3156',`res_person`='',`status`='已交' WHERE `id` = 234 [ RunTime:0.0005s ]
SQL: UPDATE `fangzujilu` SET `house_id`='295',`card_number`='123456',`start_time`='2016-06-01',`end_time`='2016-06-30',`month`='2016-06-01',`rent`='3156',`res_person`='',`status`='已交' WHERE `id` = 235 [ RunTime:0.0006s ]
SQL: UPDATE `fangzujilu` SET `house_id`='295',`card_number`='123456',`start_time`='2016-07-01',`end_time`='2016-07-31',`month`='2016-07-01',`rent`='3156',`res_person`='',`status`='已交' WHERE `id` = 236 [ RunTime:0.0007s ]
SQL: UPDATE `fangzujilu` SET `house_id`='295',`card_number`='123456',`start_time`='2016-08-01',`end_time`='2016-08-31',`month`='2016-08-01',`rent`='3156',`res_person`='',`status`='已交' WHERE `id` = 237 [ RunTime:0.0005s ]
SQL: UPDATE `fangzujilu` SET `house_id`='295',`card_number`='123456',`start_time`='2016-09-01',`end_time`='2016-09-30',`month`='2016-09-01',`rent`='3156',`res_person`='',`status`='已交' WHERE `id` = 238 [ RunTime:0.0004s ]
SQL: UPDATE `fangzujilu` SET `house_id`='295',`card_number`='123456',`start_time`='2016-10-01',`end_time`='2016-10-31',`month`='2016-10-01',`rent`='2870.94',`res_person`='',`status`='已交' WHERE `id` = 239 [ RunTime:0.0003s ]
SQL: SELECT * FROM `muyecun` WHERE ( card_number = 123456 )  [ RunTime:0.0004s ]
SQL: SELECT * FROM `fangzujilu` WHERE ( card_number = 123456 ) ORDER BY id  [ RunTime:0.0005s ]
NOTIC: [8] Use of undefined constant y - assumed 'y' H:\Demo\jgzf\Application\Home\Controller\RentController.class.php 第 2041 行.
NOTIC: [8] Undefined offset: 0 H:\Demo\jgzf\Application\Home\Controller\RentController.class.php 第 2044 行.
NOTIC: [8] Undefined variable: data H:\Demo\jgzf\Application\Home\Controller\RentController.class.php 第 2122 行.
NOTIC: [2] Invalid argument supplied for foreach() H:\Demo\jgzf\Application\Home\Controller\RentController.class.php 第 2122 行.
SQL: SELECT * FROM `fangzujilu` WHERE ( card_number = 135951 )  [ RunTime:0.0006s ]
SQL: UPDATE `fangzujilu` SET `house_id`='1',`card_number`='135951',`start_time`='2016-07-01',`end_time`='2016-07-31',`month`='2016-07-01',`rent`='18000',`res_person`='',`status`='已交' WHERE `id` = 195 [ RunTime:0.0004s ]
SQL: UPDATE `fangzujilu` SET `house_id`='1',`card_number`='135951',`start_time`='2016-01-01',`end_time`='2016-01-31',`month`='2016-01-01',`rent`='30000',`res_person`='',`status`='已交' WHERE `id` = 189 [ RunTime:0.0004s ]
SQL: UPDATE `fangzujilu` SET `house_id`='1',`card_number`='135951',`start_time`='2016-02-01',`end_time`='2016-02-29',`month`='2016-02-01',`rent`='30000',`res_person`='',`status`='已交' WHERE `id` = 190 [ RunTime:0.0003s ]
SQL: UPDATE `fangzujilu` SET `house_id`='1',`card_number`='135951',`start_time`='2016-03-01',`end_time`='2016-03-31',`month`='2016-03-01',`rent`='30000',`res_person`='',`status`='已交' WHERE `id` = 191 [ RunTime:0.0003s ]
SQL: UPDATE `fangzujilu` SET `house_id`='1',`card_number`='135951',`start_time`='2016-04-01',`end_time`='2016-04-30',`month`='2016-04-01',`rent`='22800',`res_person`='',`status`='已交' WHERE `id` = 192 [ RunTime:0.0002s ]
SQL: UPDATE `fangzujilu` SET `house_id`='1',`card_number`='135951',`start_time`='2016-05-01',`end_time`='2016-05-13',`month`='2016-05-01',`rent`='7548.39',`res_person`='',`status`='已交' WHERE `id` = 193 [ RunTime:0.0003s ]
SQL: UPDATE `fangzujilu` SET `house_id`='1',`card_number`='135951',`start_time`='2016-06-01',`end_time`='2016-06-30',`month`='2016-06-01',`rent`='18000',`res_person`='',`status`='已交' WHERE `id` = 194 [ RunTime:0.0002s ]
SQL: UPDATE `fangzujilu` SET `house_id`='1',`card_number`='135951',`start_time`='2015-12-10',`end_time`='2015-12-31',`month`='2015-12-10',`rent`='21000',`res_person`='',`status`='已交' WHERE `id` = 188 [ RunTime:0.0002s ]
SQL: UPDATE `fangzujilu` SET `house_id`='1',`card_number`='135951',`start_time`='2016-08-01',`end_time`='2016-08-31',`month`='2016-08-01',`rent`='18000',`res_person`='',`status`='已交' WHERE `id` = 196 [ RunTime:0.0003s ]
SQL: UPDATE `fangzujilu` SET `house_id`='1',`card_number`='135951',`start_time`='2016-09-01',`end_time`='2016-09-30',`month`='2016-09-01',`rent`='18000',`res_person`='',`status`='已交' WHERE `id` = 197 [ RunTime:0.0003s ]
SQL: UPDATE `fangzujilu` SET `house_id`='1',`card_number`='135951',`start_time`='2016-10-01',`end_time`='2016-10-31',`month`='2016-10-01',`rent`='18000',`res_person`='',`status`='已交' WHERE `id` = 198 [ RunTime:0.0002s ]
SQL: UPDATE `fangzujilu` SET `house_id`='1',`card_number`='135951',`start_time`='2016-11-01',`end_time`='2016-11-30',`month`='2016-11-01',`rent`='18000',`res_person`='',`status`='已交' WHERE `id` = 199 [ RunTime:0.0002s ]
SQL: UPDATE `fangzujilu` SET `house_id`='1',`card_number`='135951',`start_time`='2016-12-01',`end_time`='2016-12-31',`month`='2016-12-01',`rent`='18000',`res_person`='',`status`='已交' WHERE `id` = 200 [ RunTime:0.0003s ]
SQL: UPDATE `fangzujilu` SET `house_id`='1',`card_number`='135951',`start_time`='2017-01-01',`end_time`='2017-01-31',`month`='2017-01-01',`rent`='18000',`res_person`='',`status`='已交' WHERE `id` = 210 [ RunTime:0.0003s ]
SQL: UPDATE `fangzujilu` SET `house_id`='1',`card_number`='135951',`start_time`='2017-02-01',`end_time`='2017-02-28',`month`='2017-02-01',`rent`='18000',`res_person`='',`status`='已交' WHERE `id` = 211 [ RunTime:0.0002s ]
SQL: UPDATE `fangzujilu` SET `house_id`='1',`card_number`='135951',`start_time`='2017-03-01',`end_time`='2017-03-31',`month`='2017-03-01',`rent`='18000',`res_person`='',`status`='已交' WHERE `id` = 212 [ RunTime:0.0002s ]
SQL: UPDATE `fangzujilu` SET `house_id`='1',`card_number`='135951',`start_time`='2017-04-01',`end_time`='2017-04-30',`month`='2017-04-01',`rent`='21000',`res_person`='',`status`='已交' WHERE `id` = 213 [ RunTime:0.0002s ]
SQL: UPDATE `fangzujilu` SET `house_id`='1',`card_number`='135951',`start_time`='2017-05-01',`end_time`='2017-05-31',`month`='2017-05-01',`rent`='21000',`res_person`='',`status`='已交' WHERE `id` = 217 [ RunTime:0.0002s ]
SQL: UPDATE `fangzujilu` SET `house_id`='1',`card_number`='135951',`start_time`='2017-06-01',`end_time`='2017-06-30',`month`='2017-06-01',`rent`='21000',`res_person`='',`status`='已交' WHERE `id` = 218 [ RunTime:0.0002s ]
SQL: UPDATE `fangzujilu` SET `house_id`='1',`card_number`='135951',`start_time`='2017-07-01',`end_time`='2017-07-31',`month`='2017-07-01',`rent`='21000',`res_person`='',`status`='已交' WHERE `id` = 219 [ RunTime:0.0002s ]
SQL: UPDATE `fangzujilu` SET `house_id`='1',`card_number`='135951',`start_time`='2017-08-01',`end_time`='2017-08-31',`month`='2017-08-01',`rent`='21000',`res_person`='',`status`='已交' WHERE `id` = 220 [ RunTime:0.0002s ]
SQL: UPDATE `fangzujilu` SET `house_id`='1',`card_number`='135951',`start_time`='2017-09-01',`end_time`='2017-09-30',`month`='2017-09-01',`rent`='21000',`res_person`='',`status`='已交' WHERE `id` = 221 [ RunTime:0.0002s ]
SQL: SELECT * FROM `muyecun` WHERE ( card_number = 135951 )  [ RunTime:0.0003s ]
SQL: SELECT * FROM `fangzujilu` WHERE ( card_number = 135951 ) ORDER BY id  [ RunTime:0.0004s ]
NOTIC: [8] Use of undefined constant y - assumed 'y' H:\Demo\jgzf\Application\Home\Controller\RentController.class.php 第 2041 行.
NOTIC: [8] Undefined variable: data H:\Demo\jgzf\Application\Home\Controller\RentController.class.php 第 2122 行.
NOTIC: [2] Invalid argument supplied for foreach() H:\Demo\jgzf\Application\Home\Controller\RentController.class.php 第 2122 行.
INFO: [ view_parse ] --START--
INFO: [ template_filter ] --START--
INFO: Run Behavior\ContentReplaceBehavior [ RunTime:0.000040s ]
INFO: [ template_filter ] --END-- [ RunTime:0.000094s ]
INFO: Run Behavior\ParseTemplateBehavior [ RunTime:0.005353s ]
INFO: [ view_parse ] --END-- [ RunTime:0.005408s ]
INFO: [ view_filter ] --START--
INFO: Run Behavior\WriteHtmlCacheBehavior [ RunTime:0.000279s ]
INFO: [ view_filter ] --END-- [ RunTime:0.000318s ]
NOTIC: [2] Cannot modify header information - headers already sent by (output started at H:\Demo\jgzf\ThinkPHP\Common\functions.php:850) H:\Demo\jgzf\ThinkPHP\Library\Think\View.class.php 第 91 行.
NOTIC: [2] Cannot modify header information - headers already sent by (output started at H:\Demo\jgzf\ThinkPHP\Common\functions.php:850) H:\Demo\jgzf\ThinkPHP\Library\Think\View.class.php 第 92 行.
NOTIC: [2] Cannot modify header information - headers already sent by (output started at H:\Demo\jgzf\ThinkPHP\Common\functions.php:850) H:\Demo\jgzf\ThinkPHP\Library\Think\View.class.php 第 93 行.
INFO: [ app_end ] --START--
INFO: Run Behavior\ShowPageTraceBehavior [ RunTime:0.000462s ]
INFO: [ app_end ] --END-- [ RunTime:0.000506s ]

[ 2016-10-31T12:57:59+08:00 ] ::1 /jgzf/index.php/Home/Rent/autoRent.html
INFO: [ app_init ] --START--
INFO: Run Behavior\BuildLiteBehavior [ RunTime:0.000019s ]
INFO: [ app_init ] --END-- [ RunTime:0.000448s ]
INFO: [ app_begin ] --START--
INFO: Run Behavior\ReadHtmlCacheBehavior [ RunTime:0.000684s ]
INFO: [ app_begin ] --END-- [ RunTime:0.000761s ]
INFO: [ view_parse ] --START--
INFO: [ template_filter ] --START--
INFO: Run Behavior\ContentReplaceBehavior [ RunTime:0.000070s ]
INFO: [ template_filter ] --END-- [ RunTime:0.000153s ]
INFO: Run Behavior\ParseTemplateBehavior [ RunTime:0.006659s ]
INFO: [ view_parse ] --END-- [ RunTime:0.006740s ]
INFO: [ view_filter ] --START--
INFO: Run Behavior\WriteHtmlCacheBehavior [ RunTime:0.000425s ]
INFO: [ view_filter ] --END-- [ RunTime:0.000487s ]
INFO: [ app_end ] --START--
INFO: Run Behavior\ShowPageTraceBehavior [ RunTime:0.000711s ]
INFO: [ app_end ] --END-- [ RunTime:0.000781s ]

[ 2016-10-31T12:58:02+08:00 ] ::1 /jgzf/index.php/Home/Rent/right.html
INFO: [ app_init ] --START--
INFO: Run Behavior\BuildLiteBehavior [ RunTime:0.000016s ]
INFO: [ app_init ] --END-- [ RunTime:0.000391s ]
INFO: [ app_begin ] --START--
INFO: Run Behavior\ReadHtmlCacheBehavior [ RunTime:0.000572s ]
INFO: [ app_begin ] --END-- [ RunTime:0.000637s ]
INFO: [ view_parse ] --START--
INFO: [ template_filter ] --START--
INFO: Run Behavior\ContentReplaceBehavior [ RunTime:0.000054s ]
INFO: [ template_filter ] --END-- [ RunTime:0.000106s ]
INFO: Run Behavior\ParseTemplateBehavior [ RunTime:0.005281s ]
INFO: [ view_parse ] --END-- [ RunTime:0.005336s ]
INFO: [ view_filter ] --START--
INFO: Run Behavior\WriteHtmlCacheBehavior [ RunTime:0.000273s ]
INFO: [ view_filter ] --END-- [ RunTime:0.000312s ]
INFO: [ app_end ] --START--
INFO: Run Behavior\ShowPageTraceBehavior [ RunTime:0.000427s ]
INFO: [ app_end ] --END-- [ RunTime:0.000467s ]

[ 2016-10-31T12:58:05+08:00 ] ::1 /jgzf/index.php/Home/Rent/rentRecord.html
INFO: [ app_init ] --START--
INFO: Run Behavior\BuildLiteBehavior [ RunTime:0.000012s ]
INFO: [ app_init ] --END-- [ RunTime:0.000284s ]
INFO: [ app_begin ] --START--
INFO: Run Behavior\ReadHtmlCacheBehavior [ RunTime:0.000461s ]
INFO: [ app_begin ] --END-- [ RunTime:0.000511s ]
SQL: SHOW COLUMNS FROM `person` [ RunTime:0.0127s ]
SQL: SHOW COLUMNS FROM `person_type` [ RunTime:0.0078s ]
SQL: SELECT * FROM `person` WHERE ( card_number = 135951 )  [ RunTime:0.0010s ]
SQL: SELECT * FROM `person_type` WHERE `name` LIKE '校长'  [ RunTime:0.0008s ]
SQL: SHOW COLUMNS FROM `muyecun` [ RunTime:0.0090s ]
SQL: SELECT * FROM `muyecun` WHERE ( card_number = 135951 )  [ RunTime:0.0011s ]
INFO: [ view_parse ] --START--
INFO: [ template_filter ] --START--
INFO: Run Behavior\ContentReplaceBehavior [ RunTime:0.000104s ]
INFO: [ template_filter ] --END-- [ RunTime:0.000238s ]
INFO: Run Behavior\ParseTemplateBehavior [ RunTime:0.011636s ]
INFO: [ view_parse ] --END-- [ RunTime:0.011766s ]
INFO: [ view_filter ] --START--
INFO: Run Behavior\WriteHtmlCacheBehavior [ RunTime:0.000633s ]
INFO: [ view_filter ] --END-- [ RunTime:0.000721s ]
INFO: [ app_end ] --START--
INFO: Run Behavior\ShowPageTraceBehavior [ RunTime:0.000967s ]
INFO: [ app_end ] --END-- [ RunTime:0.001064s ]

[ 2016-10-31T12:58:07+08:00 ] ::1 /jgzf/index.php/Home/Rent/rentPay?card_number=135951
INFO: [ app_init ] --START--
INFO: Run Behavior\BuildLiteBehavior [ RunTime:0.000017s ]
INFO: [ app_init ] --END-- [ RunTime:0.000370s ]
INFO: [ app_begin ] --START--
INFO: Run Behavior\ReadHtmlCacheBehavior [ RunTime:0.000596s ]
INFO: [ app_begin ] --END-- [ RunTime:0.000664s ]
SQL: SHOW COLUMNS FROM `fangzujilu` [ RunTime:0.0125s ]
SQL: SHOW COLUMNS FROM `person` [ RunTime:0.0094s ]
SQL: SHOW COLUMNS FROM `muyecun` [ RunTime:0.0087s ]
SQL: SHOW COLUMNS FROM `xiaoqu` [ RunTime:0.0081s ]
SQL: SHOW COLUMNS FROM `person_type` [ RunTime:0.0062s ]
SQL: SELECT * FROM `muyecun` WHERE ( card_number = 135951 )  [ RunTime:0.0006s ]
SQL: SELECT * FROM `fangzujilu` WHERE ( card_number = 135951 ) ORDER BY id  [ RunTime:0.0007s ]
NOTIC: [8] Use of undefined constant y - assumed 'y' H:\Demo\jgzf\Application\Home\Controller\RentController.class.php 第 370 行.
NOTIC: [8] Undefined variable: data H:\Demo\jgzf\Application\Home\Controller\RentController.class.php 第 451 行.
NOTIC: [2] Invalid argument supplied for foreach() H:\Demo\jgzf\Application\Home\Controller\RentController.class.php 第 451 行.
SQL: SELECT * FROM `fangzujilu` WHERE ( card_number = 135951 ) ORDER BY id desc  [ RunTime:0.0007s ]
SQL: SELECT * FROM `muyecun` WHERE ( card_number = 135951 )  [ RunTime:0.0005s ]
INFO: [ view_parse ] --START--
INFO: [ template_filter ] --START--
INFO: Run Behavior\ContentReplaceBehavior [ RunTime:0.000131s ]
INFO: [ template_filter ] --END-- [ RunTime:0.000239s ]
INFO: Run Behavior\ParseTemplateBehavior [ RunTime:0.017269s ]
INFO: [ view_parse ] --END-- [ RunTime:0.017386s ]
INFO: [ view_filter ] --START--
INFO: Run Behavior\WriteHtmlCacheBehavior [ RunTime:0.000621s ]
INFO: [ view_filter ] --END-- [ RunTime:0.000715s ]
INFO: [ app_end ] --START--
INFO: Run Behavior\ShowPageTraceBehavior [ RunTime:0.001037s ]
INFO: [ app_end ] --END-- [ RunTime:0.001143s ]

[ 2016-10-31T13:02:18+08:00 ] ::1 /jgzf/index.php/Home/Rent/xiaoquModify.html
INFO: [ app_init ] --START--
INFO: Run Behavior\BuildLiteBehavior [ RunTime:0.000016s ]
INFO: [ app_init ] --END-- [ RunTime:0.000366s ]
INFO: [ app_begin ] --START--
INFO: Run Behavior\ReadHtmlCacheBehavior [ RunTime:0.000595s ]
INFO: [ app_begin ] --END-- [ RunTime:0.000660s ]
SQL: SHOW COLUMNS FROM `xiaoqu` [ RunTime:0.0096s ]
SQL: SELECT * FROM `xiaoqu`  [ RunTime:0.0006s ]
INFO: [ view_parse ] --START--
INFO: [ template_filter ] --START--
INFO: Run Behavior\ContentReplaceBehavior [ RunTime:0.000136s ]
INFO: [ template_filter ] --END-- [ RunTime:0.000275s ]
INFO: Run Behavior\ParseTemplateBehavior [ RunTime:0.018493s ]
INFO: [ view_parse ] --END-- [ RunTime:0.018655s ]
INFO: [ view_filter ] --START--
INFO: Run Behavior\WriteHtmlCacheBehavior [ RunTime:0.000727s ]
INFO: [ view_filter ] --END-- [ RunTime:0.000836s ]
INFO: [ app_end ] --START--
INFO: Run Behavior\ShowPageTraceBehavior [ RunTime:0.001310s ]
INFO: [ app_end ] --END-- [ RunTime:0.001429s ]

[ 2016-10-31T13:04:30+08:00 ] ::1 /jgzf/index.php/Home/Rent/right.html
INFO: [ app_init ] --START--
INFO: Run Behavior\BuildLiteBehavior [ RunTime:0.000016s ]
INFO: [ app_init ] --END-- [ RunTime:0.000371s ]
INFO: [ app_begin ] --START--
INFO: Run Behavior\ReadHtmlCacheBehavior [ RunTime:0.000598s ]
INFO: [ app_begin ] --END-- [ RunTime:0.000663s ]
INFO: [ view_parse ] --START--
INFO: [ template_filter ] --START--
INFO: Run Behavior\ContentReplaceBehavior [ RunTime:0.000051s ]
INFO: [ template_filter ] --END-- [ RunTime:0.000117s ]
INFO: Run Behavior\ParseTemplateBehavior [ RunTime:0.005621s ]
INFO: [ view_parse ] --END-- [ RunTime:0.005680s ]
INFO: [ view_filter ] --START--
INFO: Run Behavior\WriteHtmlCacheBehavior [ RunTime:0.000375s ]
INFO: [ view_filter ] --END-- [ RunTime:0.000426s ]
INFO: [ app_end ] --START--
INFO: Run Behavior\ShowPageTraceBehavior [ RunTime:0.000654s ]
INFO: [ app_end ] --END-- [ RunTime:0.000705s ]

[ 2016-10-31T13:04:31+08:00 ] ::1 /jgzf/index.php/Home/Rent/statistics.html
INFO: [ app_init ] --START--
INFO: Run Behavior\BuildLiteBehavior [ RunTime:0.000015s ]
INFO: [ app_init ] --END-- [ RunTime:0.000365s ]
INFO: [ app_begin ] --START--
INFO: Run Behavior\ReadHtmlCacheBehavior [ RunTime:0.000568s ]
INFO: [ app_begin ] --END-- [ RunTime:0.000632s ]
INFO: [ view_parse ] --START--
INFO: [ template_filter ] --START--
INFO: Run Behavior\ContentReplaceBehavior [ RunTime:0.000043s ]
INFO: [ template_filter ] --END-- [ RunTime:0.000094s ]
INFO: Run Behavior\ParseTemplateBehavior [ RunTime:0.004601s ]
INFO: [ view_parse ] --END-- [ RunTime:0.004654s ]
INFO: [ view_filter ] --START--
INFO: Run Behavior\WriteHtmlCacheBehavior [ RunTime:0.000278s ]
INFO: [ view_filter ] --END-- [ RunTime:0.000317s ]
INFO: [ app_end ] --START--
INFO: Run Behavior\ShowPageTraceBehavior [ RunTime:0.000462s ]
INFO: [ app_end ] --END-- [ RunTime:0.000503s ]

